[2025-09-25 11:07:13 +0800] [4379] [INFO] Sanic v23.12.1
2025-09-25 11:07:13,234 - sanic.root - INFO - Sanic v23.12.1
[2025-09-25 11:07:13 +0800] [4379] [INFO] Goin' Fast @ http://0.0.0.0:8700
2025-09-25 11:07:13,234 - sanic.root - INFO - Goin' Fast @ http://0.0.0.0:8700
[2025-09-25 11:07:13 +0800] [4379] [INFO] app: looma_crm
2025-09-25 11:07:13,234 - sanic.root - INFO - app: looma_crm
[2025-09-25 11:07:13 +0800] [4379] [INFO] mode: production, single worker
2025-09-25 11:07:13,234 - sanic.root - INFO - mode: production, single worker
[2025-09-25 11:07:13 +0800] [4379] [INFO] server: sanic, HTTP/1.1
2025-09-25 11:07:13,234 - sanic.root - INFO - server: sanic, HTTP/1.1
[2025-09-25 11:07:13 +0800] [4379] [INFO] python: 3.12.11
2025-09-25 11:07:13,234 - sanic.root - INFO - python: 3.12.11
[2025-09-25 11:07:13 +0800] [4379] [INFO] platform: macOS-15.6.1-arm64-arm-64bit
2025-09-25 11:07:13,234 - sanic.root - INFO - platform: macOS-15.6.1-arm64-arm-64bit
[2025-09-25 11:07:13 +0800] [4379] [INFO] packages: sanic-routing==23.12.0
2025-09-25 11:07:13,234 - sanic.root - INFO - packages: sanic-routing==23.12.0
/Users/szjason72/zervi-basic/looma_crm_ai_refactoring/venv/lib/python3.12/site-packages/sanic/touchup/schemes/ode.py:70: DeprecationWarning: Attribute s is deprecated and will be removed in Python 3.14; use value instead
  if hasattr(event, "s"):
2025-09-25 11:07:13,890 - __mp_main__ - INFO - 正在初始化Looma CRM服务...
2025-09-25 11:07:13,890 - shared.database.unified_data_access - INFO - 正在初始化统一数据访问层...
2025-09-25 11:07:13,890 - shared.database.unified_data_access - INFO - Neo4j连接初始化成功
2025-09-25 11:07:18,931 - shared.database.unified_data_access - WARNING - Weaviate连接初始化失败: Weaviate did not start up in 5 seconds. Either the Weaviate URL http://localhost:8091 is wrong or Weaviate did not start up in the interval given in 'startup_period'.
2025-09-25 11:07:18,940 - shared.database.unified_data_access - INFO - PostgreSQL连接池初始化成功
2025-09-25 11:07:18,940 - shared.database.unified_data_access - INFO - Redis连接初始化成功
2025-09-25 11:07:18,941 - shared.database.unified_data_access - INFO - Elasticsearch连接初始化成功
2025-09-25 11:07:18,951 - shared.database.unified_data_access - INFO - MongoDB连接初始化成功
2025-09-25 11:07:18,951 - shared.database.unified_data_access - INFO - 统一数据访问层初始化完成
2025-09-25 11:07:18,951 - __mp_main__ - INFO - 统一数据访问层初始化完成
2025-09-25 11:07:18,951 - shared.middleware.zervigo_auth_middleware - INFO - Zervigo认证中间件初始化完成
2025-09-25 11:07:18,951 - __mp_main__ - INFO - Zervigo认证中间件初始化完成
2025-09-25 11:07:18,951 - services.zervigo_integration_service - INFO - Zervigo集成服务初始化完成
2025-09-25 11:07:18,951 - __mp_main__ - INFO - Zervigo集成服务初始化完成
2025-09-25 11:07:18,951 - __mp_main__ - INFO - Looma CRM服务初始化完成
[2025-09-25 11:07:18 +0800] [4386] [INFO] Starting worker [4386]
2025-09-25 11:07:18,952 - sanic.server - INFO - Starting worker [4386]
2025-09-25 11:07:49,403 - shared.integration.zervigo_client - ERROR - Request failed: Cannot connect to host localhost:8207 ssl:default [Connection refused]
2025-09-25 11:07:49,403 - shared.integration.zervigo_client - ERROR - Request failed: Cannot connect to host localhost:8206 ssl:default [Connection refused]
2025-09-25 11:07:49,404 - shared.integration.zervigo_client - ERROR - Request failed: Cannot connect to host localhost:8082 ssl:default [Connection refused]
2025-09-25 11:07:49,404 - shared.integration.zervigo_client - ERROR - Request failed: Cannot connect to host localhost:8089 ssl:default [Connection refused]
2025-09-25 11:07:49,405 - shared.integration.zervigo_client - ERROR - Request failed: Cannot connect to host localhost:8083 ssl:default [Connection refused]
2025-09-25 11:07:49,405 - shared.integration.zervigo_client - ERROR - Request failed: Cannot connect to host localhost:8081 ssl:default [Connection refused]
2025-09-25 11:08:03,700 - shared.integration.zervigo_client - ERROR - Request failed: Cannot connect to host localhost:8207 ssl:default [Connection refused]
2025-09-25 11:08:03,702 - shared.integration.zervigo_client - ERROR - Request failed: Cannot connect to host localhost:8206 ssl:default [Connection refused]
2025-09-25 11:08:03,702 - shared.integration.zervigo_client - ERROR - Request failed: Cannot connect to host localhost:8082 ssl:default [Connection refused]
2025-09-25 11:08:03,703 - shared.integration.zervigo_client - ERROR - Request failed: Cannot connect to host localhost:8089 ssl:default [Connection refused]
2025-09-25 11:08:03,703 - shared.integration.zervigo_client - ERROR - Request failed: Cannot connect to host localhost:8083 ssl:default [Connection refused]
2025-09-25 11:08:03,703 - shared.integration.zervigo_client - ERROR - Request failed: Cannot connect to host localhost:8081 ssl:default [Connection refused]
2025-09-25 11:09:33,446 - shared.integration.zervigo_client - ERROR - Request failed: Cannot connect to host localhost:8207 ssl:default [Connection refused]
2025-09-25 11:09:33,446 - shared.integration.zervigo_client - ERROR - Request failed: Cannot connect to host localhost:8206 ssl:default [Connection refused]
2025-09-25 11:09:33,447 - shared.integration.zervigo_client - ERROR - Request failed: Cannot connect to host localhost:8082 ssl:default [Connection refused]
2025-09-25 11:09:33,447 - shared.integration.zervigo_client - ERROR - Request failed: Cannot connect to host localhost:8089 ssl:default [Connection refused]
2025-09-25 11:09:33,447 - shared.integration.zervigo_client - ERROR - Request failed: Cannot connect to host localhost:8083 ssl:default [Connection refused]
2025-09-25 11:09:33,448 - shared.integration.zervigo_client - ERROR - Request failed: Cannot connect to host localhost:8081 ssl:default [Connection refused]
2025-09-25 11:28:25,642 - shared.integration.zervigo_client - ERROR - Request failed: Cannot connect to host localhost:8207 ssl:default [Connection refused]
2025-09-25 11:28:25,642 - shared.integration.zervigo_client - ERROR - Request failed: Cannot connect to host localhost:8206 ssl:default [Connection refused]
2025-09-25 11:28:25,643 - shared.integration.zervigo_client - ERROR - Request failed: Cannot connect to host localhost:8082 ssl:default [Connection refused]
2025-09-25 11:28:25,643 - shared.integration.zervigo_client - ERROR - Request failed: Cannot connect to host localhost:8089 ssl:default [Connection refused]
2025-09-25 11:28:25,643 - shared.integration.zervigo_client - ERROR - Request failed: Cannot connect to host localhost:8083 ssl:default [Connection refused]
2025-09-25 11:28:25,644 - shared.integration.zervigo_client - ERROR - Request failed: Cannot connect to host localhost:8081 ssl:default [Connection refused]
