/Users/szjason72/jobfirst/looma_crm_pro/looma_crm/tracing.py:31: DeprecationWarning: Call to deprecated method __init__. (Since v1.35, the Jaeger supports OTLP natively. Please use the OTLP exporter instead. Support for this exporter will end July 2023.) -- Deprecated since version 1.16.0.
  jaeger_exporter = JaegerExporter(
2025-09-26 21:14:34,837 - tracing - INFO - Jaeger tracing initialized successfully
2025-09-26 21:14:34,837 - __main__ - INFO - Jaeger tracing initialized successfully
[2025-09-26 21:14:34 +0800] [77253] [INFO] Sanic v23.12.1
2025-09-26 21:14:34,847 - sanic.root - INFO - Sanic v23.12.1
[2025-09-26 21:14:34 +0800] [77253] [INFO] Goin' Fast @ http://0.0.0.0:8700
2025-09-26 21:14:34,847 - sanic.root - INFO - Goin' Fast @ http://0.0.0.0:8700
[2025-09-26 21:14:34 +0800] [77253] [INFO] app: looma_crm
2025-09-26 21:14:34,847 - sanic.root - INFO - app: looma_crm
[2025-09-26 21:14:34 +0800] [77253] [INFO] mode: production, single worker
2025-09-26 21:14:34,847 - sanic.root - INFO - mode: production, single worker
[2025-09-26 21:14:34 +0800] [77253] [INFO] server: sanic, HTTP/1.1
2025-09-26 21:14:34,847 - sanic.root - INFO - server: sanic, HTTP/1.1
[2025-09-26 21:14:34 +0800] [77253] [INFO] python: 3.12.11
2025-09-26 21:14:34,847 - sanic.root - INFO - python: 3.12.11
[2025-09-26 21:14:34 +0800] [77253] [INFO] platform: macOS-15.6.1-arm64-arm-64bit
2025-09-26 21:14:34,847 - sanic.root - INFO - platform: macOS-15.6.1-arm64-arm-64bit
[2025-09-26 21:14:34 +0800] [77253] [INFO] packages: sanic-routing==23.12.0
2025-09-26 21:14:34,847 - sanic.root - INFO - packages: sanic-routing==23.12.0
/Users/szjason72/jobfirst/looma_crm_pro/looma_crm/tracing.py:31: DeprecationWarning: Call to deprecated method __init__. (Since v1.35, the Jaeger supports OTLP natively. Please use the OTLP exporter instead. Support for this exporter will end July 2023.) -- Deprecated since version 1.16.0.
  jaeger_exporter = JaegerExporter(
2025-09-26 21:14:35,270 - tracing - INFO - Jaeger tracing initialized successfully
2025-09-26 21:14:35,270 - __mp_main__ - INFO - Jaeger tracing initialized successfully
/Users/szjason72/jobfirst/looma_crm_pro/looma_crm/tracing.py:31: DeprecationWarning: Call to deprecated method __init__. (Since v1.35, the Jaeger supports OTLP natively. Please use the OTLP exporter instead. Support for this exporter will end July 2023.) -- Deprecated since version 1.16.0.
  jaeger_exporter = JaegerExporter(
2025-09-26 21:14:35,693 - tracing - INFO - Jaeger tracing initialized successfully
2025-09-26 21:14:35,693 - __mp_main__ - INFO - Jaeger tracing initialized successfully
/Users/szjason72/zervi-basic/looma_crm_ai_refactoring/venv/lib/python3.12/site-packages/sanic/touchup/schemes/ode.py:70: DeprecationWarning: Attribute s is deprecated and will be removed in Python 3.14; use value instead
  if hasattr(event, "s"):
2025-09-26 21:14:35,711 - __mp_main__ - INFO - 正在初始化Looma CRM服务...
2025-09-26 21:14:35,711 - shared.database.unified_data_access - INFO - 正在初始化统一数据访问层...
2025-09-26 21:14:35,712 - shared.database.unified_data_access - INFO - Neo4j连接初始化成功
