/Users/szjason72/jobfirst/looma_crm_pro/looma_crm/tracing.py:31: DeprecationWarning: Call to deprecated method __init__. (Since v1.35, the Jaeger supports OTLP natively. Please use the OTLP exporter instead. Support for this exporter will end July 2023.) -- Deprecated since version 1.16.0.
  jaeger_exporter = JaegerExporter(
2025-09-26 11:49:45,668 - tracing - INFO - Jaeger tracing initialized successfully
2025-09-26 11:49:45,668 - __main__ - INFO - Jaeger tracing initialized successfully
[2025-09-26 11:49:45 +0800] [2142] [INFO] Sanic v23.12.1
2025-09-26 11:49:45,677 - sanic.root - INFO - Sanic v23.12.1
[2025-09-26 11:49:45 +0800] [2142] [INFO] Goin' Fast @ http://0.0.0.0:8700
2025-09-26 11:49:45,678 - sanic.root - INFO - Goin' Fast @ http://0.0.0.0:8700
[2025-09-26 11:49:45 +0800] [2142] [INFO] app: looma_crm
2025-09-26 11:49:45,678 - sanic.root - INFO - app: looma_crm
[2025-09-26 11:49:45 +0800] [2142] [INFO] mode: production, single worker
2025-09-26 11:49:45,678 - sanic.root - INFO - mode: production, single worker
[2025-09-26 11:49:45 +0800] [2142] [INFO] server: sanic, HTTP/1.1
2025-09-26 11:49:45,678 - sanic.root - INFO - server: sanic, HTTP/1.1
[2025-09-26 11:49:45 +0800] [2142] [INFO] python: 3.12.11
2025-09-26 11:49:45,678 - sanic.root - INFO - python: 3.12.11
[2025-09-26 11:49:45 +0800] [2142] [INFO] platform: macOS-15.6.1-arm64-arm-64bit
2025-09-26 11:49:45,678 - sanic.root - INFO - platform: macOS-15.6.1-arm64-arm-64bit
[2025-09-26 11:49:45 +0800] [2142] [INFO] packages: sanic-routing==23.12.0
2025-09-26 11:49:45,678 - sanic.root - INFO - packages: sanic-routing==23.12.0
/Users/szjason72/jobfirst/looma_crm_pro/looma_crm/tracing.py:31: DeprecationWarning: Call to deprecated method __init__. (Since v1.35, the Jaeger supports OTLP natively. Please use the OTLP exporter instead. Support for this exporter will end July 2023.) -- Deprecated since version 1.16.0.
  jaeger_exporter = JaegerExporter(
2025-09-26 11:49:46,071 - tracing - INFO - Jaeger tracing initialized successfully
2025-09-26 11:49:46,071 - __mp_main__ - INFO - Jaeger tracing initialized successfully
/Users/szjason72/jobfirst/looma_crm_pro/looma_crm/tracing.py:31: DeprecationWarning: Call to deprecated method __init__. (Since v1.35, the Jaeger supports OTLP natively. Please use the OTLP exporter instead. Support for this exporter will end July 2023.) -- Deprecated since version 1.16.0.
  jaeger_exporter = JaegerExporter(
2025-09-26 11:49:46,464 - tracing - INFO - Jaeger tracing initialized successfully
2025-09-26 11:49:46,464 - __mp_main__ - INFO - Jaeger tracing initialized successfully
/Users/szjason72/zervi-basic/looma_crm_ai_refactoring/venv/lib/python3.12/site-packages/sanic/touchup/schemes/ode.py:70: DeprecationWarning: Attribute s is deprecated and will be removed in Python 3.14; use value instead
  if hasattr(event, "s"):
2025-09-26 11:49:46,483 - __mp_main__ - INFO - 正在初始化Looma CRM服务...
2025-09-26 11:49:46,483 - shared.database.unified_data_access - INFO - 正在初始化统一数据访问层...
2025-09-26 11:49:46,483 - shared.database.unified_data_access - INFO - Neo4j连接初始化成功
2025-09-26 11:49:51,469 - opentelemetry.sdk._shared_internal - ERROR - Exception while exporting Span.
Traceback (most recent call last):
  File "/Users/szjason72/zervi-basic/looma_crm_ai_refactoring/venv/lib/python3.12/site-packages/opentelemetry/sdk/_shared_internal/__init__.py", line 179, in _export
    self._exporter.export(
  File "/Users/szjason72/zervi-basic/looma_crm_ai_refactoring/venv/lib/python3.12/site-packages/opentelemetry/exporter/jaeger/thrift/__init__.py", line 225, in export
    self._agent_client.emit(batch)
  File "/Users/szjason72/zervi-basic/looma_crm_ai_refactoring/venv/lib/python3.12/site-packages/opentelemetry/exporter/jaeger/thrift/send.py", line 95, in emit
    udp_socket.sendto(buff, self.address)
OSError: [Errno 40] Message too long
2025-09-26 11:49:51,542 - shared.database.unified_data_access - WARNING - Weaviate连接初始化失败: Weaviate did not start up in 5 seconds. Either the Weaviate URL http://localhost:8091 is wrong or Weaviate did not start up in the interval given in 'startup_period'.
2025-09-26 11:49:51,552 - shared.database.unified_data_access - INFO - PostgreSQL连接池初始化成功
2025-09-26 11:49:51,552 - shared.database.unified_data_access - INFO - Redis连接初始化成功
2025-09-26 11:49:51,552 - shared.database.unified_data_access - INFO - Elasticsearch连接初始化成功
2025-09-26 11:49:51,559 - shared.database.unified_data_access - INFO - MongoDB连接初始化成功
2025-09-26 11:49:51,559 - shared.database.unified_data_access - INFO - 统一数据访问层初始化完成
2025-09-26 11:49:51,559 - __mp_main__ - INFO - 统一数据访问层初始化完成
2025-09-26 11:49:51,559 - shared.middleware.zervigo_auth_middleware - INFO - Zervigo认证中间件初始化完成
2025-09-26 11:49:51,559 - __mp_main__ - INFO - Zervigo认证中间件初始化完成
2025-09-26 11:49:51,559 - services.zervigo_integration_service - INFO - Zervigo集成服务初始化完成
2025-09-26 11:49:51,559 - __mp_main__ - INFO - Zervigo集成服务初始化完成
2025-09-26 11:49:51,559 - __mp_main__ - INFO - Looma CRM服务初始化完成
[2025-09-26 11:49:51 +0800] [2161] [INFO] Starting worker [2161]
2025-09-26 11:49:51,561 - sanic.server - INFO - Starting worker [2161]
2025-09-26 11:49:51,563 - shared.integration.zervigo_client - ERROR - Request failed: Cannot connect to host localhost:8603 ssl:default [Connection refused]
2025-09-26 11:49:51,565 - shared.integration.zervigo_client - ERROR - Request failed: Cannot connect to host localhost:8609 ssl:default [Connection refused]
2025-09-26 11:49:51,565 - shared.integration.zervigo_client - ERROR - Request failed: Cannot connect to host localhost:8604 ssl:default [Connection refused]
2025-09-26 11:49:51,565 - shared.integration.zervigo_client - ERROR - Request failed: Cannot connect to host localhost:8605 ssl:default [Connection refused]
2025-09-26 11:49:51,878 - shared.integration.zervigo_client - ERROR - Request failed: Cannot connect to host localhost:8603 ssl:default [Connection refused]
2025-09-26 11:49:51,880 - shared.integration.zervigo_client - ERROR - Request failed: Cannot connect to host localhost:8609 ssl:default [Connection refused]
2025-09-26 11:49:51,881 - shared.integration.zervigo_client - ERROR - Request failed: Cannot connect to host localhost:8604 ssl:default [Connection refused]
2025-09-26 11:49:51,882 - shared.integration.zervigo_client - ERROR - Request failed: Cannot connect to host localhost:8605 ssl:default [Connection refused]
2025-09-26 11:50:01,638 - shared.integration.zervigo_client - ERROR - Request failed: Cannot connect to host localhost:8603 ssl:default [Connection refused]
2025-09-26 11:50:01,639 - shared.integration.zervigo_client - ERROR - Request failed: Cannot connect to host localhost:8609 ssl:default [Connection refused]
2025-09-26 11:50:01,640 - shared.integration.zervigo_client - ERROR - Request failed: Cannot connect to host localhost:8604 ssl:default [Connection refused]
2025-09-26 11:50:01,640 - shared.integration.zervigo_client - ERROR - Request failed: Cannot connect to host localhost:8605 ssl:default [Connection refused]
2025-09-26 11:50:01,894 - shared.integration.zervigo_client - ERROR - Request failed: Cannot connect to host localhost:8603 ssl:default [Connection refused]
2025-09-26 11:50:01,900 - shared.integration.zervigo_client - ERROR - Request failed: Cannot connect to host localhost:8609 ssl:default [Connection refused]
2025-09-26 11:50:01,901 - shared.integration.zervigo_client - ERROR - Request failed: Cannot connect to host localhost:8604 ssl:default [Connection refused]
2025-09-26 11:50:01,901 - shared.integration.zervigo_client - ERROR - Request failed: Cannot connect to host localhost:8605 ssl:default [Connection refused]
2025-09-26 11:50:06,687 - shared.integration.zervigo_client - ERROR - Request failed: Cannot connect to host localhost:8603 ssl:default [Connection refused]
2025-09-26 11:50:06,689 - shared.integration.zervigo_client - ERROR - Request failed: Cannot connect to host localhost:8609 ssl:default [Connection refused]
2025-09-26 11:50:06,689 - shared.integration.zervigo_client - ERROR - Request failed: Cannot connect to host localhost:8604 ssl:default [Connection refused]
2025-09-26 11:50:06,690 - shared.integration.zervigo_client - ERROR - Request failed: Cannot connect to host localhost:8605 ssl:default [Connection refused]
2025-09-26 11:50:11,908 - shared.integration.zervigo_client - ERROR - Request failed: Cannot connect to host localhost:8603 ssl:default [Connection refused]
2025-09-26 11:50:11,910 - shared.integration.zervigo_client - ERROR - Request failed: Cannot connect to host localhost:8609 ssl:default [Connection refused]
2025-09-26 11:50:11,911 - shared.integration.zervigo_client - ERROR - Request failed: Cannot connect to host localhost:8604 ssl:default [Connection refused]
2025-09-26 11:50:11,912 - shared.integration.zervigo_client - ERROR - Request failed: Cannot connect to host localhost:8605 ssl:default [Connection refused]
2025-09-26 11:50:21,915 - shared.integration.zervigo_client - ERROR - Request failed: Cannot connect to host localhost:8603 ssl:default [Connection refused]
2025-09-26 11:50:21,917 - shared.integration.zervigo_client - ERROR - Request failed: Cannot connect to host localhost:8609 ssl:default [Connection refused]
2025-09-26 11:50:21,917 - shared.integration.zervigo_client - ERROR - Request failed: Cannot connect to host localhost:8604 ssl:default [Connection refused]
2025-09-26 11:50:21,918 - shared.integration.zervigo_client - ERROR - Request failed: Cannot connect to host localhost:8605 ssl:default [Connection refused]
2025-09-26 11:50:31,923 - shared.integration.zervigo_client - ERROR - Request failed: Cannot connect to host localhost:8603 ssl:default [Connection refused]
2025-09-26 11:50:31,926 - shared.integration.zervigo_client - ERROR - Request failed: Cannot connect to host localhost:8609 ssl:default [Connection refused]
2025-09-26 11:50:31,926 - shared.integration.zervigo_client - ERROR - Request failed: Cannot connect to host localhost:8604 ssl:default [Connection refused]
2025-09-26 11:50:31,927 - shared.integration.zervigo_client - ERROR - Request failed: Cannot connect to host localhost:8605 ssl:default [Connection refused]
2025-09-26 11:50:41,932 - shared.integration.zervigo_client - ERROR - Request failed: Cannot connect to host localhost:8603 ssl:default [Connection refused]
2025-09-26 11:50:41,934 - shared.integration.zervigo_client - ERROR - Request failed: Cannot connect to host localhost:8609 ssl:default [Connection refused]
2025-09-26 11:50:41,935 - shared.integration.zervigo_client - ERROR - Request failed: Cannot connect to host localhost:8604 ssl:default [Connection refused]
2025-09-26 11:50:41,935 - shared.integration.zervigo_client - ERROR - Request failed: Cannot connect to host localhost:8605 ssl:default [Connection refused]
2025-09-26 11:50:51,942 - shared.integration.zervigo_client - ERROR - Request failed: Cannot connect to host localhost:8603 ssl:default [Connection refused]
2025-09-26 11:50:51,944 - shared.integration.zervigo_client - ERROR - Request failed: Cannot connect to host localhost:8609 ssl:default [Connection refused]
2025-09-26 11:50:51,945 - shared.integration.zervigo_client - ERROR - Request failed: Cannot connect to host localhost:8604 ssl:default [Connection refused]
2025-09-26 11:50:51,946 - shared.integration.zervigo_client - ERROR - Request failed: Cannot connect to host localhost:8605 ssl:default [Connection refused]
[2025-09-26 11:50:52 +0800] [2142] [INFO] Received signal SIGTERM. Shutting down.
2025-09-26 11:50:52,555 - sanic.root - INFO - Received signal SIGTERM. Shutting down.
[2025-09-26 11:50:52 +0800] [2161] [INFO] Stopping worker [2161]
2025-09-26 11:50:52,556 - sanic.server - INFO - Stopping worker [2161]
2025-09-26 11:50:52,557 - __mp_main__ - INFO - 正在清理Looma CRM服务...
2025-09-26 11:50:52,561 - shared.database.unified_data_access - INFO - 所有数据库连接已关闭
2025-09-26 11:50:52,561 - __mp_main__ - INFO - Looma CRM服务清理完成
[2025-09-26 11:50:52 +0800] [2161] [INFO] Worker complete [2161]
2025-09-26 11:50:52,561 - sanic.server - INFO - Worker complete [2161]
[2025-09-26 11:50:53 +0800] [2142] [INFO] Server Stopped
2025-09-26 11:50:53,178 - sanic.root - INFO - Server Stopped
