/Users/szjason72/jobfirst/looma_crm_pro/looma_crm/tracing.py:31: DeprecationWarning: Call to deprecated method __init__. (Since v1.35, the Jaeger supports OTLP natively. Please use the OTLP exporter instead. Support for this exporter will end July 2023.) -- Deprecated since version 1.16.0.
  jaeger_exporter = JaegerExporter(
2025-09-26 21:14:46,165 - tracing - INFO - Jaeger tracing initialized successfully
2025-09-26 21:14:46,165 - __main__ - INFO - Jaeger tracing initialized successfully
[2025-09-26 21:14:46 +0800] [77452] [INFO] Sanic v23.12.1
2025-09-26 21:14:46,174 - sanic.root - INFO - Sanic v23.12.1
[2025-09-26 21:14:46 +0800] [77452] [INFO] Goin' Fast @ http://0.0.0.0:8700
2025-09-26 21:14:46,175 - sanic.root - INFO - Goin' Fast @ http://0.0.0.0:8700
[2025-09-26 21:14:46 +0800] [77452] [INFO] app: looma_crm
2025-09-26 21:14:46,175 - sanic.root - INFO - app: looma_crm
[2025-09-26 21:14:46 +0800] [77452] [INFO] mode: production, single worker
2025-09-26 21:14:46,175 - sanic.root - INFO - mode: production, single worker
[2025-09-26 21:14:46 +0800] [77452] [INFO] server: sanic, HTTP/1.1
2025-09-26 21:14:46,175 - sanic.root - INFO - server: sanic, HTTP/1.1
[2025-09-26 21:14:46 +0800] [77452] [INFO] python: 3.12.11
2025-09-26 21:14:46,175 - sanic.root - INFO - python: 3.12.11
[2025-09-26 21:14:46 +0800] [77452] [INFO] platform: macOS-15.6.1-arm64-arm-64bit
2025-09-26 21:14:46,175 - sanic.root - INFO - platform: macOS-15.6.1-arm64-arm-64bit
[2025-09-26 21:14:46 +0800] [77452] [INFO] packages: sanic-routing==23.12.0
2025-09-26 21:14:46,175 - sanic.root - INFO - packages: sanic-routing==23.12.0
/Users/szjason72/jobfirst/looma_crm_pro/looma_crm/tracing.py:31: DeprecationWarning: Call to deprecated method __init__. (Since v1.35, the Jaeger supports OTLP natively. Please use the OTLP exporter instead. Support for this exporter will end July 2023.) -- Deprecated since version 1.16.0.
  jaeger_exporter = JaegerExporter(
2025-09-26 21:14:46,580 - tracing - INFO - Jaeger tracing initialized successfully
2025-09-26 21:14:46,580 - __mp_main__ - INFO - Jaeger tracing initialized successfully
/Users/szjason72/jobfirst/looma_crm_pro/looma_crm/tracing.py:31: DeprecationWarning: Call to deprecated method __init__. (Since v1.35, the Jaeger supports OTLP natively. Please use the OTLP exporter instead. Support for this exporter will end July 2023.) -- Deprecated since version 1.16.0.
  jaeger_exporter = JaegerExporter(
2025-09-26 21:14:47,010 - tracing - INFO - Jaeger tracing initialized successfully
2025-09-26 21:14:47,010 - __mp_main__ - INFO - Jaeger tracing initialized successfully
/Users/szjason72/zervi-basic/looma_crm_ai_refactoring/venv/lib/python3.12/site-packages/sanic/touchup/schemes/ode.py:70: DeprecationWarning: Attribute s is deprecated and will be removed in Python 3.14; use value instead
  if hasattr(event, "s"):
2025-09-26 21:14:47,029 - __mp_main__ - INFO - 正在初始化Looma CRM服务...
2025-09-26 21:14:47,029 - shared.database.unified_data_access - INFO - 正在初始化统一数据访问层...
2025-09-26 21:14:47,029 - shared.database.unified_data_access - INFO - Neo4j连接初始化成功
2025-09-26 21:14:52,017 - opentelemetry.sdk._shared_internal - ERROR - Exception while exporting Span.
Traceback (most recent call last):
  File "/Users/szjason72/zervi-basic/looma_crm_ai_refactoring/venv/lib/python3.12/site-packages/opentelemetry/sdk/_shared_internal/__init__.py", line 179, in _export
    self._exporter.export(
  File "/Users/szjason72/zervi-basic/looma_crm_ai_refactoring/venv/lib/python3.12/site-packages/opentelemetry/exporter/jaeger/thrift/__init__.py", line 225, in export
    self._agent_client.emit(batch)
  File "/Users/szjason72/zervi-basic/looma_crm_ai_refactoring/venv/lib/python3.12/site-packages/opentelemetry/exporter/jaeger/thrift/send.py", line 95, in emit
    udp_socket.sendto(buff, self.address)
OSError: [Errno 40] Message too long
2025-09-26 21:14:52,088 - shared.database.unified_data_access - WARNING - Weaviate连接初始化失败: Weaviate did not start up in 5 seconds. Either the Weaviate URL http://localhost:8091 is wrong or Weaviate did not start up in the interval given in 'startup_period'.
2025-09-26 21:14:52,101 - shared.database.unified_data_access - INFO - PostgreSQL连接池初始化成功
2025-09-26 21:14:52,101 - shared.database.unified_data_access - INFO - Redis连接初始化成功
2025-09-26 21:14:52,102 - shared.database.unified_data_access - INFO - Elasticsearch连接初始化成功
2025-09-26 21:14:52,111 - shared.database.unified_data_access - INFO - MongoDB连接初始化成功
2025-09-26 21:14:52,111 - shared.database.unified_data_access - INFO - 统一数据访问层初始化完成
2025-09-26 21:14:52,111 - __mp_main__ - INFO - 统一数据访问层初始化完成
2025-09-26 21:14:52,111 - shared.middleware.zervigo_auth_middleware - INFO - Zervigo认证中间件初始化完成
2025-09-26 21:14:52,111 - __mp_main__ - INFO - Zervigo认证中间件初始化完成
2025-09-26 21:14:52,111 - services.zervigo_integration_service - INFO - Zervigo集成服务初始化完成
2025-09-26 21:14:52,112 - __mp_main__ - INFO - Zervigo集成服务初始化完成
2025-09-26 21:14:52,112 - __mp_main__ - INFO - Looma CRM服务初始化完成
[2025-09-26 21:14:52 +0800] [77470] [INFO] Starting worker [77470]
2025-09-26 21:14:52,113 - sanic.server - INFO - Starting worker [77470]
