/Users/szjason72/jobfirst-future/looma_crm_future/looma_crm/tracing.py:31: DeprecationWarning: Call to deprecated method __init__. (Since v1.35, the Jaeger supports OTLP natively. Please use the OTLP exporter instead. Support for this exporter will end July 2023.) -- Deprecated since version 1.16.0.
  jaeger_exporter = JaegerExporter(
2025-09-27 16:08:28,620 - tracing - INFO - Jaeger tracing initialized successfully
2025-09-27 16:08:28,621 - __main__ - INFO - Jaeger tracing initialized successfully
[2025-09-27 16:08:28 +0800] [42401] [INFO] Sanic v23.12.1
2025-09-27 16:08:28,634 - sanic.root - INFO - Sanic v23.12.1
[2025-09-27 16:08:28 +0800] [42401] [INFO] Goin' Fast @ http://0.0.0.0:7500
2025-09-27 16:08:28,634 - sanic.root - INFO - Goin' Fast @ http://0.0.0.0:7500
[2025-09-27 16:08:28 +0800] [42401] [INFO] app: looma_crm
2025-09-27 16:08:28,634 - sanic.root - INFO - app: looma_crm
[2025-09-27 16:08:28 +0800] [42401] [INFO] mode: production, single worker
2025-09-27 16:08:28,634 - sanic.root - INFO - mode: production, single worker
[2025-09-27 16:08:28 +0800] [42401] [INFO] server: sanic, HTTP/1.1
2025-09-27 16:08:28,634 - sanic.root - INFO - server: sanic, HTTP/1.1
[2025-09-27 16:08:28 +0800] [42401] [INFO] python: 3.12.11
2025-09-27 16:08:28,634 - sanic.root - INFO - python: 3.12.11
[2025-09-27 16:08:28 +0800] [42401] [INFO] platform: macOS-15.6.1-arm64-arm-64bit
2025-09-27 16:08:28,634 - sanic.root - INFO - platform: macOS-15.6.1-arm64-arm-64bit
[2025-09-27 16:08:28 +0800] [42401] [INFO] packages: sanic-routing==23.12.0
2025-09-27 16:08:28,634 - sanic.root - INFO - packages: sanic-routing==23.12.0
/Users/szjason72/jobfirst-future/looma_crm_future/looma_crm/tracing.py:31: DeprecationWarning: Call to deprecated method __init__. (Since v1.35, the Jaeger supports OTLP natively. Please use the OTLP exporter instead. Support for this exporter will end July 2023.) -- Deprecated since version 1.16.0.
  jaeger_exporter = JaegerExporter(
2025-09-27 16:08:29,075 - tracing - INFO - Jaeger tracing initialized successfully
2025-09-27 16:08:29,075 - __mp_main__ - INFO - Jaeger tracing initialized successfully
/Users/szjason72/jobfirst-future/looma_crm_future/looma_crm/tracing.py:31: DeprecationWarning: Call to deprecated method __init__. (Since v1.35, the Jaeger supports OTLP natively. Please use the OTLP exporter instead. Support for this exporter will end July 2023.) -- Deprecated since version 1.16.0.
  jaeger_exporter = JaegerExporter(
2025-09-27 16:08:29,598 - tracing - INFO - Jaeger tracing initialized successfully
2025-09-27 16:08:29,598 - __mp_main__ - INFO - Jaeger tracing initialized successfully
/Users/szjason72/zervi-basic/looma_crm_ai_refactoring/venv/lib/python3.12/site-packages/sanic/touchup/schemes/ode.py:70: DeprecationWarning: Attribute s is deprecated and will be removed in Python 3.14; use value instead
  if hasattr(event, "s"):
2025-09-27 16:08:29,619 - __mp_main__ - INFO - 正在初始化Looma CRM服务...
2025-09-27 16:08:29,619 - shared.database.unified_data_access - INFO - 正在初始化统一数据访问层...
2025-09-27 16:08:29,619 - shared.database.unified_data_access - INFO - Neo4j连接初始化成功
2025-09-27 16:08:29,805 - shared.database.unified_data_access - INFO - Weaviate连接初始化成功
2025-09-27 16:08:29,815 - shared.database.unified_data_access - INFO - PostgreSQL连接池初始化成功
2025-09-27 16:08:29,816 - shared.database.unified_data_access - INFO - Redis连接初始化成功
2025-09-27 16:08:29,816 - shared.database.unified_data_access - INFO - Elasticsearch连接初始化成功
2025-09-27 16:08:29,828 - shared.database.unified_data_access - INFO - MongoDB连接初始化成功
2025-09-27 16:08:29,828 - shared.database.unified_data_access - INFO - 统一数据访问层初始化完成
2025-09-27 16:08:29,828 - __mp_main__ - INFO - 统一数据访问层初始化完成
2025-09-27 16:08:29,828 - shared.middleware.zervigo_auth_middleware - INFO - Zervigo认证中间件初始化完成
2025-09-27 16:08:29,828 - __mp_main__ - INFO - Zervigo认证中间件初始化完成
2025-09-27 16:08:29,828 - services.zervigo_integration_service - INFO - Zervigo集成服务初始化完成
2025-09-27 16:08:29,828 - __mp_main__ - INFO - Zervigo集成服务初始化完成
2025-09-27 16:08:29,828 - __mp_main__ - INFO - Looma CRM服务初始化完成
[2025-09-27 16:08:29 +0800] [42414] [INFO] Starting worker [42414]
2025-09-27 16:08:29,830 - sanic.server - INFO - Starting worker [42414]
[2025-09-27 16:41:50 +0800] [42414] [INFO] Stopping worker [42414]
2025-09-27 16:41:50,808 - sanic.server - INFO - Stopping worker [42414]
[2025-09-27 16:41:50 +0800] [42401] [INFO] Received signal SIGTERM. Shutting down.
2025-09-27 16:41:50,808 - sanic.root - INFO - Received signal SIGTERM. Shutting down.
2025-09-27 16:41:50,810 - __mp_main__ - INFO - 正在清理Looma CRM服务...
2025-09-27 16:41:50,813 - shared.database.unified_data_access - INFO - 所有数据库连接已关闭
2025-09-27 16:41:50,813 - __mp_main__ - INFO - Looma CRM服务清理完成
[2025-09-27 16:41:50 +0800] [42414] [INFO] Worker complete [42414]
2025-09-27 16:41:50,814 - sanic.server - INFO - Worker complete [42414]
[2025-09-27 16:41:51 +0800] [42401] [INFO] Server Stopped
2025-09-27 16:41:51,534 - sanic.root - INFO - Server Stopped
