/Users/szjason72/jobfirst-future/looma_crm_future/looma_crm/tracing.py:31: DeprecationWarning: Call to deprecated method __init__. (Since v1.35, the Jaeger supports OTLP natively. Please use the OTLP exporter instead. Support for this exporter will end July 2023.) -- Deprecated since version 1.16.0.
  jaeger_exporter = JaegerExporter(
2025-09-28 11:23:02,579 - tracing - INFO - Jaeger tracing initialized successfully
2025-09-28 11:23:02,580 - __main__ - INFO - Jaeger tracing initialized successfully
[2025-09-28 11:23:02 +0800] [85895] [INFO] Sanic v23.12.1
2025-09-28 11:23:02,590 - sanic.root - INFO - Sanic v23.12.1
[2025-09-28 11:23:02 +0800] [85895] [INFO] Goin' Fast @ http://0.0.0.0:7500
2025-09-28 11:23:02,590 - sanic.root - INFO - Goin' Fast @ http://0.0.0.0:7500
[2025-09-28 11:23:02 +0800] [85895] [INFO] app: looma_crm
2025-09-28 11:23:02,590 - sanic.root - INFO - app: looma_crm
[2025-09-28 11:23:02 +0800] [85895] [INFO] mode: production, single worker
2025-09-28 11:23:02,590 - sanic.root - INFO - mode: production, single worker
[2025-09-28 11:23:02 +0800] [85895] [INFO] server: sanic, HTTP/1.1
2025-09-28 11:23:02,590 - sanic.root - INFO - server: sanic, HTTP/1.1
[2025-09-28 11:23:02 +0800] [85895] [INFO] python: 3.12.11
2025-09-28 11:23:02,591 - sanic.root - INFO - python: 3.12.11
[2025-09-28 11:23:02 +0800] [85895] [INFO] platform: macOS-15.6.1-arm64-arm-64bit
2025-09-28 11:23:02,591 - sanic.root - INFO - platform: macOS-15.6.1-arm64-arm-64bit
[2025-09-28 11:23:02 +0800] [85895] [INFO] packages: sanic-routing==23.12.0
2025-09-28 11:23:02,591 - sanic.root - INFO - packages: sanic-routing==23.12.0
/Users/szjason72/jobfirst-future/looma_crm_future/looma_crm/tracing.py:31: DeprecationWarning: Call to deprecated method __init__. (Since v1.35, the Jaeger supports OTLP natively. Please use the OTLP exporter instead. Support for this exporter will end July 2023.) -- Deprecated since version 1.16.0.
  jaeger_exporter = JaegerExporter(
2025-09-28 11:23:03,026 - tracing - INFO - Jaeger tracing initialized successfully
2025-09-28 11:23:03,026 - __mp_main__ - INFO - Jaeger tracing initialized successfully
/Users/szjason72/jobfirst-future/looma_crm_future/looma_crm/tracing.py:31: DeprecationWarning: Call to deprecated method __init__. (Since v1.35, the Jaeger supports OTLP natively. Please use the OTLP exporter instead. Support for this exporter will end July 2023.) -- Deprecated since version 1.16.0.
  jaeger_exporter = JaegerExporter(
2025-09-28 11:23:03,484 - tracing - INFO - Jaeger tracing initialized successfully
2025-09-28 11:23:03,484 - __mp_main__ - INFO - Jaeger tracing initialized successfully
/Users/szjason72/zervi-basic/looma_crm_ai_refactoring/venv/lib/python3.12/site-packages/sanic/touchup/schemes/ode.py:70: DeprecationWarning: Attribute s is deprecated and will be removed in Python 3.14; use value instead
  if hasattr(event, "s"):
2025-09-28 11:23:03,505 - __mp_main__ - INFO - 正在初始化Looma CRM服务...
2025-09-28 11:23:03,505 - shared.database.unified_data_access - INFO - 正在初始化统一数据访问层...
2025-09-28 11:23:03,505 - shared.database.unified_data_access - INFO - Neo4j连接初始化成功
2025-09-28 11:23:08,490 - opentelemetry.sdk._shared_internal - ERROR - Exception while exporting Span.
Traceback (most recent call last):
  File "/Users/szjason72/zervi-basic/looma_crm_ai_refactoring/venv/lib/python3.12/site-packages/opentelemetry/sdk/_shared_internal/__init__.py", line 179, in _export
    self._exporter.export(
  File "/Users/szjason72/zervi-basic/looma_crm_ai_refactoring/venv/lib/python3.12/site-packages/opentelemetry/exporter/jaeger/thrift/__init__.py", line 225, in export
    self._agent_client.emit(batch)
  File "/Users/szjason72/zervi-basic/looma_crm_ai_refactoring/venv/lib/python3.12/site-packages/opentelemetry/exporter/jaeger/thrift/send.py", line 95, in emit
    udp_socket.sendto(buff, self.address)
OSError: [Errno 40] Message too long
2025-09-28 11:23:08,548 - shared.database.unified_data_access - WARNING - Weaviate连接初始化失败: Weaviate did not start up in 5 seconds. Either the Weaviate URL http://localhost:8091 is wrong or Weaviate did not start up in the interval given in 'startup_period'.
2025-09-28 11:23:08,555 - shared.database.unified_data_access - INFO - PostgreSQL连接池初始化成功
2025-09-28 11:23:08,555 - shared.database.unified_data_access - INFO - Redis连接初始化成功
2025-09-28 11:23:08,556 - shared.database.unified_data_access - INFO - Elasticsearch连接初始化成功
2025-09-28 11:23:08,563 - shared.database.unified_data_access - INFO - MongoDB连接初始化成功
2025-09-28 11:23:08,563 - shared.database.unified_data_access - INFO - 统一数据访问层初始化完成
2025-09-28 11:23:08,563 - __mp_main__ - INFO - 统一数据访问层初始化完成
2025-09-28 11:23:08,563 - shared.middleware.zervigo_auth_middleware - INFO - Zervigo认证中间件初始化完成
2025-09-28 11:23:08,563 - __mp_main__ - INFO - Zervigo认证中间件初始化完成
2025-09-28 11:23:08,563 - services.zervigo_integration_service - INFO - Zervigo集成服务初始化完成
2025-09-28 11:23:08,563 - __mp_main__ - INFO - Zervigo集成服务初始化完成
2025-09-28 11:23:08,563 - __mp_main__ - INFO - Looma CRM服务初始化完成
[2025-09-28 11:23:08 +0800] [85927] [INFO] Starting worker [85927]
2025-09-28 11:23:08,565 - sanic.server - INFO - Starting worker [85927]
2025-09-28 11:23:08,565 - shared.integration.zervigo_client - ERROR - Request failed: Cannot connect to host localhost:7520 ssl:default [Connection refused]
2025-09-28 11:23:08,566 - shared.integration.zervigo_client - ERROR - Request failed: Cannot connect to host localhost:7540 ssl:default [Connection refused]
2025-09-28 11:23:08,567 - shared.integration.zervigo_client - ERROR - Request failed: Cannot connect to host localhost:7532 ssl:default [Connection refused]
2025-09-28 11:23:08,567 - shared.integration.zervigo_client - ERROR - Request failed: Cannot connect to host localhost:7539 ssl:default [Connection refused]
2025-09-28 11:23:08,568 - shared.integration.zervigo_client - ERROR - Request failed: Cannot connect to host localhost:7534 ssl:default [Connection refused]
2025-09-28 11:23:08,568 - shared.integration.zervigo_client - ERROR - Request failed: Cannot connect to host localhost:7530 ssl:default [Connection refused]
2025-09-28 11:25:43,532 - shared.integration.zervigo_client - ERROR - Request failed: Cannot connect to host localhost:7520 ssl:default [Connection refused]
2025-09-28 11:25:43,533 - shared.integration.zervigo_client - ERROR - Request failed: Cannot connect to host localhost:7540 ssl:default [Connection refused]
2025-09-28 11:25:43,537 - shared.integration.zervigo_client - ERROR - Request failed: Cannot connect to host localhost:7534 ssl:default [Connection refused]
2025-09-28 11:26:13,826 - shared.integration.zervigo_client - ERROR - Request failed: Cannot connect to host localhost:7520 ssl:default [Connection refused]
2025-09-28 11:26:13,827 - shared.integration.zervigo_client - ERROR - Request failed: Cannot connect to host localhost:7540 ssl:default [Connection refused]
2025-09-28 11:26:13,829 - shared.integration.zervigo_client - ERROR - Request failed: Cannot connect to host localhost:7534 ssl:default [Connection refused]
2025-09-28 13:55:45,693 - shared.integration.zervigo_client - ERROR - Request failed: Cannot connect to host localhost:7520 ssl:default [Connection refused]
2025-09-28 13:55:45,694 - shared.integration.zervigo_client - ERROR - Request failed: Cannot connect to host localhost:7540 ssl:default [Connection refused]
2025-09-28 13:55:45,696 - shared.integration.zervigo_client - ERROR - Request failed: Cannot connect to host localhost:7534 ssl:default [Connection refused]
2025-09-28 13:59:59,185 - shared.integration.zervigo_client - ERROR - Request failed: Cannot connect to host localhost:7520 ssl:default [Connection refused]
2025-09-28 13:59:59,186 - shared.integration.zervigo_client - ERROR - Request failed: Cannot connect to host localhost:7540 ssl:default [Connection refused]
2025-09-28 13:59:59,188 - shared.integration.zervigo_client - ERROR - Request failed: Cannot connect to host localhost:7534 ssl:default [Connection refused]
2025-09-28 14:09:53,517 - shared.integration.zervigo_client - ERROR - Request failed: Cannot connect to host localhost:7520 ssl:default [Connection refused]
2025-09-28 14:09:53,517 - shared.integration.zervigo_client - ERROR - Request failed: Cannot connect to host localhost:7540 ssl:default [Connection refused]
2025-09-28 14:09:53,519 - shared.integration.zervigo_client - ERROR - Request failed: Cannot connect to host localhost:7534 ssl:default [Connection refused]
2025-09-28 15:27:34,375 - shared.integration.zervigo_client - ERROR - Request failed: Cannot connect to host localhost:7520 ssl:default [Connection refused]
2025-09-28 15:27:34,376 - shared.integration.zervigo_client - ERROR - Request failed: Cannot connect to host localhost:7540 ssl:default [Connection refused]
2025-09-28 15:27:34,378 - shared.integration.zervigo_client - ERROR - Request failed: Cannot connect to host localhost:7534 ssl:default [Connection refused]
2025-09-28 15:40:48,944 - shared.integration.zervigo_client - ERROR - Request failed: Cannot connect to host localhost:7520 ssl:default [Connection refused]
2025-09-28 15:40:48,944 - shared.integration.zervigo_client - ERROR - Request failed: Cannot connect to host localhost:7540 ssl:default [Connection refused]
2025-09-28 15:40:48,946 - shared.integration.zervigo_client - ERROR - Request failed: Cannot connect to host localhost:7534 ssl:default [Connection refused]
2025-09-28 16:07:52,015 - shared.integration.zervigo_client - ERROR - Request failed: Cannot connect to host localhost:7520 ssl:default [Connection refused]
2025-09-28 16:07:52,016 - shared.integration.zervigo_client - ERROR - Request failed: Cannot connect to host localhost:7540 ssl:default [Connection refused]
2025-09-28 16:07:52,019 - shared.integration.zervigo_client - ERROR - Request failed: Cannot connect to host localhost:7534 ssl:default [Connection refused]
2025-09-28 16:23:58,160 - shared.integration.zervigo_client - ERROR - Request failed: Cannot connect to host localhost:7540 ssl:default [Connection refused]
2025-09-28 16:23:58,162 - shared.integration.zervigo_client - ERROR - Request failed: Cannot connect to host localhost:7534 ssl:default [Connection refused]
2025-09-28 16:28:48,583 - shared.integration.zervigo_client - ERROR - Request failed: Cannot connect to host localhost:7540 ssl:default [Connection refused]
2025-09-28 16:28:48,585 - shared.integration.zervigo_client - ERROR - Request failed: Cannot connect to host localhost:7534 ssl:default [Connection refused]
2025-09-28 16:36:02,840 - shared.integration.zervigo_client - ERROR - Request failed: Cannot connect to host localhost:7540 ssl:default [Connection refused]
2025-09-28 16:36:02,842 - shared.integration.zervigo_client - ERROR - Request failed: Cannot connect to host localhost:7534 ssl:default [Connection refused]
