/Users/szjason72/jobfirst-future/looma_crm_future/looma_crm/tracing.py:31: DeprecationWarning: Call to deprecated method __init__. (Since v1.35, the Jaeger supports OTLP natively. Please use the OTLP exporter instead. Support for this exporter will end July 2023.) -- Deprecated since version 1.16.0.
  jaeger_exporter = JaegerExporter(
2025-09-27 11:03:54,971 - tracing - INFO - Jaeger tracing initialized successfully
2025-09-27 11:03:54,971 - __main__ - INFO - Jaeger tracing initialized successfully
[2025-09-27 11:03:54 +0800] [42288] [INFO] Sanic v23.12.1
2025-09-27 11:03:54,986 - sanic.root - INFO - Sanic v23.12.1
[2025-09-27 11:03:54 +0800] [42288] [INFO] Goin' Fast @ http://0.0.0.0:7500
2025-09-27 11:03:54,986 - sanic.root - INFO - Goin' Fast @ http://0.0.0.0:7500
[2025-09-27 11:03:54 +0800] [42288] [INFO] app: looma_crm
2025-09-27 11:03:54,986 - sanic.root - INFO - app: looma_crm
[2025-09-27 11:03:54 +0800] [42288] [INFO] mode: production, single worker
2025-09-27 11:03:54,986 - sanic.root - INFO - mode: production, single worker
[2025-09-27 11:03:54 +0800] [42288] [INFO] server: sanic, HTTP/1.1
2025-09-27 11:03:54,986 - sanic.root - INFO - server: sanic, HTTP/1.1
[2025-09-27 11:03:54 +0800] [42288] [INFO] python: 3.12.11
2025-09-27 11:03:54,986 - sanic.root - INFO - python: 3.12.11
[2025-09-27 11:03:54 +0800] [42288] [INFO] platform: macOS-15.6.1-arm64-arm-64bit
2025-09-27 11:03:54,986 - sanic.root - INFO - platform: macOS-15.6.1-arm64-arm-64bit
[2025-09-27 11:03:54 +0800] [42288] [INFO] packages: sanic-routing==23.12.0
2025-09-27 11:03:54,986 - sanic.root - INFO - packages: sanic-routing==23.12.0
/Users/szjason72/jobfirst-future/looma_crm_future/looma_crm/tracing.py:31: DeprecationWarning: Call to deprecated method __init__. (Since v1.35, the Jaeger supports OTLP natively. Please use the OTLP exporter instead. Support for this exporter will end July 2023.) -- Deprecated since version 1.16.0.
  jaeger_exporter = JaegerExporter(
2025-09-27 11:03:55,461 - tracing - INFO - Jaeger tracing initialized successfully
2025-09-27 11:03:55,461 - __mp_main__ - INFO - Jaeger tracing initialized successfully
/Users/szjason72/jobfirst-future/looma_crm_future/looma_crm/tracing.py:31: DeprecationWarning: Call to deprecated method __init__. (Since v1.35, the Jaeger supports OTLP natively. Please use the OTLP exporter instead. Support for this exporter will end July 2023.) -- Deprecated since version 1.16.0.
  jaeger_exporter = JaegerExporter(
2025-09-27 11:03:55,890 - tracing - INFO - Jaeger tracing initialized successfully
2025-09-27 11:03:55,890 - __mp_main__ - INFO - Jaeger tracing initialized successfully
/Users/szjason72/zervi-basic/looma_crm_ai_refactoring/venv/lib/python3.12/site-packages/sanic/touchup/schemes/ode.py:70: DeprecationWarning: Attribute s is deprecated and will be removed in Python 3.14; use value instead
  if hasattr(event, "s"):
2025-09-27 11:03:55,907 - __mp_main__ - INFO - 正在初始化Looma CRM服务...
2025-09-27 11:03:55,907 - shared.database.unified_data_access - INFO - 正在初始化统一数据访问层...
2025-09-27 11:03:55,907 - shared.database.unified_data_access - INFO - Neo4j连接初始化成功
2025-09-27 11:03:56,033 - shared.database.unified_data_access - INFO - Weaviate连接初始化成功
2025-09-27 11:03:56,039 - shared.database.unified_data_access - INFO - PostgreSQL连接池初始化成功
2025-09-27 11:03:56,039 - shared.database.unified_data_access - INFO - Redis连接初始化成功
2025-09-27 11:03:56,040 - shared.database.unified_data_access - INFO - Elasticsearch连接初始化成功
2025-09-27 11:03:56,044 - shared.database.unified_data_access - INFO - MongoDB连接初始化成功
2025-09-27 11:03:56,044 - shared.database.unified_data_access - INFO - 统一数据访问层初始化完成
2025-09-27 11:03:56,044 - __mp_main__ - INFO - 统一数据访问层初始化完成
2025-09-27 11:03:56,044 - shared.middleware.zervigo_auth_middleware - INFO - Zervigo认证中间件初始化完成
2025-09-27 11:03:56,044 - __mp_main__ - INFO - Zervigo认证中间件初始化完成
2025-09-27 11:03:56,044 - services.zervigo_integration_service - INFO - Zervigo集成服务初始化完成
2025-09-27 11:03:56,044 - __mp_main__ - INFO - Zervigo集成服务初始化完成
2025-09-27 11:03:56,044 - __mp_main__ - INFO - Looma CRM服务初始化完成
[2025-09-27 11:03:56 +0800] [42303] [INFO] Starting worker [42303]
2025-09-27 11:03:56,045 - sanic.server - INFO - Starting worker [42303]
2025-09-27 11:03:59,542 - shared.integration.zervigo_client - ERROR - Request failed: Cannot connect to host localhost:8601 ssl:default [Connection refused]
2025-09-27 11:03:59,546 - shared.integration.zervigo_client - ERROR - Request failed: Cannot connect to host localhost:8605 ssl:default [Connection refused]
2025-09-27 11:05:28,224 - shared.integration.zervigo_client - ERROR - Request failed: Cannot connect to host localhost:8601 ssl:default [Connection refused]
2025-09-27 11:05:28,231 - shared.integration.zervigo_client - ERROR - Request failed: Cannot connect to host localhost:8605 ssl:default [Connection refused]
2025-09-27 11:07:53,778 - shared.integration.zervigo_client - ERROR - Request failed: Cannot connect to host localhost:8605 ssl:default [Connection refused]
2025-09-27 11:09:59,780 - shared.integration.zervigo_client - ERROR - Request failed: Cannot connect to host localhost:8605 ssl:default [Connection refused]
2025-09-27 11:10:57,515 - shared.integration.zervigo_client - ERROR - Request failed: Cannot connect to host localhost:8605 ssl:default [Connection refused]
2025-09-27 11:12:29,741 - shared.integration.zervigo_client - ERROR - Request failed: Cannot connect to host localhost:8605 ssl:default [Connection refused]
2025-09-27 11:12:35,316 - shared.integration.zervigo_client - ERROR - Request failed: Cannot connect to host localhost:8605 ssl:default [Connection refused]
[2025-09-27 14:08:23 +0800] [42288] [INFO] Received signal SIGTERM. Shutting down.
2025-09-27 14:08:23,603 - sanic.root - INFO - Received signal SIGTERM. Shutting down.
[2025-09-27 14:08:23 +0800] [42303] [INFO] Stopping worker [42303]
2025-09-27 14:08:23,605 - sanic.server - INFO - Stopping worker [42303]
2025-09-27 14:08:23,607 - __mp_main__ - INFO - 正在清理Looma CRM服务...
2025-09-27 14:08:23,609 - shared.database.unified_data_access - INFO - 所有数据库连接已关闭
2025-09-27 14:08:23,609 - __mp_main__ - INFO - Looma CRM服务清理完成
[2025-09-27 14:08:23 +0800] [42303] [INFO] Worker complete [42303]
2025-09-27 14:08:23,609 - sanic.server - INFO - Worker complete [42303]
[2025-09-27 14:08:24 +0800] [42288] [INFO] Server Stopped
2025-09-27 14:08:24,263 - sanic.root - INFO - Server Stopped
