2025-09-24 05:59:16.681+0000 INFO  Logging config in use: File '/var/lib/neo4j/conf/user-logs.xml'
2025-09-24 05:59:16.684+0000 WARN  Use of deprecated setting 'dbms.default_database'. It is replaced by 'initial.dbms.default_database'.
2025-09-24 05:59:16.687+0000 INFO  Starting...
2025-09-24 05:59:17.262+0000 INFO  This instance is ServerId{4641c8c0} (4641c8c0-6009-4628-a121-515f0673cc49)
2025-09-24 05:59:17.583+0000 INFO  ======== Neo4j 5.15.0 ========
2025-09-24 05:59:17.621+0000 INFO  Progress tracking: enabled
2025-09-24 05:59:17.621+0000 INFO  Memory usage guard: minimum estimate
2025-09-24 05:59:17.623+0000 INFO  GDS license file: null
2025-09-24 05:59:17.623+0000 INFO  GDS license state: unlicensed
2025-09-24 05:59:17.626+0000 INFO  Register GraphDataScience...
2025-09-24 05:59:17.633+0000 INFO  GraphDataScience registered.
2025-09-24 05:59:17.634+0000 INFO  Register GraphDataScienceExtras...
2025-09-24 05:59:17.634+0000 INFO  GraphDataScienceExtras registered.
2025-09-24 05:59:17.634+0000 INFO  Register MetricsFacade...
2025-09-24 05:59:17.635+0000 INFO  MetricsFacade registered.
2025-09-24 05:59:17.635+0000 INFO  Register legacy Task Store/ Registry...
2025-09-24 05:59:17.635+0000 INFO  Task Store/ Registry registered.
2025-09-24 05:59:17.636+0000 INFO  Register legacy User Log Registry...
2025-09-24 05:59:17.636+0000 INFO  User Log Registry registered.
2025-09-24 05:59:17.725+0000 INFO  GDS compatibility: for Neo4j Settings 5.x -- available, for Neo4j Settings 4.4 -- not available, selected: Neo4j Settings 5.x
2025-09-24 05:59:17.725+0000 INFO  GDS compatibility: for Neo4j 4.4 -- not available, for Neo4j 5.11 -- not available, for Neo4j 5.12 -- not available, for Neo4j 5.13 -- not available, for Neo4j 5.14 -- not available, for Neo4j 5.15 -- available, for Neo4j 5.16 -- not available, for Neo4j 5.17 -- not available, for Neo4j 5.18 -- not available, for Neo4j 5.19 -- not available, for Neo4j 5.20 -- not available, selected: Neo4j 5.15
2025-09-24 05:59:26.027+0000 INFO  Bolt enabled on 0.0.0.0:7687.
2025-09-24 05:59:26.415+0000 INFO  HTTP enabled on 0.0.0.0:7474.
2025-09-24 05:59:26.416+0000 INFO  Remote interface available at http://localhost:7474/
2025-09-24 05:59:26.418+0000 INFO  id: BE8724D7BE6A19C1A2C9C6AE262958FAD6282AC2CF151B5787C62850E1CDD0E0
2025-09-24 05:59:26.418+0000 INFO  name: system
2025-09-24 05:59:26.419+0000 INFO  creationDate: 2025-09-24T05:59:17.989Z
2025-09-24 05:59:26.419+0000 INFO  Started.
2025-09-24 06:08:29.928+0000 WARN  [bolt-56] The client is unauthorized due to authentication failure.
2025-09-24 06:25:04.805+0000 WARN  [bolt-157] The client is unauthorized due to authentication failure.
2025-09-25 01:05:25.482+0000 INFO  Logging config in use: File '/var/lib/neo4j/conf/user-logs.xml'
2025-09-25 01:05:25.491+0000 WARN  Use of deprecated setting 'dbms.default_database'. It is replaced by 'initial.dbms.default_database'.
2025-09-25 01:05:25.498+0000 INFO  Starting...
2025-09-25 01:05:25.954+0000 INFO  This instance is ServerId{128c570a} (128c570a-07ad-436f-9261-2ffb2c0ad3a3)
2025-09-25 01:05:26.302+0000 INFO  ======== Neo4j 5.15.0 ========
2025-09-25 01:05:26.348+0000 INFO  Progress tracking: enabled
2025-09-25 01:05:26.349+0000 INFO  Memory usage guard: minimum estimate
2025-09-25 01:05:26.352+0000 INFO  GDS license file: null
2025-09-25 01:05:26.353+0000 INFO  GDS license state: unlicensed
2025-09-25 01:05:26.356+0000 INFO  Register GraphDataScience...
2025-09-25 01:05:26.365+0000 INFO  GraphDataScience registered.
2025-09-25 01:05:26.365+0000 INFO  Register GraphDataScienceExtras...
2025-09-25 01:05:26.365+0000 INFO  GraphDataScienceExtras registered.
2025-09-25 01:05:26.366+0000 INFO  Register MetricsFacade...
2025-09-25 01:05:26.366+0000 INFO  MetricsFacade registered.
2025-09-25 01:05:26.366+0000 INFO  Register legacy Task Store/ Registry...
2025-09-25 01:05:26.367+0000 INFO  Task Store/ Registry registered.
2025-09-25 01:05:26.367+0000 INFO  Register legacy User Log Registry...
2025-09-25 01:05:26.367+0000 INFO  User Log Registry registered.
2025-09-25 01:05:26.467+0000 INFO  GDS compatibility: for Neo4j Settings 5.x -- available, for Neo4j Settings 4.4 -- not available, selected: Neo4j Settings 5.x
2025-09-25 01:05:26.467+0000 INFO  GDS compatibility: for Neo4j 4.4 -- not available, for Neo4j 5.11 -- not available, for Neo4j 5.12 -- not available, for Neo4j 5.13 -- not available, for Neo4j 5.14 -- not available, for Neo4j 5.15 -- available, for Neo4j 5.16 -- not available, for Neo4j 5.17 -- not available, for Neo4j 5.18 -- not available, for Neo4j 5.19 -- not available, for Neo4j 5.20 -- not available, selected: Neo4j 5.15
2025-09-25 01:05:34.988+0000 INFO  Bolt enabled on 0.0.0.0:7687.
2025-09-25 01:05:35.391+0000 INFO  HTTP enabled on 0.0.0.0:7474.
2025-09-25 01:05:35.392+0000 INFO  Remote interface available at http://localhost:7474/
2025-09-25 01:05:35.394+0000 INFO  id: 0B663BFBFAF0D826AE14C05473D1FC61A3EB64C50EE9799C5F5D904DD8BEDA8D
2025-09-25 01:05:35.394+0000 INFO  name: system
2025-09-25 01:05:35.394+0000 INFO  creationDate: 2025-09-25T01:05:26.81Z
2025-09-25 01:05:35.394+0000 INFO  Started.
2025-09-25 01:56:00.342+0000 INFO  Neo4j Server shutdown initiated by request
2025-09-25 01:56:00.374+0000 INFO  Stopping...
2025-09-25 01:56:05.687+0000 INFO  Stopped.
2025-09-26 15:24:10.600+0000 INFO  Logging config in use: File '/var/lib/neo4j/conf/user-logs.xml'
2025-09-26 15:24:10.606+0000 WARN  Use of deprecated setting 'dbms.default_database'. It is replaced by 'initial.dbms.default_database'.
2025-09-26 15:24:10.612+0000 INFO  Starting...
2025-09-26 15:24:11.116+0000 INFO  This instance is ServerId{128c570a} (128c570a-07ad-436f-9261-2ffb2c0ad3a3)
2025-09-26 15:24:11.560+0000 INFO  ======== Neo4j 5.15.0 ========
2025-09-26 15:24:11.716+0000 INFO  Progress tracking: enabled
2025-09-26 15:24:11.716+0000 INFO  Memory usage guard: minimum estimate
2025-09-26 15:24:11.719+0000 INFO  GDS license file: null
2025-09-26 15:24:11.720+0000 INFO  GDS license state: unlicensed
2025-09-26 15:24:11.723+0000 INFO  Register GraphDataScience...
2025-09-26 15:24:11.732+0000 INFO  GraphDataScience registered.
2025-09-26 15:24:11.732+0000 INFO  Register GraphDataScienceExtras...
2025-09-26 15:24:11.733+0000 INFO  GraphDataScienceExtras registered.
2025-09-26 15:24:11.733+0000 INFO  Register MetricsFacade...
2025-09-26 15:24:11.733+0000 INFO  MetricsFacade registered.
2025-09-26 15:24:11.734+0000 INFO  Register legacy Task Store/ Registry...
2025-09-26 15:24:11.734+0000 INFO  Task Store/ Registry registered.
2025-09-26 15:24:11.734+0000 INFO  Register legacy User Log Registry...
2025-09-26 15:24:11.735+0000 INFO  User Log Registry registered.
2025-09-26 15:24:11.841+0000 INFO  GDS compatibility: for Neo4j Settings 5.x -- available, for Neo4j Settings 4.4 -- not available, selected: Neo4j Settings 5.x
2025-09-26 15:24:11.842+0000 INFO  GDS compatibility: for Neo4j 4.4 -- not available, for Neo4j 5.11 -- not available, for Neo4j 5.12 -- not available, for Neo4j 5.13 -- not available, for Neo4j 5.14 -- not available, for Neo4j 5.15 -- available, for Neo4j 5.16 -- not available, for Neo4j 5.17 -- not available, for Neo4j 5.18 -- not available, for Neo4j 5.19 -- not available, for Neo4j 5.20 -- not available, selected: Neo4j 5.15
2025-09-26 15:24:22.105+0000 INFO  Bolt enabled on 0.0.0.0:7687.
2025-09-26 15:24:22.882+0000 INFO  HTTP enabled on 0.0.0.0:7474.
2025-09-26 15:24:22.883+0000 INFO  Remote interface available at http://localhost:7474/
2025-09-26 15:24:22.884+0000 INFO  id: 0B663BFBFAF0D826AE14C05473D1FC61A3EB64C50EE9799C5F5D904DD8BEDA8D
2025-09-26 15:24:22.885+0000 INFO  name: system
2025-09-26 15:24:22.885+0000 INFO  creationDate: 2025-09-25T01:05:26.81Z
2025-09-26 15:24:22.885+0000 INFO  Started.
