2025/09/26 17:04:04 å¯åŠ¨å¤šæ•°æ®åº“ç®¡ç†æœåŠ¡...
2025/09/26 17:04:04 PostgreSQLé…ç½®: Host=localhost, Port=5432, User=szjason72, Database=jobfirst_vector
2025/09/26 17:04:04 PostgreSQL DSN: postgres://szjason72:@localhost:5432/jobfirst_vector?sslmode=disable
2025/09/26 17:04:04 è­¦å‘Š: éƒ¨åˆ†æ•°æ®åº“è¿æ¥ä¸å¥åº·
2025/09/26 17:04:04 å¯åŠ¨æ•°æ®åŒæ­¥æœåŠ¡ï¼Œå·¥ä½œåç¨‹æ•°: 5
2025/09/26 17:04:04 å¤šæ•°æ®åº“ç®¡ç†æœåŠ¡å¯åŠ¨åœ¨ç«¯å£: 8607
2025/09/26 17:04:04 APIç«¯ç‚¹:
2025/09/26 17:04:04   GET  /health - å¥åº·æ£€æŸ¥
2025/09/26 17:04:04   GET  /api/v1/multi-database/health - æ•°æ®åº“å¥åº·æ£€æŸ¥
2025/09/26 17:04:04   GET  /api/v1/multi-database/metrics - æ•°æ®åº“æŒ‡æ ‡
2025/09/26 17:04:04   POST /api/v1/multi-database/sync/task - æ·»åŠ åŒæ­¥ä»»åŠ¡
2025/09/26 17:04:04   GET  /api/v1/multi-database/sync/status - åŒæ­¥çŠ¶æ€
2025/09/26 17:04:04   GET  /api/v1/multi-database/consistency/results - ä¸€è‡´æ€§æ£€æŸ¥ç»“æœ
2025/09/26 17:04:04   POST /api/v1/multi-database/transaction/begin - å¼€å§‹äº‹åŠ¡
2025/09/26 17:04:04   POST /api/v1/multi-database/transaction/:id/commit - æäº¤äº‹åŠ¡
2025/09/26 17:04:04 åŒæ­¥å·¥ä½œåç¨‹ 0 å¯åŠ¨
2025/09/26 17:04:04 åŒæ­¥å·¥ä½œåç¨‹ 2 å¯åŠ¨
2025/09/26 17:04:04 åŒæ­¥å·¥ä½œåç¨‹ 1 å¯åŠ¨
2025/09/26 17:04:04 åŒæ­¥å·¥ä½œåç¨‹ 4 å¯åŠ¨
2025/09/26 17:04:04 åŒæ­¥å·¥ä½œåç¨‹ 3 å¯åŠ¨
2025/09/26 17:04:04 å¯åŠ¨æ•°æ®ä¸€è‡´æ€§æ£€æŸ¥ï¼Œæ£€æŸ¥é—´éš”: 5m0s
2025/09/26 17:04:04 å¼€å§‹æ‰§è¡Œæ•°æ®ä¸€è‡´æ€§æ£€æŸ¥
2025/09/26 17:04:04 æ£€æŸ¥ä¸€è‡´æ€§è§„åˆ™: MySQLåˆ°PostgreSQLç”¨æˆ·æ•°æ®åŒæ­¥æ£€æŸ¥ (mysql_postgres_user_sync)

2025/09/26 17:04:04 [32m/Users/szjason72/jobfirst/zervigo_pro/backend/pkg/multi-database/consistency_checker.go:186
[0m[33m[0.580ms] [34;1m[rows:15][0m SELECT id, username, email, created_at FROM users WHERE deleted_at IS NULL

2025/09/26 17:04:05 [31;1m/Users/szjason72/jobfirst/zervigo_pro/backend/pkg/multi-database/consistency_checker.go:193 [35;1mERROR: relation "users" does not exist (SQLSTATE 42P01)
[0m[33m[1.897ms] [34;1m[rows:-][0m SELECT id, username, email, created_at FROM users WHERE deleted_at IS NULL
2025/09/26 17:04:05 æ£€æŸ¥ä¸€è‡´æ€§è§„åˆ™: MySQLåˆ°Neo4jä¼ä¸šæ•°æ®åŒæ­¥æ£€æŸ¥ (mysql_neo4j_company_sync)

2025/09/26 17:04:05 [31;1m/Users/szjason72/jobfirst/zervigo_pro/backend/pkg/multi-database/consistency_checker.go:227 [35;1mError 1064 (42000): You have an error in your SQL syntax; check the manual that corresponds to your MySQL server version for the right syntax to use near 'MATCH (c:Company) RETURN c.id, c.name, c.industry, c.created_at' at line 1
[0m[33m[0.145ms] [34;1m[rows:-][0m MATCH (c:Company) RETURN c.id, c.name, c.industry, c.created_at
2025/09/26 17:04:05 æ•°æ®ä¸€è‡´æ€§æ£€æŸ¥å®Œæˆ
[GIN] 2025/09/26 - 17:04:07 | 200 |      93.208Âµs |             ::1 | GET      "/health"
[GIN] 2025/09/26 - 17:04:44 | 200 |      59.209Âµs |             ::1 | GET      "/health"
2025/09/26 17:05:04 æ•°æ®åº“æŒ‡æ ‡æ”¶é›†å®Œæˆ: &{MySQLActiveConns:1 MySQLIdleConns:1 PostgreSQLActiveConns:1 PostgreSQLIdleConns:1 RedisActiveConns:1 MySQLHealthy:true PostgreSQLHealthy:true Neo4jHealthy:true RedisHealthy:true LastCheckTime:2025-09-26 17:05:04.999672 +0800 CST m=+60.018927835 MySQLErrors:0 PostgreSQLErrors:0 Neo4jErrors:0 RedisErrors:0}
2025/09/26 17:06:04 æ•°æ®åº“æŒ‡æ ‡æ”¶é›†å®Œæˆ: &{MySQLActiveConns:1 MySQLIdleConns:1 PostgreSQLActiveConns:1 PostgreSQLIdleConns:1 RedisActiveConns:1 MySQLHealthy:true PostgreSQLHealthy:true Neo4jHealthy:true RedisHealthy:true LastCheckTime:2025-09-26 17:06:04.998297 +0800 CST m=+120.018441585 MySQLErrors:0 PostgreSQLErrors:0 Neo4jErrors:0 RedisErrors:0}
2025/09/26 17:07:04 æ•°æ®åº“æŒ‡æ ‡æ”¶é›†å®Œæˆ: &{MySQLActiveConns:1 MySQLIdleConns:1 PostgreSQLActiveConns:1 PostgreSQLIdleConns:1 RedisActiveConns:1 MySQLHealthy:true PostgreSQLHealthy:true Neo4jHealthy:true RedisHealthy:true LastCheckTime:2025-09-26 17:06:34.999969 +0800 CST m=+150.020558001 MySQLErrors:0 PostgreSQLErrors:0 Neo4jErrors:0 RedisErrors:0}
2025/09/26 17:08:04 æ•°æ®åº“æŒ‡æ ‡æ”¶é›†å®Œæˆ: &{MySQLActiveConns:1 MySQLIdleConns:1 PostgreSQLActiveConns:1 PostgreSQLIdleConns:1 RedisActiveConns:1 MySQLHealthy:true PostgreSQLHealthy:true Neo4jHealthy:true RedisHealthy:true LastCheckTime:2025-09-26 17:07:34.998746 +0800 CST m=+210.020223835 MySQLErrors:0 PostgreSQLErrors:0 Neo4jErrors:0 RedisErrors:0}
2025/09/26 17:09:04 å¼€å§‹æ‰§è¡Œæ•°æ®ä¸€è‡´æ€§æ£€æŸ¥
2025/09/26 17:09:04 æ£€æŸ¥ä¸€è‡´æ€§è§„åˆ™: MySQLåˆ°PostgreSQLç”¨æˆ·æ•°æ®åŒæ­¥æ£€æŸ¥ (mysql_postgres_user_sync)
2025/09/26 17:09:04 æ•°æ®åº“æŒ‡æ ‡æ”¶é›†å®Œæˆ: &{MySQLActiveConns:2 MySQLIdleConns:1 PostgreSQLActiveConns:1 PostgreSQLIdleConns:1 RedisActiveConns:1 MySQLHealthy:true PostgreSQLHealthy:true Neo4jHealthy:true RedisHealthy:true LastCheckTime:2025-09-26 17:09:04.996426 +0800 CST m=+300.019238210 MySQLErrors:0 PostgreSQLErrors:0 Neo4jErrors:0 RedisErrors:0}

2025/09/26 17:09:04 [32m/Users/szjason72/jobfirst/zervigo_pro/backend/pkg/multi-database/consistency_checker.go:186
[0m[33m[2.747ms] [34;1m[rows:15][0m SELECT id, username, email, created_at FROM users WHERE deleted_at IS NULL

2025/09/26 17:09:04 [31;1m/Users/szjason72/jobfirst/zervigo_pro/backend/pkg/multi-database/consistency_checker.go:193 [35;1mERROR: relation "users" does not exist (SQLSTATE 42P01)
[0m[33m[1.038ms] [34;1m[rows:-][0m SELECT id, username, email, created_at FROM users WHERE deleted_at IS NULL
2025/09/26 17:09:04 æ£€æŸ¥ä¸€è‡´æ€§è§„åˆ™: MySQLåˆ°Neo4jä¼ä¸šæ•°æ®åŒæ­¥æ£€æŸ¥ (mysql_neo4j_company_sync)

2025/09/26 17:09:04 [31;1m/Users/szjason72/jobfirst/zervigo_pro/backend/pkg/multi-database/consistency_checker.go:227 [35;1mError 1064 (42000): You have an error in your SQL syntax; check the manual that corresponds to your MySQL server version for the right syntax to use near 'MATCH (c:Company) RETURN c.id, c.name, c.industry, c.created_at' at line 1
[0m[33m[0.105ms] [34;1m[rows:-][0m MATCH (c:Company) RETURN c.id, c.name, c.industry, c.created_at
2025/09/26 17:09:04 æ•°æ®ä¸€è‡´æ€§æ£€æŸ¥å®Œæˆ
2025/09/26 17:10:04 æ•°æ®åº“æŒ‡æ ‡æ”¶é›†å®Œæˆ: &{MySQLActiveConns:2 MySQLIdleConns:2 PostgreSQLActiveConns:1 PostgreSQLIdleConns:1 RedisActiveConns:1 MySQLHealthy:true PostgreSQLHealthy:true Neo4jHealthy:true RedisHealthy:true LastCheckTime:2025-09-26 17:09:34.997382 +0800 CST m=+330.020638001 MySQLErrors:0 PostgreSQLErrors:0 Neo4jErrors:0 RedisErrors:0}
2025/09/26 17:11:05 æ•°æ®åº“æŒ‡æ ‡æ”¶é›†å®Œæˆ: &{MySQLActiveConns:2 MySQLIdleConns:2 PostgreSQLActiveConns:1 PostgreSQLIdleConns:1 RedisActiveConns:1 MySQLHealthy:true PostgreSQLHealthy:true Neo4jHealthy:true RedisHealthy:true LastCheckTime:2025-09-26 17:11:05.002929 +0800 CST m=+420.027552710 MySQLErrors:0 PostgreSQLErrors:0 Neo4jErrors:0 RedisErrors:0}
2025/09/26 17:12:04 æ•°æ®åº“æŒ‡æ ‡æ”¶é›†å®Œæˆ: &{MySQLActiveConns:2 MySQLIdleConns:2 PostgreSQLActiveConns:1 PostgreSQLIdleConns:1 RedisActiveConns:1 MySQLHealthy:true PostgreSQLHealthy:true Neo4jHealthy:true RedisHealthy:true LastCheckTime:2025-09-26 17:12:04.993073 +0800 CST m=+480.018586501 MySQLErrors:0 PostgreSQLErrors:0 Neo4jErrors:0 RedisErrors:0}
2025/09/26 17:13:04 æ•°æ®åº“æŒ‡æ ‡æ”¶é›†å®Œæˆ: &{MySQLActiveConns:2 MySQLIdleConns:2 PostgreSQLActiveConns:1 PostgreSQLIdleConns:1 RedisActiveConns:1 MySQLHealthy:true PostgreSQLHealthy:true Neo4jHealthy:true RedisHealthy:true LastCheckTime:2025-09-26 17:12:34.994123 +0800 CST m=+510.020081210 MySQLErrors:0 PostgreSQLErrors:0 Neo4jErrors:0 RedisErrors:0}
2025/09/26 17:14:04 æ•°æ®åº“æŒ‡æ ‡æ”¶é›†å®Œæˆ: &{MySQLActiveConns:2 MySQLIdleConns:2 PostgreSQLActiveConns:1 PostgreSQLIdleConns:1 RedisActiveConns:1 MySQLHealthy:true PostgreSQLHealthy:true Neo4jHealthy:true RedisHealthy:true LastCheckTime:2025-09-26 17:13:34.993684 +0800 CST m=+570.020530835 MySQLErrors:0 PostgreSQLErrors:0 Neo4jErrors:0 RedisErrors:0}
2025/09/26 17:14:04 å¼€å§‹æ‰§è¡Œæ•°æ®ä¸€è‡´æ€§æ£€æŸ¥
2025/09/26 17:14:04 æ£€æŸ¥ä¸€è‡´æ€§è§„åˆ™: MySQLåˆ°PostgreSQLç”¨æˆ·æ•°æ®åŒæ­¥æ£€æŸ¥ (mysql_postgres_user_sync)

2025/09/26 17:14:04 [32m/Users/szjason72/jobfirst/zervigo_pro/backend/pkg/multi-database/consistency_checker.go:186
[0m[33m[0.500ms] [34;1m[rows:15][0m SELECT id, username, email, created_at FROM users WHERE deleted_at IS NULL

2025/09/26 17:14:04 [31;1m/Users/szjason72/jobfirst/zervigo_pro/backend/pkg/multi-database/consistency_checker.go:193 [35;1mERROR: relation "users" does not exist (SQLSTATE 42P01)
[0m[33m[9.667ms] [34;1m[rows:-][0m SELECT id, username, email, created_at FROM users WHERE deleted_at IS NULL
2025/09/26 17:14:04 æ£€æŸ¥ä¸€è‡´æ€§è§„åˆ™: MySQLåˆ°Neo4jä¼ä¸šæ•°æ®åŒæ­¥æ£€æŸ¥ (mysql_neo4j_company_sync)

2025/09/26 17:14:04 [31;1m/Users/szjason72/jobfirst/zervigo_pro/backend/pkg/multi-database/consistency_checker.go:227 [35;1mError 1064 (42000): You have an error in your SQL syntax; check the manual that corresponds to your MySQL server version for the right syntax to use near 'MATCH (c:Company) RETURN c.id, c.name, c.industry, c.created_at' at line 1
[0m[33m[0.227ms] [34;1m[rows:-][0m MATCH (c:Company) RETURN c.id, c.name, c.industry, c.created_at
2025/09/26 17:14:04 æ•°æ®ä¸€è‡´æ€§æ£€æŸ¥å®Œæˆ
2025/09/26 17:15:04 æ•°æ®åº“æŒ‡æ ‡æ”¶é›†å®Œæˆ: &{MySQLActiveConns:2 MySQLIdleConns:2 PostgreSQLActiveConns:2 PostgreSQLIdleConns:2 RedisActiveConns:1 MySQLHealthy:true PostgreSQLHealthy:true Neo4jHealthy:true RedisHealthy:true LastCheckTime:2025-09-26 17:14:34.991692 +0800 CST m=+630.019387918 MySQLErrors:0 PostgreSQLErrors:0 Neo4jErrors:0 RedisErrors:0}
2025/09/26 17:16:04 æ•°æ®åº“æŒ‡æ ‡æ”¶é›†å®Œæˆ: &{MySQLActiveConns:2 MySQLIdleConns:2 PostgreSQLActiveConns:2 PostgreSQLIdleConns:2 RedisActiveConns:1 MySQLHealthy:true PostgreSQLHealthy:true Neo4jHealthy:true RedisHealthy:true LastCheckTime:2025-09-26 17:16:04.990945 +0800 CST m=+720.019984751 MySQLErrors:0 PostgreSQLErrors:0 Neo4jErrors:0 RedisErrors:0}
2025/09/26 17:17:04 æ•°æ®åº“æŒ‡æ ‡æ”¶é›†å®Œæˆ: &{MySQLActiveConns:2 MySQLIdleConns:2 PostgreSQLActiveConns:2 PostgreSQLIdleConns:2 RedisActiveConns:1 MySQLHealthy:true PostgreSQLHealthy:true Neo4jHealthy:true RedisHealthy:true LastCheckTime:2025-09-26 17:16:34.990135 +0800 CST m=+750.019618918 MySQLErrors:0 PostgreSQLErrors:0 Neo4jErrors:0 RedisErrors:0}
2025/09/26 17:18:04 æ•°æ®åº“æŒ‡æ ‡æ”¶é›†å®Œæˆ: &{MySQLActiveConns:2 MySQLIdleConns:2 PostgreSQLActiveConns:2 PostgreSQLIdleConns:2 RedisActiveConns:1 MySQLHealthy:true PostgreSQLHealthy:true Neo4jHealthy:true RedisHealthy:true LastCheckTime:2025-09-26 17:17:35.005161 +0800 CST m=+810.035534210 MySQLErrors:0 PostgreSQLErrors:0 Neo4jErrors:0 RedisErrors:0}
2025/09/26 17:19:04 å¼€å§‹æ‰§è¡Œæ•°æ®ä¸€è‡´æ€§æ£€æŸ¥
2025/09/26 17:19:04 æ£€æŸ¥ä¸€è‡´æ€§è§„åˆ™: MySQLåˆ°PostgreSQLç”¨æˆ·æ•°æ®åŒæ­¥æ£€æŸ¥ (mysql_postgres_user_sync)
2025/09/26 17:19:04 æ•°æ®åº“æŒ‡æ ‡æ”¶é›†å®Œæˆ: &{MySQLActiveConns:2 MySQLIdleConns:2 PostgreSQLActiveConns:2 PostgreSQLIdleConns:2 RedisActiveConns:1 MySQLHealthy:true PostgreSQLHealthy:true Neo4jHealthy:true RedisHealthy:true LastCheckTime:2025-09-26 17:18:34.989374 +0800 CST m=+870.020636751 MySQLErrors:0 PostgreSQLErrors:0 Neo4jErrors:0 RedisErrors:0}

2025/09/26 17:19:04 [32m/Users/szjason72/jobfirst/zervigo_pro/backend/pkg/multi-database/consistency_checker.go:186
[0m[33m[0.972ms] [34;1m[rows:15][0m SELECT id, username, email, created_at FROM users WHERE deleted_at IS NULL

2025/09/26 17:19:05 [31;1m/Users/szjason72/jobfirst/zervigo_pro/backend/pkg/multi-database/consistency_checker.go:193 [35;1mERROR: relation "users" does not exist (SQLSTATE 42P01)
[0m[33m[15.115ms] [34;1m[rows:-][0m SELECT id, username, email, created_at FROM users WHERE deleted_at IS NULL
2025/09/26 17:19:05 æ£€æŸ¥ä¸€è‡´æ€§è§„åˆ™: MySQLåˆ°Neo4jä¼ä¸šæ•°æ®åŒæ­¥æ£€æŸ¥ (mysql_neo4j_company_sync)

2025/09/26 17:19:05 [31;1m/Users/szjason72/jobfirst/zervigo_pro/backend/pkg/multi-database/consistency_checker.go:227 [35;1mError 1064 (42000): You have an error in your SQL syntax; check the manual that corresponds to your MySQL server version for the right syntax to use near 'MATCH (c:Company) RETURN c.id, c.name, c.industry, c.created_at' at line 1
[0m[33m[0.143ms] [34;1m[rows:-][0m MATCH (c:Company) RETURN c.id, c.name, c.industry, c.created_at
2025/09/26 17:19:05 æ•°æ®ä¸€è‡´æ€§æ£€æŸ¥å®Œæˆ
2025/09/26 17:20:04 æ•°æ®åº“æŒ‡æ ‡æ”¶é›†å®Œæˆ: &{MySQLActiveConns:2 MySQLIdleConns:2 PostgreSQLActiveConns:2 PostgreSQLIdleConns:2 RedisActiveConns:1 MySQLHealthy:true PostgreSQLHealthy:true Neo4jHealthy:true RedisHealthy:true LastCheckTime:2025-09-26 17:20:04.987511 +0800 CST m=+960.020098543 MySQLErrors:0 PostgreSQLErrors:0 Neo4jErrors:0 RedisErrors:0}
2025/09/26 17:21:04 æ•°æ®åº“æŒ‡æ ‡æ”¶é›†å®Œæˆ: &{MySQLActiveConns:2 MySQLIdleConns:2 PostgreSQLActiveConns:2 PostgreSQLIdleConns:2 RedisActiveConns:1 MySQLHealthy:true PostgreSQLHealthy:true Neo4jHealthy:true RedisHealthy:true LastCheckTime:2025-09-26 17:21:04.994919 +0800 CST m=+1020.028392876 MySQLErrors:0 PostgreSQLErrors:0 Neo4jErrors:0 RedisErrors:0}
2025/09/26 17:22:04 æ•°æ®åº“æŒ‡æ ‡æ”¶é›†å®Œæˆ: &{MySQLActiveConns:2 MySQLIdleConns:2 PostgreSQLActiveConns:2 PostgreSQLIdleConns:2 RedisActiveConns:1 MySQLHealthy:true PostgreSQLHealthy:true Neo4jHealthy:true RedisHealthy:true LastCheckTime:2025-09-26 17:21:34.985558 +0800 CST m=+1050.019476085 MySQLErrors:0 PostgreSQLErrors:0 Neo4jErrors:0 RedisErrors:0}
2025/09/26 17:23:04 æ•°æ®åº“æŒ‡æ ‡æ”¶é›†å®Œæˆ: &{MySQLActiveConns:2 MySQLIdleConns:2 PostgreSQLActiveConns:2 PostgreSQLIdleConns:2 RedisActiveConns:1 MySQLHealthy:true PostgreSQLHealthy:true Neo4jHealthy:true RedisHealthy:true LastCheckTime:2025-09-26 17:23:04.983487 +0800 CST m=+1140.018738210 MySQLErrors:0 PostgreSQLErrors:0 Neo4jErrors:0 RedisErrors:0}
2025/09/26 17:24:04 å¼€å§‹æ‰§è¡Œæ•°æ®ä¸€è‡´æ€§æ£€æŸ¥
2025/09/26 17:24:04 æ£€æŸ¥ä¸€è‡´æ€§è§„åˆ™: MySQLåˆ°PostgreSQLç”¨æˆ·æ•°æ®åŒæ­¥æ£€æŸ¥ (mysql_postgres_user_sync)

2025/09/26 17:24:04 [32m/Users/szjason72/jobfirst/zervigo_pro/backend/pkg/multi-database/consistency_checker.go:186
[0m[33m[3.619ms] [34;1m[rows:15][0m SELECT id, username, email, created_at FROM users WHERE deleted_at IS NULL

2025/09/26 17:24:04 [31;1m/Users/szjason72/jobfirst/zervigo_pro/backend/pkg/multi-database/consistency_checker.go:193 [35;1mERROR: relation "users" does not exist (SQLSTATE 42P01)
[0m[33m[4.435ms] [34;1m[rows:-][0m SELECT id, username, email, created_at FROM users WHERE deleted_at IS NULL
2025/09/26 17:24:04 æ£€æŸ¥ä¸€è‡´æ€§è§„åˆ™: MySQLåˆ°Neo4jä¼ä¸šæ•°æ®åŒæ­¥æ£€æŸ¥ (mysql_neo4j_company_sync)

2025/09/26 17:24:04 [31;1m/Users/szjason72/jobfirst/zervigo_pro/backend/pkg/multi-database/consistency_checker.go:227 [35;1mError 1064 (42000): You have an error in your SQL syntax; check the manual that corresponds to your MySQL server version for the right syntax to use near 'MATCH (c:Company) RETURN c.id, c.name, c.industry, c.created_at' at line 1
[0m[33m[0.330ms] [34;1m[rows:-][0m MATCH (c:Company) RETURN c.id, c.name, c.industry, c.created_at
2025/09/26 17:24:04 æ•°æ®ä¸€è‡´æ€§æ£€æŸ¥å®Œæˆ
2025/09/26 17:24:04 æ•°æ®åº“æŒ‡æ ‡æ”¶é›†å®Œæˆ: &{MySQLActiveConns:2 MySQLIdleConns:1 PostgreSQLActiveConns:2 PostgreSQLIdleConns:1 RedisActiveConns:1 MySQLHealthy:true PostgreSQLHealthy:true Neo4jHealthy:true RedisHealthy:true LastCheckTime:2025-09-26 17:24:04.989461 +0800 CST m=+1200.025601460 MySQLErrors:0 PostgreSQLErrors:0 Neo4jErrors:0 RedisErrors:0}
2025/09/26 17:25:04 æ•°æ®åº“æŒ‡æ ‡æ”¶é›†å®Œæˆ: &{MySQLActiveConns:2 MySQLIdleConns:2 PostgreSQLActiveConns:2 PostgreSQLIdleConns:2 RedisActiveConns:1 MySQLHealthy:true PostgreSQLHealthy:true Neo4jHealthy:true RedisHealthy:true LastCheckTime:2025-09-26 17:25:04.982945 +0800 CST m=+1260.019981293 MySQLErrors:0 PostgreSQLErrors:0 Neo4jErrors:0 RedisErrors:0}
2025/09/26 17:26:04 æ•°æ®åº“æŒ‡æ ‡æ”¶é›†å®Œæˆ: &{MySQLActiveConns:2 MySQLIdleConns:2 PostgreSQLActiveConns:2 PostgreSQLIdleConns:2 RedisActiveConns:1 MySQLHealthy:true PostgreSQLHealthy:true Neo4jHealthy:true RedisHealthy:true LastCheckTime:2025-09-26 17:25:34.982299 +0800 CST m=+1290.019782626 MySQLErrors:0 PostgreSQLErrors:0 Neo4jErrors:0 RedisErrors:0}
2025/09/26 17:27:04 æ•°æ®åº“æŒ‡æ ‡æ”¶é›†å®Œæˆ: &{MySQLActiveConns:2 MySQLIdleConns:2 PostgreSQLActiveConns:2 PostgreSQLIdleConns:2 RedisActiveConns:1 MySQLHealthy:true PostgreSQLHealthy:true Neo4jHealthy:true RedisHealthy:true LastCheckTime:2025-09-26 17:27:04.981384 +0800 CST m=+1380.020201626 MySQLErrors:0 PostgreSQLErrors:0 Neo4jErrors:0 RedisErrors:0}
2025/09/26 17:28:04 æ•°æ®åº“æŒ‡æ ‡æ”¶é›†å®Œæˆ: &{MySQLActiveConns:2 MySQLIdleConns:2 PostgreSQLActiveConns:2 PostgreSQLIdleConns:2 RedisActiveConns:1 MySQLHealthy:true PostgreSQLHealthy:true Neo4jHealthy:true RedisHealthy:true LastCheckTime:2025-09-26 17:27:34.981064 +0800 CST m=+1410.020326085 MySQLErrors:0 PostgreSQLErrors:0 Neo4jErrors:0 RedisErrors:0}
2025/09/26 17:28:46 æ”¶åˆ°å…³é—­ä¿¡å·ï¼Œæ­£åœ¨ä¼˜é›…å…³é—­...
2025/09/26 17:28:46 åœæ­¢æ•°æ®åŒæ­¥æœåŠ¡
2025/09/26 17:28:46 åŒæ­¥å·¥ä½œåç¨‹ 0 åœæ­¢
2025/09/26 17:28:46 åŒæ­¥å·¥ä½œåç¨‹ 3 åœæ­¢
2025/09/26 17:28:46 åŒæ­¥å·¥ä½œåç¨‹ 4 åœæ­¢
2025/09/26 17:28:46 åŒæ­¥å·¥ä½œåç¨‹ 1 åœæ­¢
2025/09/26 17:28:46 åŒæ­¥å·¥ä½œåç¨‹ 2 åœæ­¢
2025/09/26 17:28:46 å¤šæ•°æ®åº“ç®¡ç†æœåŠ¡å·²å…³é—­
