{"level":"info","msg":"JobFirstæ ¸å¿ƒåŒ…åˆå§‹åŒ–æˆåŠŸ","time":"2025-09-17T15:48:09+08:00"}

2025/09/17 15:48:09 [35m/Users/szjason72/zervi-basic/basic/backend/internal/template-service/template_enhanced.go:37
[0m[31m[error] [0mfailed to initialize database, got error failed to connect to `host=localhost user=postgres database=`: server error (FATAL: role "postgres" does not exist (SQLSTATE 28000))
2025/09/17 15:48:09 PostgreSQLè¿æ¥å¤±è´¥: failed to connect to `host=localhost user=postgres database=`: server error (FATAL: role "postgres" does not exist (SQLSTATE 28000))
2025/09/17 15:48:09 æ¨¡æ¿å¢å¼ºæœåŠ¡åˆå§‹åŒ–æˆåŠŸ
2025/09/17 15:48:09 æ¨¡æ¿å¢å¼ºAPIè·¯ç”±å·²è®¾ç½®
2025/09/17 15:48:09 template-service registered with Consul successfully
2025/09/17 15:48:09 Starting Template Service with jobfirst-core on 0.0.0.0:8085
2025/09/17 15:48:09 å¤šæ•°æ®åº“æ¶æ„å·²å¯ç”¨
[GIN] 2025/09/17 - 15:48:11 | 200 |     1.37575ms |             ::1 | GET      "/api/v1/template/public/templates"
[GIN] 2025/09/17 - 15:48:16 | 200 |     396.208Âµs |       127.0.0.1 | GET      "/health"
2025/09/17 15:48:22 DEBUG: è®¤è¯ä¸­é—´ä»¶ - å¼€å§‹å¤„ç†è¯·æ±‚: GET /api/v1/template/enhanced/sync/1/status
2025/09/17 15:48:22 DEBUG: extractToken - å¼€å§‹æå–token
2025/09/17 15:48:22 DEBUG: extractToken - Authorization header: 'Bearer'
2025/09/17 15:48:22 DEBUG: extractToken - åˆ†å‰²åçš„parts: [Bearer], é•¿åº¦: 1
2025/09/17 15:48:22 DEBUG: extractToken - Beareræ ¼å¼ä¸æ­£ç¡®æˆ–ç¼ºå¤±
2025/09/17 15:48:22 DEBUG: extractToken - æŸ¥è¯¢å‚æ•°token: ''
2025/09/17 15:48:22 DEBUG: extractToken - Cookie token: '', é”™è¯¯: http: named cookie not present
2025/09/17 15:48:22 DEBUG: extractToken - æœªæ‰¾åˆ°ä»»ä½•token
2025/09/17 15:48:22 DEBUG: è®¤è¯ä¸­é—´ä»¶ - æå–åˆ°çš„token: ç©ºtoken
2025/09/17 15:48:22 DEBUG: è®¤è¯ä¸­é—´ä»¶ - tokenä¸ºç©ºï¼Œè¿”å›æœªç™»å½•
[GIN] 2025/09/17 - 15:48:22 | 401 |      59.709Âµs |             ::1 | GET      "/api/v1/template/enhanced/sync/1/status"
2025/09/17 15:48:22 DEBUG: è®¤è¯ä¸­é—´ä»¶ - å¼€å§‹å¤„ç†è¯·æ±‚: GET /api/v1/template/enhanced/analysis/1/usage
2025/09/17 15:48:22 DEBUG: extractToken - å¼€å§‹æå–token
2025/09/17 15:48:22 DEBUG: extractToken - Authorization header: 'Bearer'
2025/09/17 15:48:22 DEBUG: extractToken - åˆ†å‰²åçš„parts: [Bearer], é•¿åº¦: 1
2025/09/17 15:48:22 DEBUG: extractToken - Beareræ ¼å¼ä¸æ­£ç¡®æˆ–ç¼ºå¤±
2025/09/17 15:48:22 DEBUG: extractToken - æŸ¥è¯¢å‚æ•°token: ''
2025/09/17 15:48:22 DEBUG: extractToken - Cookie token: '', é”™è¯¯: http: named cookie not present
2025/09/17 15:48:22 DEBUG: extractToken - æœªæ‰¾åˆ°ä»»ä½•token
2025/09/17 15:48:22 DEBUG: è®¤è¯ä¸­é—´ä»¶ - æå–åˆ°çš„token: ç©ºtoken
2025/09/17 15:48:22 DEBUG: è®¤è¯ä¸­é—´ä»¶ - tokenä¸ºç©ºï¼Œè¿”å›æœªç™»å½•
[GIN] 2025/09/17 - 15:48:22 | 401 |      50.917Âµs |             ::1 | GET      "/api/v1/template/enhanced/analysis/1/usage"
2025/09/17 15:48:22 DEBUG: è®¤è¯ä¸­é—´ä»¶ - å¼€å§‹å¤„ç†è¯·æ±‚: POST /api/v1/template/enhanced/relationships/
2025/09/17 15:48:22 DEBUG: extractToken - å¼€å§‹æå–token
2025/09/17 15:48:22 DEBUG: extractToken - Authorization header: 'Bearer'
2025/09/17 15:48:22 DEBUG: extractToken - åˆ†å‰²åçš„parts: [Bearer], é•¿åº¦: 1
2025/09/17 15:48:22 DEBUG: extractToken - Beareræ ¼å¼ä¸æ­£ç¡®æˆ–ç¼ºå¤±
2025/09/17 15:48:22 DEBUG: extractToken - æŸ¥è¯¢å‚æ•°token: ''
2025/09/17 15:48:22 DEBUG: extractToken - Cookie token: '', é”™è¯¯: http: named cookie not present
2025/09/17 15:48:22 DEBUG: extractToken - æœªæ‰¾åˆ°ä»»ä½•token
2025/09/17 15:48:22 DEBUG: è®¤è¯ä¸­é—´ä»¶ - æå–åˆ°çš„token: ç©ºtoken
2025/09/17 15:48:22 DEBUG: è®¤è¯ä¸­é—´ä»¶ - tokenä¸ºç©ºï¼Œè¿”å›æœªç™»å½•
[GIN] 2025/09/17 - 15:48:22 | 401 |      46.333Âµs |             ::1 | POST     "/api/v1/template/enhanced/relationships/"
2025/09/17 15:48:22 DEBUG: è®¤è¯ä¸­é—´ä»¶ - å¼€å§‹å¤„ç†è¯·æ±‚: GET /api/v1/template/enhanced/relationships/1
2025/09/17 15:48:22 DEBUG: extractToken - å¼€å§‹æå–token
2025/09/17 15:48:22 DEBUG: extractToken - Authorization header: 'Bearer'
2025/09/17 15:48:22 DEBUG: extractToken - åˆ†å‰²åçš„parts: [Bearer], é•¿åº¦: 1
2025/09/17 15:48:22 DEBUG: extractToken - Beareræ ¼å¼ä¸æ­£ç¡®æˆ–ç¼ºå¤±
2025/09/17 15:48:22 DEBUG: extractToken - æŸ¥è¯¢å‚æ•°token: ''
2025/09/17 15:48:22 DEBUG: extractToken - Cookie token: '', é”™è¯¯: http: named cookie not present
2025/09/17 15:48:22 DEBUG: extractToken - æœªæ‰¾åˆ°ä»»ä½•token
2025/09/17 15:48:22 DEBUG: è®¤è¯ä¸­é—´ä»¶ - æå–åˆ°çš„token: ç©ºtoken
2025/09/17 15:48:22 DEBUG: è®¤è¯ä¸­é—´ä»¶ - tokenä¸ºç©ºï¼Œè¿”å›æœªç™»å½•
[GIN] 2025/09/17 - 15:48:22 | 401 |       75.75Âµs |             ::1 | GET      "/api/v1/template/enhanced/relationships/1"
[GIN] 2025/09/17 - 15:48:26 | 200 |     275.583Âµs |       127.0.0.1 | GET      "/health"
2025/09/17 15:48:30 DEBUG: è®¤è¯ä¸­é—´ä»¶ - å¼€å§‹å¤„ç†è¯·æ±‚: GET /api/v1/template/enhanced/sync/1/status
2025/09/17 15:48:30 DEBUG: extractToken - å¼€å§‹æå–token
2025/09/17 15:48:30 DEBUG: extractToken - Authorization header: 'Bearer'
2025/09/17 15:48:30 DEBUG: extractToken - åˆ†å‰²åçš„parts: [Bearer], é•¿åº¦: 1
2025/09/17 15:48:30 DEBUG: extractToken - Beareræ ¼å¼ä¸æ­£ç¡®æˆ–ç¼ºå¤±
2025/09/17 15:48:30 DEBUG: extractToken - æŸ¥è¯¢å‚æ•°token: ''
2025/09/17 15:48:30 DEBUG: extractToken - Cookie token: '', é”™è¯¯: http: named cookie not present
2025/09/17 15:48:30 DEBUG: extractToken - æœªæ‰¾åˆ°ä»»ä½•token
2025/09/17 15:48:30 DEBUG: è®¤è¯ä¸­é—´ä»¶ - æå–åˆ°çš„token: ç©ºtoken
2025/09/17 15:48:30 DEBUG: è®¤è¯ä¸­é—´ä»¶ - tokenä¸ºç©ºï¼Œè¿”å›æœªç™»å½•
[GIN] 2025/09/17 - 15:48:30 | 401 |       71.75Âµs |             ::1 | GET      "/api/v1/template/enhanced/sync/1/status"
[GIN] 2025/09/17 - 15:48:36 | 200 |       330.5Âµs |       127.0.0.1 | GET      "/health"
2025/09/17 15:48:43 DEBUG: è®¤è¯ä¸­é—´ä»¶ - å¼€å§‹å¤„ç†è¯·æ±‚: GET /api/v1/template/enhanced/sync/1/status
2025/09/17 15:48:43 DEBUG: extractToken - å¼€å§‹æå–token
2025/09/17 15:48:43 DEBUG: extractToken - Authorization header: 'Bearer eyJhbGciOiJIUzI1NiIsInR5cCI6IkpXVCJ9.eyJ1c2VyX2lkIjoxLCJ1c2VybmFtZSI6ImFkbWluIiwiZW1haWwiOiJhZG1pbkBqb2JmaXJzdC5jb20iLCJyb2xlIjoic3VwZXJfYWRtaW4iLCJsZXZlbCI6NCwicGVybWlzc2lvbnMiOlsiKiJdLCJpc3MiOiJqb2JmaXJzdC1hdXRoIiwic3ViIjoiMSIsImV4cCI6MTc1ODcwMDEyMywibmJmIjoxNzU4MDk1MzIzLCJpYXQiOjE3NTgwOTUzMjN9.ekbspxHZIrjNuS-SPY3OaZ3KyRLoaLUfUS6s7JkFj7Q'
2025/09/17 15:48:43 DEBUG: extractToken - åˆ†å‰²åçš„parts: [Bearer eyJhbGciOiJIUzI1NiIsInR5cCI6IkpXVCJ9.eyJ1c2VyX2lkIjoxLCJ1c2VybmFtZSI6ImFkbWluIiwiZW1haWwiOiJhZG1pbkBqb2JmaXJzdC5jb20iLCJyb2xlIjoic3VwZXJfYWRtaW4iLCJsZXZlbCI6NCwicGVybWlzc2lvbnMiOlsiKiJdLCJpc3MiOiJqb2JmaXJzdC1hdXRoIiwic3ViIjoiMSIsImV4cCI6MTc1ODcwMDEyMywibmJmIjoxNzU4MDk1MzIzLCJpYXQiOjE3NTgwOTUzMjN9.ekbspxHZIrjNuS-SPY3OaZ3KyRLoaLUfUS6s7JkFj7Q], é•¿åº¦: 2
2025/09/17 15:48:43 DEBUG: extractToken - æ‰¾åˆ°Bearer token: eyJhbGciOiJIUzI1NiIsInR5cCI6IkpXVCJ9.eyJ1c2VyX2lkI...
2025/09/17 15:48:43 DEBUG: è®¤è¯ä¸­é—´ä»¶ - æå–åˆ°çš„token: eyJhbGciOiJIUzI1NiIsInR5cCI6IkpXVCJ9.eyJ1c2VyX2lkI...
2025/09/17 15:48:43 DEBUG: è®¤è¯ä¸­é—´ä»¶ - å¼€å§‹éªŒè¯token
2025/09/17 15:48:43 DEBUG: å¼€å§‹éªŒè¯JWT token: eyJhbGciOiJIUzI1NiIsInR5cCI6IkpXVCJ9.eyJ1c2VyX2lkI...
2025/09/17 15:48:43 DEBUG: ä½¿ç”¨JWT secret: jobfirst-unified-auth-secret-key-2024
2025/09/17 15:48:43 DEBUG: JWTè§£æ - ç®—æ³•: HS256
2025/09/17 15:48:43 DEBUG: JWTè§£æ - ä½¿ç”¨secretè¿›è¡ŒéªŒè¯
2025/09/17 15:48:43 DEBUG: å½“å‰æ—¶é—´: 1758095323, Tokenè¿‡æœŸæ—¶é—´: 1758700123
2025/09/17 15:48:43 DEBUG: è®¤è¯ä¸­é—´ä»¶ - tokenéªŒè¯æˆåŠŸï¼Œç”¨æˆ·ID: 1, ç”¨æˆ·å: admin, è§’è‰²: super_admin
2025/09/17 15:48:43 DEBUG: è®¤è¯ä¸­é—´ä»¶ - ç”¨æˆ·ä¿¡æ¯å·²è®¾ç½®åˆ°ä¸Šä¸‹æ–‡ï¼Œç»§ç»­å¤„ç†è¯·æ±‚
[GIN] 2025/09/17 - 15:48:43 | 200 |      11.232ms |             ::1 | GET      "/api/v1/template/enhanced/sync/1/status"
2025/09/17 15:48:43 DEBUG: è®¤è¯ä¸­é—´ä»¶ - å¼€å§‹å¤„ç†è¯·æ±‚: POST /api/v1/template/templates/
2025/09/17 15:48:43 DEBUG: extractToken - å¼€å§‹æå–token
2025/09/17 15:48:43 DEBUG: extractToken - Authorization header: 'Bearer eyJhbGciOiJIUzI1NiIsInR5cCI6IkpXVCJ9.eyJ1c2VyX2lkIjoxLCJ1c2VybmFtZSI6ImFkbWluIiwiZW1haWwiOiJhZG1pbkBqb2JmaXJzdC5jb20iLCJyb2xlIjoic3VwZXJfYWRtaW4iLCJsZXZlbCI6NCwicGVybWlzc2lvbnMiOlsiKiJdLCJpc3MiOiJqb2JmaXJzdC1hdXRoIiwic3ViIjoiMSIsImV4cCI6MTc1ODcwMDEyMywibmJmIjoxNzU4MDk1MzIzLCJpYXQiOjE3NTgwOTUzMjN9.ekbspxHZIrjNuS-SPY3OaZ3KyRLoaLUfUS6s7JkFj7Q'
2025/09/17 15:48:43 DEBUG: extractToken - åˆ†å‰²åçš„parts: [Bearer eyJhbGciOiJIUzI1NiIsInR5cCI6IkpXVCJ9.eyJ1c2VyX2lkIjoxLCJ1c2VybmFtZSI6ImFkbWluIiwiZW1haWwiOiJhZG1pbkBqb2JmaXJzdC5jb20iLCJyb2xlIjoic3VwZXJfYWRtaW4iLCJsZXZlbCI6NCwicGVybWlzc2lvbnMiOlsiKiJdLCJpc3MiOiJqb2JmaXJzdC1hdXRoIiwic3ViIjoiMSIsImV4cCI6MTc1ODcwMDEyMywibmJmIjoxNzU4MDk1MzIzLCJpYXQiOjE3NTgwOTUzMjN9.ekbspxHZIrjNuS-SPY3OaZ3KyRLoaLUfUS6s7JkFj7Q], é•¿åº¦: 2
2025/09/17 15:48:43 DEBUG: extractToken - æ‰¾åˆ°Bearer token: eyJhbGciOiJIUzI1NiIsInR5cCI6IkpXVCJ9.eyJ1c2VyX2lkI...
2025/09/17 15:48:43 DEBUG: è®¤è¯ä¸­é—´ä»¶ - æå–åˆ°çš„token: eyJhbGciOiJIUzI1NiIsInR5cCI6IkpXVCJ9.eyJ1c2VyX2lkI...
2025/09/17 15:48:43 DEBUG: è®¤è¯ä¸­é—´ä»¶ - å¼€å§‹éªŒè¯token
2025/09/17 15:48:43 DEBUG: å¼€å§‹éªŒè¯JWT token: eyJhbGciOiJIUzI1NiIsInR5cCI6IkpXVCJ9.eyJ1c2VyX2lkI...
2025/09/17 15:48:43 DEBUG: ä½¿ç”¨JWT secret: jobfirst-unified-auth-secret-key-2024
2025/09/17 15:48:43 DEBUG: JWTè§£æ - ç®—æ³•: HS256
2025/09/17 15:48:43 DEBUG: JWTè§£æ - ä½¿ç”¨secretè¿›è¡ŒéªŒè¯
2025/09/17 15:48:43 DEBUG: å½“å‰æ—¶é—´: 1758095323, Tokenè¿‡æœŸæ—¶é—´: 1758700123
2025/09/17 15:48:43 DEBUG: è®¤è¯ä¸­é—´ä»¶ - tokenéªŒè¯æˆåŠŸï¼Œç”¨æˆ·ID: 1, ç”¨æˆ·å: admin, è§’è‰²: super_admin
2025/09/17 15:48:43 DEBUG: è®¤è¯ä¸­é—´ä»¶ - ç”¨æˆ·ä¿¡æ¯å·²è®¾ç½®åˆ°ä¸Šä¸‹æ–‡ï¼Œç»§ç»­å¤„ç†è¯·æ±‚
[GIN] 2025/09/17 - 15:48:43 | 201 |    2.855625ms |             ::1 | POST     "/api/v1/template/templates/"
[GIN] 2025/09/17 - 15:48:46 | 200 |     563.333Âµs |       127.0.0.1 | GET      "/health"
[GIN] 2025/09/17 - 15:48:56 | 200 |      360.25Âµs |       127.0.0.1 | GET      "/health"
2025/09/17 15:48:57 DEBUG: è®¤è¯ä¸­é—´ä»¶ - å¼€å§‹å¤„ç†è¯·æ±‚: GET /api/v1/template/enhanced/analysis/4/usage
2025/09/17 15:48:57 DEBUG: extractToken - å¼€å§‹æå–token
2025/09/17 15:48:57 DEBUG: extractToken - Authorization header: 'Bearer'
2025/09/17 15:48:57 DEBUG: extractToken - åˆ†å‰²åçš„parts: [Bearer], é•¿åº¦: 1
2025/09/17 15:48:57 DEBUG: extractToken - Beareræ ¼å¼ä¸æ­£ç¡®æˆ–ç¼ºå¤±
2025/09/17 15:48:57 DEBUG: extractToken - æŸ¥è¯¢å‚æ•°token: ''
2025/09/17 15:48:57 DEBUG: extractToken - Cookie token: '', é”™è¯¯: http: named cookie not present
2025/09/17 15:48:57 DEBUG: extractToken - æœªæ‰¾åˆ°ä»»ä½•token
2025/09/17 15:48:57 DEBUG: è®¤è¯ä¸­é—´ä»¶ - æå–åˆ°çš„token: ç©ºtoken
2025/09/17 15:48:57 DEBUG: è®¤è¯ä¸­é—´ä»¶ - tokenä¸ºç©ºï¼Œè¿”å›æœªç™»å½•
[GIN] 2025/09/17 - 15:48:57 | 401 |        55.5Âµs |             ::1 | GET      "/api/v1/template/enhanced/analysis/4/usage"
2025/09/17 15:48:57 DEBUG: è®¤è¯ä¸­é—´ä»¶ - å¼€å§‹å¤„ç†è¯·æ±‚: POST /api/v1/template/enhanced/relationships/
2025/09/17 15:48:57 DEBUG: extractToken - å¼€å§‹æå–token
2025/09/17 15:48:57 DEBUG: extractToken - Authorization header: 'Bearer'
2025/09/17 15:48:57 DEBUG: extractToken - åˆ†å‰²åçš„parts: [Bearer], é•¿åº¦: 1
2025/09/17 15:48:57 DEBUG: extractToken - Beareræ ¼å¼ä¸æ­£ç¡®æˆ–ç¼ºå¤±
2025/09/17 15:48:57 DEBUG: extractToken - æŸ¥è¯¢å‚æ•°token: ''
2025/09/17 15:48:57 DEBUG: extractToken - Cookie token: '', é”™è¯¯: http: named cookie not present
2025/09/17 15:48:57 DEBUG: extractToken - æœªæ‰¾åˆ°ä»»ä½•token
2025/09/17 15:48:57 DEBUG: è®¤è¯ä¸­é—´ä»¶ - æå–åˆ°çš„token: ç©ºtoken
2025/09/17 15:48:57 DEBUG: è®¤è¯ä¸­é—´ä»¶ - tokenä¸ºç©ºï¼Œè¿”å›æœªç™»å½•
[GIN] 2025/09/17 - 15:48:57 | 401 |      53.084Âµs |             ::1 | POST     "/api/v1/template/enhanced/relationships/"
2025/09/17 15:48:57 DEBUG: è®¤è¯ä¸­é—´ä»¶ - å¼€å§‹å¤„ç†è¯·æ±‚: GET /api/v1/template/enhanced/relationships/1
2025/09/17 15:48:57 DEBUG: extractToken - å¼€å§‹æå–token
2025/09/17 15:48:57 DEBUG: extractToken - Authorization header: 'Bearer'
2025/09/17 15:48:57 DEBUG: extractToken - åˆ†å‰²åçš„parts: [Bearer], é•¿åº¦: 1
2025/09/17 15:48:57 DEBUG: extractToken - Beareræ ¼å¼ä¸æ­£ç¡®æˆ–ç¼ºå¤±
2025/09/17 15:48:57 DEBUG: extractToken - æŸ¥è¯¢å‚æ•°token: ''
2025/09/17 15:48:57 DEBUG: extractToken - Cookie token: '', é”™è¯¯: http: named cookie not present
2025/09/17 15:48:57 DEBUG: extractToken - æœªæ‰¾åˆ°ä»»ä½•token
2025/09/17 15:48:57 DEBUG: è®¤è¯ä¸­é—´ä»¶ - æå–åˆ°çš„token: ç©ºtoken
2025/09/17 15:48:57 DEBUG: è®¤è¯ä¸­é—´ä»¶ - tokenä¸ºç©ºï¼Œè¿”å›æœªç™»å½•
[GIN] 2025/09/17 - 15:48:57 | 401 |      66.792Âµs |             ::1 | GET      "/api/v1/template/enhanced/relationships/1"
2025/09/17 15:48:57 DEBUG: è®¤è¯ä¸­é—´ä»¶ - å¼€å§‹å¤„ç†è¯·æ±‚: POST /api/v1/template/enhanced/recommendations/relationship-based
2025/09/17 15:48:57 DEBUG: extractToken - å¼€å§‹æå–token
2025/09/17 15:48:57 DEBUG: extractToken - Authorization header: 'Bearer'
2025/09/17 15:48:57 DEBUG: extractToken - åˆ†å‰²åçš„parts: [Bearer], é•¿åº¦: 1
2025/09/17 15:48:57 DEBUG: extractToken - Beareræ ¼å¼ä¸æ­£ç¡®æˆ–ç¼ºå¤±
2025/09/17 15:48:57 DEBUG: extractToken - æŸ¥è¯¢å‚æ•°token: ''
2025/09/17 15:48:57 DEBUG: extractToken - Cookie token: '', é”™è¯¯: http: named cookie not present
2025/09/17 15:48:57 DEBUG: extractToken - æœªæ‰¾åˆ°ä»»ä½•token
2025/09/17 15:48:57 DEBUG: è®¤è¯ä¸­é—´ä»¶ - æå–åˆ°çš„token: ç©ºtoken
2025/09/17 15:48:57 DEBUG: è®¤è¯ä¸­é—´ä»¶ - tokenä¸ºç©ºï¼Œè¿”å›æœªç™»å½•
[GIN] 2025/09/17 - 15:48:57 | 401 |      50.041Âµs |             ::1 | POST     "/api/v1/template/enhanced/recommendations/relationship-based"
[GIN] 2025/09/17 - 15:49:06 | 200 |      267.25Âµs |       127.0.0.1 | GET      "/health"
2025/09/17 15:49:15 DEBUG: è®¤è¯ä¸­é—´ä»¶ - å¼€å§‹å¤„ç†è¯·æ±‚: GET /api/v1/template/enhanced/analysis/4/usage
2025/09/17 15:49:15 DEBUG: extractToken - å¼€å§‹æå–token
2025/09/17 15:49:15 DEBUG: extractToken - Authorization header: 'Bearer eyJhbGciOiJIUzI1NiIsInR5cCI6IkpXVCJ9.eyJ1c2VyX2lkIjoxLCJ1c2VybmFtZSI6ImFkbWluIiwiZW1haWwiOiJhZG1pbkBqb2JmaXJzdC5jb20iLCJyb2xlIjoic3VwZXJfYWRtaW4iLCJsZXZlbCI6NCwicGVybWlzc2lvbnMiOlsiKiJdLCJpc3MiOiJqb2JmaXJzdC1hdXRoIiwic3ViIjoiMSIsImV4cCI6MTc1ODcwMDE1NSwibmJmIjoxNzU4MDk1MzU1LCJpYXQiOjE3NTgwOTUzNTV9.cb5wCjzLCN7dIfqrtBedyZv2QqBV37vs5PH85EGPqEc'
2025/09/17 15:49:15 DEBUG: extractToken - åˆ†å‰²åçš„parts: [Bearer eyJhbGciOiJIUzI1NiIsInR5cCI6IkpXVCJ9.eyJ1c2VyX2lkIjoxLCJ1c2VybmFtZSI6ImFkbWluIiwiZW1haWwiOiJhZG1pbkBqb2JmaXJzdC5jb20iLCJyb2xlIjoic3VwZXJfYWRtaW4iLCJsZXZlbCI6NCwicGVybWlzc2lvbnMiOlsiKiJdLCJpc3MiOiJqb2JmaXJzdC1hdXRoIiwic3ViIjoiMSIsImV4cCI6MTc1ODcwMDE1NSwibmJmIjoxNzU4MDk1MzU1LCJpYXQiOjE3NTgwOTUzNTV9.cb5wCjzLCN7dIfqrtBedyZv2QqBV37vs5PH85EGPqEc], é•¿åº¦: 2
2025/09/17 15:49:15 DEBUG: extractToken - æ‰¾åˆ°Bearer token: eyJhbGciOiJIUzI1NiIsInR5cCI6IkpXVCJ9.eyJ1c2VyX2lkI...
2025/09/17 15:49:15 DEBUG: è®¤è¯ä¸­é—´ä»¶ - æå–åˆ°çš„token: eyJhbGciOiJIUzI1NiIsInR5cCI6IkpXVCJ9.eyJ1c2VyX2lkI...
2025/09/17 15:49:15 DEBUG: è®¤è¯ä¸­é—´ä»¶ - å¼€å§‹éªŒè¯token
2025/09/17 15:49:15 DEBUG: å¼€å§‹éªŒè¯JWT token: eyJhbGciOiJIUzI1NiIsInR5cCI6IkpXVCJ9.eyJ1c2VyX2lkI...
2025/09/17 15:49:15 DEBUG: ä½¿ç”¨JWT secret: jobfirst-unified-auth-secret-key-2024
2025/09/17 15:49:15 DEBUG: JWTè§£æ - ç®—æ³•: HS256
2025/09/17 15:49:15 DEBUG: JWTè§£æ - ä½¿ç”¨secretè¿›è¡ŒéªŒè¯
2025/09/17 15:49:15 DEBUG: å½“å‰æ—¶é—´: 1758095355, Tokenè¿‡æœŸæ—¶é—´: 1758700155
2025/09/17 15:49:15 DEBUG: è®¤è¯ä¸­é—´ä»¶ - tokenéªŒè¯æˆåŠŸï¼Œç”¨æˆ·ID: 1, ç”¨æˆ·å: admin, è§’è‰²: super_admin
2025/09/17 15:49:15 DEBUG: è®¤è¯ä¸­é—´ä»¶ - ç”¨æˆ·ä¿¡æ¯å·²è®¾ç½®åˆ°ä¸Šä¸‹æ–‡ï¼Œç»§ç»­å¤„ç†è¯·æ±‚
[GIN] 2025/09/17 - 15:49:16 | 200 |   20.587292ms |             ::1 | GET      "/api/v1/template/enhanced/analysis/4/usage"
2025/09/17 15:49:16 DEBUG: è®¤è¯ä¸­é—´ä»¶ - å¼€å§‹å¤„ç†è¯·æ±‚: POST /api/v1/template/enhanced/relationships/
2025/09/17 15:49:16 DEBUG: extractToken - å¼€å§‹æå–token
2025/09/17 15:49:16 DEBUG: extractToken - Authorization header: 'Bearer eyJhbGciOiJIUzI1NiIsInR5cCI6IkpXVCJ9.eyJ1c2VyX2lkIjoxLCJ1c2VybmFtZSI6ImFkbWluIiwiZW1haWwiOiJhZG1pbkBqb2JmaXJzdC5jb20iLCJyb2xlIjoic3VwZXJfYWRtaW4iLCJsZXZlbCI6NCwicGVybWlzc2lvbnMiOlsiKiJdLCJpc3MiOiJqb2JmaXJzdC1hdXRoIiwic3ViIjoiMSIsImV4cCI6MTc1ODcwMDE1NSwibmJmIjoxNzU4MDk1MzU1LCJpYXQiOjE3NTgwOTUzNTV9.cb5wCjzLCN7dIfqrtBedyZv2QqBV37vs5PH85EGPqEc'
2025/09/17 15:49:16 DEBUG: extractToken - åˆ†å‰²åçš„parts: [Bearer eyJhbGciOiJIUzI1NiIsInR5cCI6IkpXVCJ9.eyJ1c2VyX2lkIjoxLCJ1c2VybmFtZSI6ImFkbWluIiwiZW1haWwiOiJhZG1pbkBqb2JmaXJzdC5jb20iLCJyb2xlIjoic3VwZXJfYWRtaW4iLCJsZXZlbCI6NCwicGVybWlzc2lvbnMiOlsiKiJdLCJpc3MiOiJqb2JmaXJzdC1hdXRoIiwic3ViIjoiMSIsImV4cCI6MTc1ODcwMDE1NSwibmJmIjoxNzU4MDk1MzU1LCJpYXQiOjE3NTgwOTUzNTV9.cb5wCjzLCN7dIfqrtBedyZv2QqBV37vs5PH85EGPqEc], é•¿åº¦: 2
2025/09/17 15:49:16 DEBUG: extractToken - æ‰¾åˆ°Bearer token: eyJhbGciOiJIUzI1NiIsInR5cCI6IkpXVCJ9.eyJ1c2VyX2lkI...
2025/09/17 15:49:16 DEBUG: è®¤è¯ä¸­é—´ä»¶ - æå–åˆ°çš„token: eyJhbGciOiJIUzI1NiIsInR5cCI6IkpXVCJ9.eyJ1c2VyX2lkI...
2025/09/17 15:49:16 DEBUG: è®¤è¯ä¸­é—´ä»¶ - å¼€å§‹éªŒè¯token
2025/09/17 15:49:16 DEBUG: å¼€å§‹éªŒè¯JWT token: eyJhbGciOiJIUzI1NiIsInR5cCI6IkpXVCJ9.eyJ1c2VyX2lkI...
2025/09/17 15:49:16 DEBUG: ä½¿ç”¨JWT secret: jobfirst-unified-auth-secret-key-2024
2025/09/17 15:49:16 DEBUG: JWTè§£æ - ç®—æ³•: HS256
2025/09/17 15:49:16 DEBUG: JWTè§£æ - ä½¿ç”¨secretè¿›è¡ŒéªŒè¯
2025/09/17 15:49:16 DEBUG: å½“å‰æ—¶é—´: 1758095356, Tokenè¿‡æœŸæ—¶é—´: 1758700155
2025/09/17 15:49:16 DEBUG: è®¤è¯ä¸­é—´ä»¶ - tokenéªŒè¯æˆåŠŸï¼Œç”¨æˆ·ID: 1, ç”¨æˆ·å: admin, è§’è‰²: super_admin
2025/09/17 15:49:16 DEBUG: è®¤è¯ä¸­é—´ä»¶ - ç”¨æˆ·ä¿¡æ¯å·²è®¾ç½®åˆ°ä¸Šä¸‹æ–‡ï¼Œç»§ç»­å¤„ç†è¯·æ±‚
[GIN] 2025/09/17 - 15:49:16 | 200 |     161.458Âµs |       127.0.0.1 | GET      "/health"
[GIN] 2025/09/17 - 15:49:16 | 201 |  220.424333ms |             ::1 | POST     "/api/v1/template/enhanced/relationships/"
2025/09/17 15:49:16 DEBUG: è®¤è¯ä¸­é—´ä»¶ - å¼€å§‹å¤„ç†è¯·æ±‚: GET /api/v1/template/enhanced/relationships/1
2025/09/17 15:49:16 DEBUG: extractToken - å¼€å§‹æå–token
2025/09/17 15:49:16 DEBUG: extractToken - Authorization header: 'Bearer eyJhbGciOiJIUzI1NiIsInR5cCI6IkpXVCJ9.eyJ1c2VyX2lkIjoxLCJ1c2VybmFtZSI6ImFkbWluIiwiZW1haWwiOiJhZG1pbkBqb2JmaXJzdC5jb20iLCJyb2xlIjoic3VwZXJfYWRtaW4iLCJsZXZlbCI6NCwicGVybWlzc2lvbnMiOlsiKiJdLCJpc3MiOiJqb2JmaXJzdC1hdXRoIiwic3ViIjoiMSIsImV4cCI6MTc1ODcwMDE1NSwibmJmIjoxNzU4MDk1MzU1LCJpYXQiOjE3NTgwOTUzNTV9.cb5wCjzLCN7dIfqrtBedyZv2QqBV37vs5PH85EGPqEc'
2025/09/17 15:49:16 DEBUG: extractToken - åˆ†å‰²åçš„parts: [Bearer eyJhbGciOiJIUzI1NiIsInR5cCI6IkpXVCJ9.eyJ1c2VyX2lkIjoxLCJ1c2VybmFtZSI6ImFkbWluIiwiZW1haWwiOiJhZG1pbkBqb2JmaXJzdC5jb20iLCJyb2xlIjoic3VwZXJfYWRtaW4iLCJsZXZlbCI6NCwicGVybWlzc2lvbnMiOlsiKiJdLCJpc3MiOiJqb2JmaXJzdC1hdXRoIiwic3ViIjoiMSIsImV4cCI6MTc1ODcwMDE1NSwibmJmIjoxNzU4MDk1MzU1LCJpYXQiOjE3NTgwOTUzNTV9.cb5wCjzLCN7dIfqrtBedyZv2QqBV37vs5PH85EGPqEc], é•¿åº¦: 2
2025/09/17 15:49:16 DEBUG: extractToken - æ‰¾åˆ°Bearer token: eyJhbGciOiJIUzI1NiIsInR5cCI6IkpXVCJ9.eyJ1c2VyX2lkI...
2025/09/17 15:49:16 DEBUG: è®¤è¯ä¸­é—´ä»¶ - æå–åˆ°çš„token: eyJhbGciOiJIUzI1NiIsInR5cCI6IkpXVCJ9.eyJ1c2VyX2lkI...
2025/09/17 15:49:16 DEBUG: è®¤è¯ä¸­é—´ä»¶ - å¼€å§‹éªŒè¯token
2025/09/17 15:49:16 DEBUG: å¼€å§‹éªŒè¯JWT token: eyJhbGciOiJIUzI1NiIsInR5cCI6IkpXVCJ9.eyJ1c2VyX2lkI...
2025/09/17 15:49:16 DEBUG: ä½¿ç”¨JWT secret: jobfirst-unified-auth-secret-key-2024
2025/09/17 15:49:16 DEBUG: JWTè§£æ - ç®—æ³•: HS256
2025/09/17 15:49:16 DEBUG: JWTè§£æ - ä½¿ç”¨secretè¿›è¡ŒéªŒè¯
2025/09/17 15:49:16 DEBUG: å½“å‰æ—¶é—´: 1758095356, Tokenè¿‡æœŸæ—¶é—´: 1758700155
2025/09/17 15:49:16 DEBUG: è®¤è¯ä¸­é—´ä»¶ - tokenéªŒè¯æˆåŠŸï¼Œç”¨æˆ·ID: 1, ç”¨æˆ·å: admin, è§’è‰²: super_admin
2025/09/17 15:49:16 DEBUG: è®¤è¯ä¸­é—´ä»¶ - ç”¨æˆ·ä¿¡æ¯å·²è®¾ç½®åˆ°ä¸Šä¸‹æ–‡ï¼Œç»§ç»­å¤„ç†è¯·æ±‚
[GIN] 2025/09/17 - 15:49:16 | 200 |    2.297292ms |             ::1 | GET      "/api/v1/template/enhanced/relationships/1"
2025/09/17 15:49:16 DEBUG: è®¤è¯ä¸­é—´ä»¶ - å¼€å§‹å¤„ç†è¯·æ±‚: POST /api/v1/template/enhanced/recommendations/relationship-based
2025/09/17 15:49:16 DEBUG: extractToken - å¼€å§‹æå–token
2025/09/17 15:49:16 DEBUG: extractToken - Authorization header: 'Bearer eyJhbGciOiJIUzI1NiIsInR5cCI6IkpXVCJ9.eyJ1c2VyX2lkIjoxLCJ1c2VybmFtZSI6ImFkbWluIiwiZW1haWwiOiJhZG1pbkBqb2JmaXJzdC5jb20iLCJyb2xlIjoic3VwZXJfYWRtaW4iLCJsZXZlbCI6NCwicGVybWlzc2lvbnMiOlsiKiJdLCJpc3MiOiJqb2JmaXJzdC1hdXRoIiwic3ViIjoiMSIsImV4cCI6MTc1ODcwMDE1NSwibmJmIjoxNzU4MDk1MzU1LCJpYXQiOjE3NTgwOTUzNTV9.cb5wCjzLCN7dIfqrtBedyZv2QqBV37vs5PH85EGPqEc'
2025/09/17 15:49:16 DEBUG: extractToken - åˆ†å‰²åçš„parts: [Bearer eyJhbGciOiJIUzI1NiIsInR5cCI6IkpXVCJ9.eyJ1c2VyX2lkIjoxLCJ1c2VybmFtZSI6ImFkbWluIiwiZW1haWwiOiJhZG1pbkBqb2JmaXJzdC5jb20iLCJyb2xlIjoic3VwZXJfYWRtaW4iLCJsZXZlbCI6NCwicGVybWlzc2lvbnMiOlsiKiJdLCJpc3MiOiJqb2JmaXJzdC1hdXRoIiwic3ViIjoiMSIsImV4cCI6MTc1ODcwMDE1NSwibmJmIjoxNzU4MDk1MzU1LCJpYXQiOjE3NTgwOTUzNTV9.cb5wCjzLCN7dIfqrtBedyZv2QqBV37vs5PH85EGPqEc], é•¿åº¦: 2
2025/09/17 15:49:16 DEBUG: extractToken - æ‰¾åˆ°Bearer token: eyJhbGciOiJIUzI1NiIsInR5cCI6IkpXVCJ9.eyJ1c2VyX2lkI...
2025/09/17 15:49:16 DEBUG: è®¤è¯ä¸­é—´ä»¶ - æå–åˆ°çš„token: eyJhbGciOiJIUzI1NiIsInR5cCI6IkpXVCJ9.eyJ1c2VyX2lkI...
2025/09/17 15:49:16 DEBUG: è®¤è¯ä¸­é—´ä»¶ - å¼€å§‹éªŒè¯token
2025/09/17 15:49:16 DEBUG: å¼€å§‹éªŒè¯JWT token: eyJhbGciOiJIUzI1NiIsInR5cCI6IkpXVCJ9.eyJ1c2VyX2lkI...
2025/09/17 15:49:16 DEBUG: ä½¿ç”¨JWT secret: jobfirst-unified-auth-secret-key-2024
2025/09/17 15:49:16 DEBUG: JWTè§£æ - ç®—æ³•: HS256
2025/09/17 15:49:16 DEBUG: JWTè§£æ - ä½¿ç”¨secretè¿›è¡ŒéªŒè¯
2025/09/17 15:49:16 DEBUG: å½“å‰æ—¶é—´: 1758095356, Tokenè¿‡æœŸæ—¶é—´: 1758700155
2025/09/17 15:49:16 DEBUG: è®¤è¯ä¸­é—´ä»¶ - tokenéªŒè¯æˆåŠŸï¼Œç”¨æˆ·ID: 1, ç”¨æˆ·å: admin, è§’è‰²: super_admin
2025/09/17 15:49:16 DEBUG: è®¤è¯ä¸­é—´ä»¶ - ç”¨æˆ·ä¿¡æ¯å·²è®¾ç½®åˆ°ä¸Šä¸‹æ–‡ï¼Œç»§ç»­å¤„ç†è¯·æ±‚
[GIN] 2025/09/17 - 15:49:16 | 200 |     2.41725ms |             ::1 | POST     "/api/v1/template/enhanced/recommendations/relationship-based"
[GIN] 2025/09/17 - 15:49:26 | 200 |     217.375Âµs |       127.0.0.1 | GET      "/health"
[GIN] 2025/09/17 - 15:49:36 | 200 |     259.083Âµs |       127.0.0.1 | GET      "/health"
[GIN] 2025/09/17 - 15:49:46 | 200 |     406.792Âµs |       127.0.0.1 | GET      "/health"
[GIN] 2025/09/17 - 15:49:56 | 200 |     412.583Âµs |       127.0.0.1 | GET      "/health"
[GIN] 2025/09/17 - 15:50:06 | 200 |     398.417Âµs |       127.0.0.1 | GET      "/health"
[GIN] 2025/09/17 - 15:50:16 | 200 |     337.667Âµs |       127.0.0.1 | GET      "/health"
[GIN] 2025/09/17 - 15:50:26 | 200 |     215.041Âµs |       127.0.0.1 | GET      "/health"
[GIN] 2025/09/17 - 15:50:36 | 200 |     635.959Âµs |       127.0.0.1 | GET      "/health"
[GIN] 2025/09/17 - 15:50:46 | 200 |      318.75Âµs |       127.0.0.1 | GET      "/health"
[GIN] 2025/09/17 - 15:50:56 | 200 |     10.5375ms |       127.0.0.1 | GET      "/health"
[GIN] 2025/09/17 - 15:51:06 | 200 |     668.875Âµs |       127.0.0.1 | GET      "/health"
[GIN] 2025/09/17 - 15:51:16 | 200 |     662.708Âµs |       127.0.0.1 | GET      "/health"
[GIN] 2025/09/17 - 15:51:26 | 200 |     682.584Âµs |       127.0.0.1 | GET      "/health"
[GIN] 2025/09/17 - 15:51:36 | 200 |     532.583Âµs |       127.0.0.1 | GET      "/health"
[GIN] 2025/09/17 - 15:51:46 | 200 |     301.833Âµs |       127.0.0.1 | GET      "/health"
[GIN] 2025/09/17 - 15:51:56 | 200 |     211.208Âµs |       127.0.0.1 | GET      "/health"
[GIN] 2025/09/17 - 15:52:06 | 200 |         652Âµs |       127.0.0.1 | GET      "/health"
[GIN] 2025/09/17 - 15:52:16 | 200 |      337.75Âµs |       127.0.0.1 | GET      "/health"
[GIN] 2025/09/17 - 15:52:26 | 200 |     366.708Âµs |       127.0.0.1 | GET      "/health"
[GIN] 2025/09/17 - 15:52:36 | 200 |     231.333Âµs |       127.0.0.1 | GET      "/health"
[GIN] 2025/09/17 - 15:52:46 | 200 |     332.042Âµs |       127.0.0.1 | GET      "/health"
[GIN] 2025/09/17 - 15:52:48 | 200 |     933.834Âµs |             ::1 | GET      "/api/v1/template/public/templates"
2025/09/17 15:52:48 DEBUG: è®¤è¯ä¸­é—´ä»¶ - å¼€å§‹å¤„ç†è¯·æ±‚: POST /api/v1/template/templates/
2025/09/17 15:52:48 DEBUG: extractToken - å¼€å§‹æå–token
2025/09/17 15:52:48 DEBUG: extractToken - Authorization header: 'Bearer'
2025/09/17 15:52:48 DEBUG: extractToken - åˆ†å‰²åçš„parts: [Bearer], é•¿åº¦: 1
2025/09/17 15:52:48 DEBUG: extractToken - Beareræ ¼å¼ä¸æ­£ç¡®æˆ–ç¼ºå¤±
2025/09/17 15:52:48 DEBUG: extractToken - æŸ¥è¯¢å‚æ•°token: ''
2025/09/17 15:52:48 DEBUG: extractToken - Cookie token: '', é”™è¯¯: http: named cookie not present
2025/09/17 15:52:48 DEBUG: extractToken - æœªæ‰¾åˆ°ä»»ä½•token
2025/09/17 15:52:48 DEBUG: è®¤è¯ä¸­é—´ä»¶ - æå–åˆ°çš„token: ç©ºtoken
2025/09/17 15:52:48 DEBUG: è®¤è¯ä¸­é—´ä»¶ - tokenä¸ºç©ºï¼Œè¿”å›æœªç™»å½•
[GIN] 2025/09/17 - 15:52:48 | 401 |       78.75Âµs |             ::1 | POST     "/api/v1/template/templates/"
2025/09/17 15:52:48 DEBUG: è®¤è¯ä¸­é—´ä»¶ - å¼€å§‹å¤„ç†è¯·æ±‚: GET /api/v1/template/enhanced/analysis/1/usage
2025/09/17 15:52:48 DEBUG: extractToken - å¼€å§‹æå–token
2025/09/17 15:52:48 DEBUG: extractToken - Authorization header: 'Bearer'
2025/09/17 15:52:48 DEBUG: extractToken - åˆ†å‰²åçš„parts: [Bearer], é•¿åº¦: 1
2025/09/17 15:52:48 DEBUG: extractToken - Beareræ ¼å¼ä¸æ­£ç¡®æˆ–ç¼ºå¤±
2025/09/17 15:52:48 DEBUG: extractToken - æŸ¥è¯¢å‚æ•°token: ''
2025/09/17 15:52:48 DEBUG: extractToken - Cookie token: '', é”™è¯¯: http: named cookie not present
2025/09/17 15:52:48 DEBUG: extractToken - æœªæ‰¾åˆ°ä»»ä½•token
2025/09/17 15:52:48 DEBUG: è®¤è¯ä¸­é—´ä»¶ - æå–åˆ°çš„token: ç©ºtoken
2025/09/17 15:52:48 DEBUG: è®¤è¯ä¸­é—´ä»¶ - tokenä¸ºç©ºï¼Œè¿”å›æœªç™»å½•
[GIN] 2025/09/17 - 15:52:48 | 401 |      52.542Âµs |             ::1 | GET      "/api/v1/template/enhanced/analysis/1/usage"
[GIN] 2025/09/17 - 15:52:56 | 200 |     378.375Âµs |       127.0.0.1 | GET      "/health"
2025/09/17 15:53:01 DEBUG: è®¤è¯ä¸­é—´ä»¶ - å¼€å§‹å¤„ç†è¯·æ±‚: POST /api/v1/template/templates/
2025/09/17 15:53:01 DEBUG: extractToken - å¼€å§‹æå–token
2025/09/17 15:53:01 DEBUG: extractToken - Authorization header: 'Bearer eyJhbGciOiJIUzI1NiIsInR5cCI6IkpXVCJ9.eyJ1c2VyX2lkIjoxLCJ1c2VybmFtZSI6ImFkbWluIiwiZW1haWwiOiJhZG1pbkBqb2JmaXJzdC5jb20iLCJyb2xlIjoic3VwZXJfYWRtaW4iLCJsZXZlbCI6NCwicGVybWlzc2lvbnMiOlsiKiJdLCJpc3MiOiJqb2JmaXJzdC1hdXRoIiwic3ViIjoiMSIsImV4cCI6MTc1ODcwMDM4MCwibmJmIjoxNzU4MDk1NTgwLCJpYXQiOjE3NTgwOTU1ODB9.CpW3At4htnDBpX39maqS6lgy53jdC-JnR8PHMRV-dd4'
2025/09/17 15:53:01 DEBUG: extractToken - åˆ†å‰²åçš„parts: [Bearer eyJhbGciOiJIUzI1NiIsInR5cCI6IkpXVCJ9.eyJ1c2VyX2lkIjoxLCJ1c2VybmFtZSI6ImFkbWluIiwiZW1haWwiOiJhZG1pbkBqb2JmaXJzdC5jb20iLCJyb2xlIjoic3VwZXJfYWRtaW4iLCJsZXZlbCI6NCwicGVybWlzc2lvbnMiOlsiKiJdLCJpc3MiOiJqb2JmaXJzdC1hdXRoIiwic3ViIjoiMSIsImV4cCI6MTc1ODcwMDM4MCwibmJmIjoxNzU4MDk1NTgwLCJpYXQiOjE3NTgwOTU1ODB9.CpW3At4htnDBpX39maqS6lgy53jdC-JnR8PHMRV-dd4], é•¿åº¦: 2
2025/09/17 15:53:01 DEBUG: extractToken - æ‰¾åˆ°Bearer token: eyJhbGciOiJIUzI1NiIsInR5cCI6IkpXVCJ9.eyJ1c2VyX2lkI...
2025/09/17 15:53:01 DEBUG: è®¤è¯ä¸­é—´ä»¶ - æå–åˆ°çš„token: eyJhbGciOiJIUzI1NiIsInR5cCI6IkpXVCJ9.eyJ1c2VyX2lkI...
2025/09/17 15:53:01 DEBUG: è®¤è¯ä¸­é—´ä»¶ - å¼€å§‹éªŒè¯token
2025/09/17 15:53:01 DEBUG: å¼€å§‹éªŒè¯JWT token: eyJhbGciOiJIUzI1NiIsInR5cCI6IkpXVCJ9.eyJ1c2VyX2lkI...
2025/09/17 15:53:01 DEBUG: ä½¿ç”¨JWT secret: jobfirst-unified-auth-secret-key-2024
2025/09/17 15:53:01 DEBUG: JWTè§£æ - ç®—æ³•: HS256
2025/09/17 15:53:01 DEBUG: JWTè§£æ - ä½¿ç”¨secretè¿›è¡ŒéªŒè¯
2025/09/17 15:53:01 DEBUG: å½“å‰æ—¶é—´: 1758095581, Tokenè¿‡æœŸæ—¶é—´: 1758700380
2025/09/17 15:53:01 DEBUG: è®¤è¯ä¸­é—´ä»¶ - tokenéªŒè¯æˆåŠŸï¼Œç”¨æˆ·ID: 1, ç”¨æˆ·å: admin, è§’è‰²: super_admin
2025/09/17 15:53:01 DEBUG: è®¤è¯ä¸­é—´ä»¶ - ç”¨æˆ·ä¿¡æ¯å·²è®¾ç½®åˆ°ä¸Šä¸‹æ–‡ï¼Œç»§ç»­å¤„ç†è¯·æ±‚
[GIN] 2025/09/17 - 15:53:01 | 201 |     1.28875ms |             ::1 | POST     "/api/v1/template/templates/"
2025/09/17 15:53:01 DEBUG: è®¤è¯ä¸­é—´ä»¶ - å¼€å§‹å¤„ç†è¯·æ±‚: GET /api/v1/template/enhanced/analysis/5/usage
2025/09/17 15:53:01 DEBUG: extractToken - å¼€å§‹æå–token
2025/09/17 15:53:01 DEBUG: extractToken - Authorization header: 'Bearer eyJhbGciOiJIUzI1NiIsInR5cCI6IkpXVCJ9.eyJ1c2VyX2lkIjoxLCJ1c2VybmFtZSI6ImFkbWluIiwiZW1haWwiOiJhZG1pbkBqb2JmaXJzdC5jb20iLCJyb2xlIjoic3VwZXJfYWRtaW4iLCJsZXZlbCI6NCwicGVybWlzc2lvbnMiOlsiKiJdLCJpc3MiOiJqb2JmaXJzdC1hdXRoIiwic3ViIjoiMSIsImV4cCI6MTc1ODcwMDM4MCwibmJmIjoxNzU4MDk1NTgwLCJpYXQiOjE3NTgwOTU1ODB9.CpW3At4htnDBpX39maqS6lgy53jdC-JnR8PHMRV-dd4'
2025/09/17 15:53:01 DEBUG: extractToken - åˆ†å‰²åçš„parts: [Bearer eyJhbGciOiJIUzI1NiIsInR5cCI6IkpXVCJ9.eyJ1c2VyX2lkIjoxLCJ1c2VybmFtZSI6ImFkbWluIiwiZW1haWwiOiJhZG1pbkBqb2JmaXJzdC5jb20iLCJyb2xlIjoic3VwZXJfYWRtaW4iLCJsZXZlbCI6NCwicGVybWlzc2lvbnMiOlsiKiJdLCJpc3MiOiJqb2JmaXJzdC1hdXRoIiwic3ViIjoiMSIsImV4cCI6MTc1ODcwMDM4MCwibmJmIjoxNzU4MDk1NTgwLCJpYXQiOjE3NTgwOTU1ODB9.CpW3At4htnDBpX39maqS6lgy53jdC-JnR8PHMRV-dd4], é•¿åº¦: 2
2025/09/17 15:53:01 DEBUG: extractToken - æ‰¾åˆ°Bearer token: eyJhbGciOiJIUzI1NiIsInR5cCI6IkpXVCJ9.eyJ1c2VyX2lkI...
2025/09/17 15:53:01 DEBUG: è®¤è¯ä¸­é—´ä»¶ - æå–åˆ°çš„token: eyJhbGciOiJIUzI1NiIsInR5cCI6IkpXVCJ9.eyJ1c2VyX2lkI...
2025/09/17 15:53:01 DEBUG: è®¤è¯ä¸­é—´ä»¶ - å¼€å§‹éªŒè¯token
2025/09/17 15:53:01 DEBUG: å¼€å§‹éªŒè¯JWT token: eyJhbGciOiJIUzI1NiIsInR5cCI6IkpXVCJ9.eyJ1c2VyX2lkI...
2025/09/17 15:53:01 DEBUG: ä½¿ç”¨JWT secret: jobfirst-unified-auth-secret-key-2024
2025/09/17 15:53:01 DEBUG: JWTè§£æ - ç®—æ³•: HS256
2025/09/17 15:53:01 DEBUG: JWTè§£æ - ä½¿ç”¨secretè¿›è¡ŒéªŒè¯
2025/09/17 15:53:01 DEBUG: å½“å‰æ—¶é—´: 1758095581, Tokenè¿‡æœŸæ—¶é—´: 1758700380
2025/09/17 15:53:01 DEBUG: è®¤è¯ä¸­é—´ä»¶ - tokenéªŒè¯æˆåŠŸï¼Œç”¨æˆ·ID: 1, ç”¨æˆ·å: admin, è§’è‰²: super_admin
2025/09/17 15:53:01 DEBUG: è®¤è¯ä¸­é—´ä»¶ - ç”¨æˆ·ä¿¡æ¯å·²è®¾ç½®åˆ°ä¸Šä¸‹æ–‡ï¼Œç»§ç»­å¤„ç†è¯·æ±‚
[GIN] 2025/09/17 - 15:53:01 | 200 |    8.029542ms |             ::1 | GET      "/api/v1/template/enhanced/analysis/5/usage"
[GIN] 2025/09/17 - 15:53:06 | 200 |         468Âµs |       127.0.0.1 | GET      "/health"
[GIN] 2025/09/17 - 15:53:16 | 200 |     633.458Âµs |       127.0.0.1 | GET      "/health"
2025/09/17 15:53:23 DEBUG: è®¤è¯ä¸­é—´ä»¶ - å¼€å§‹å¤„ç†è¯·æ±‚: POST /api/v1/template/templates/
2025/09/17 15:53:23 DEBUG: extractToken - å¼€å§‹æå–token
2025/09/17 15:53:23 DEBUG: extractToken - Authorization header: 'Bearer'
2025/09/17 15:53:23 DEBUG: extractToken - åˆ†å‰²åçš„parts: [Bearer], é•¿åº¦: 1
2025/09/17 15:53:23 DEBUG: extractToken - Beareræ ¼å¼ä¸æ­£ç¡®æˆ–ç¼ºå¤±
2025/09/17 15:53:23 DEBUG: extractToken - æŸ¥è¯¢å‚æ•°token: ''
2025/09/17 15:53:23 DEBUG: extractToken - Cookie token: '', é”™è¯¯: http: named cookie not present
2025/09/17 15:53:23 DEBUG: extractToken - æœªæ‰¾åˆ°ä»»ä½•token
2025/09/17 15:53:23 DEBUG: è®¤è¯ä¸­é—´ä»¶ - æå–åˆ°çš„token: ç©ºtoken
2025/09/17 15:53:23 DEBUG: è®¤è¯ä¸­é—´ä»¶ - tokenä¸ºç©ºï¼Œè¿”å›æœªç™»å½•
[GIN] 2025/09/17 - 15:53:23 | 401 |      54.875Âµs |             ::1 | POST     "/api/v1/template/templates/"
2025/09/17 15:53:23 DEBUG: è®¤è¯ä¸­é—´ä»¶ - å¼€å§‹å¤„ç†è¯·æ±‚: GET /api/v1/template/enhanced/analysis/null/usage
2025/09/17 15:53:23 DEBUG: extractToken - å¼€å§‹æå–token
2025/09/17 15:53:23 DEBUG: extractToken - Authorization header: 'Bearer'
2025/09/17 15:53:23 DEBUG: extractToken - åˆ†å‰²åçš„parts: [Bearer], é•¿åº¦: 1
2025/09/17 15:53:23 DEBUG: extractToken - Beareræ ¼å¼ä¸æ­£ç¡®æˆ–ç¼ºå¤±
2025/09/17 15:53:23 DEBUG: extractToken - æŸ¥è¯¢å‚æ•°token: ''
2025/09/17 15:53:23 DEBUG: extractToken - Cookie token: '', é”™è¯¯: http: named cookie not present
2025/09/17 15:53:23 DEBUG: extractToken - æœªæ‰¾åˆ°ä»»ä½•token
2025/09/17 15:53:23 DEBUG: è®¤è¯ä¸­é—´ä»¶ - æå–åˆ°çš„token: ç©ºtoken
2025/09/17 15:53:23 DEBUG: è®¤è¯ä¸­é—´ä»¶ - tokenä¸ºç©ºï¼Œè¿”å›æœªç™»å½•
[GIN] 2025/09/17 - 15:53:23 | 401 |      61.375Âµs |             ::1 | GET      "/api/v1/template/enhanced/analysis/null/usage"
[GIN] 2025/09/17 - 15:53:23 | 404 |         334ns |             ::1 | PUT      "/api/v1/template/templates/"
[GIN] 2025/09/17 - 15:53:23 | 404 |         333ns |             ::1 | PUT      "/api/v1/template/templates/"
2025/09/17 15:53:23 DEBUG: è®¤è¯ä¸­é—´ä»¶ - å¼€å§‹å¤„ç†è¯·æ±‚: PUT /api/v1/template/templates/null
2025/09/17 15:53:23 DEBUG: extractToken - å¼€å§‹æå–token
2025/09/17 15:53:23 DEBUG: extractToken - Authorization header: 'Bearer'
2025/09/17 15:53:23 DEBUG: extractToken - åˆ†å‰²åçš„parts: [Bearer], é•¿åº¦: 1
2025/09/17 15:53:23 DEBUG: extractToken - Beareræ ¼å¼ä¸æ­£ç¡®æˆ–ç¼ºå¤±
2025/09/17 15:53:23 DEBUG: extractToken - æŸ¥è¯¢å‚æ•°token: ''
2025/09/17 15:53:23 DEBUG: extractToken - Cookie token: '', é”™è¯¯: http: named cookie not present
2025/09/17 15:53:23 DEBUG: extractToken - æœªæ‰¾åˆ°ä»»ä½•token
2025/09/17 15:53:23 DEBUG: è®¤è¯ä¸­é—´ä»¶ - æå–åˆ°çš„token: ç©ºtoken
2025/09/17 15:53:23 DEBUG: è®¤è¯ä¸­é—´ä»¶ - tokenä¸ºç©ºï¼Œè¿”å›æœªç™»å½•
[GIN] 2025/09/17 - 15:53:23 | 401 |      60.958Âµs |             ::1 | PUT      "/api/v1/template/templates/null"
[GIN] 2025/09/17 - 15:53:26 | 200 |     482.417Âµs |       127.0.0.1 | GET      "/health"
[GIN] 2025/09/17 - 15:53:36 | 200 |     438.542Âµs |       127.0.0.1 | GET      "/health"
[GIN] 2025/09/17 - 15:53:46 | 200 |     603.208Âµs |       127.0.0.1 | GET      "/health"
[GIN] 2025/09/17 - 15:53:56 | 200 |     241.125Âµs |       127.0.0.1 | GET      "/health"
[GIN] 2025/09/17 - 15:54:06 | 200 |     543.125Âµs |       127.0.0.1 | GET      "/health"
[GIN] 2025/09/17 - 15:54:16 | 200 |     364.125Âµs |       127.0.0.1 | GET      "/health"
[GIN] 2025/09/17 - 15:54:26 | 200 |     366.667Âµs |       127.0.0.1 | GET      "/health"
[GIN] 2025/09/17 - 15:54:36 | 200 |     259.959Âµs |       127.0.0.1 | GET      "/health"
2025/09/17 15:54:40 DEBUG: è®¤è¯ä¸­é—´ä»¶ - å¼€å§‹å¤„ç†è¯·æ±‚: POST /api/v1/template/templates/
2025/09/17 15:54:40 DEBUG: extractToken - å¼€å§‹æå–token
2025/09/17 15:54:40 DEBUG: extractToken - Authorization header: 'Bearer eyJhbGciOiJIUzI1NiIsInR5cCI6IkpXVCJ9.eyJ1c2VyX2lkIjo0LCJ1c2VybmFtZSI6InN6amFzb243MiIsImVtYWlsIjoiMzQ3Mzk5QHFxLmNvbSIsInJvbGUiOiJndWVzdCIsImxldmVsIjoxLCJwZXJtaXNzaW9ucyI6WyJyZWFkOnB1YmxpYyJdLCJpc3MiOiJqb2JmaXJzdC1hdXRoIiwic3ViIjoiNCIsImV4cCI6MTc1ODcwMDQ4MCwibmJmIjoxNzU4MDk1NjgwLCJpYXQiOjE3NTgwOTU2ODB9.rvcJcXjkgraCozWR7jPYU6-4wHXqTi4-DRbnsDZRVi4'
2025/09/17 15:54:40 DEBUG: extractToken - åˆ†å‰²åçš„parts: [Bearer eyJhbGciOiJIUzI1NiIsInR5cCI6IkpXVCJ9.eyJ1c2VyX2lkIjo0LCJ1c2VybmFtZSI6InN6amFzb243MiIsImVtYWlsIjoiMzQ3Mzk5QHFxLmNvbSIsInJvbGUiOiJndWVzdCIsImxldmVsIjoxLCJwZXJtaXNzaW9ucyI6WyJyZWFkOnB1YmxpYyJdLCJpc3MiOiJqb2JmaXJzdC1hdXRoIiwic3ViIjoiNCIsImV4cCI6MTc1ODcwMDQ4MCwibmJmIjoxNzU4MDk1NjgwLCJpYXQiOjE3NTgwOTU2ODB9.rvcJcXjkgraCozWR7jPYU6-4wHXqTi4-DRbnsDZRVi4], é•¿åº¦: 2
2025/09/17 15:54:40 DEBUG: extractToken - æ‰¾åˆ°Bearer token: eyJhbGciOiJIUzI1NiIsInR5cCI6IkpXVCJ9.eyJ1c2VyX2lkI...
2025/09/17 15:54:40 DEBUG: è®¤è¯ä¸­é—´ä»¶ - æå–åˆ°çš„token: eyJhbGciOiJIUzI1NiIsInR5cCI6IkpXVCJ9.eyJ1c2VyX2lkI...
2025/09/17 15:54:40 DEBUG: è®¤è¯ä¸­é—´ä»¶ - å¼€å§‹éªŒè¯token
2025/09/17 15:54:40 DEBUG: å¼€å§‹éªŒè¯JWT token: eyJhbGciOiJIUzI1NiIsInR5cCI6IkpXVCJ9.eyJ1c2VyX2lkI...
2025/09/17 15:54:40 DEBUG: ä½¿ç”¨JWT secret: jobfirst-unified-auth-secret-key-2024
2025/09/17 15:54:40 DEBUG: JWTè§£æ - ç®—æ³•: HS256
2025/09/17 15:54:40 DEBUG: JWTè§£æ - ä½¿ç”¨secretè¿›è¡ŒéªŒè¯
2025/09/17 15:54:40 DEBUG: å½“å‰æ—¶é—´: 1758095680, Tokenè¿‡æœŸæ—¶é—´: 1758700480
2025/09/17 15:54:40 DEBUG: è®¤è¯ä¸­é—´ä»¶ - tokenéªŒè¯æˆåŠŸï¼Œç”¨æˆ·ID: 4, ç”¨æˆ·å: szjason72, è§’è‰²: guest
2025/09/17 15:54:40 DEBUG: è®¤è¯ä¸­é—´ä»¶ - ç”¨æˆ·ä¿¡æ¯å·²è®¾ç½®åˆ°ä¸Šä¸‹æ–‡ï¼Œç»§ç»­å¤„ç†è¯·æ±‚
[GIN] 2025/09/17 - 15:54:40 | 201 |    1.348875ms |             ::1 | POST     "/api/v1/template/templates/"
[GIN] 2025/09/17 - 15:54:46 | 200 |     201.917Âµs |       127.0.0.1 | GET      "/health"
[GIN] 2025/09/17 - 15:54:56 | 200 |     357.666Âµs |       127.0.0.1 | GET      "/health"
2025/09/17 15:54:58 DEBUG: è®¤è¯ä¸­é—´ä»¶ - å¼€å§‹å¤„ç†è¯·æ±‚: GET /api/v1/template/enhanced/analysis//usage
2025/09/17 15:54:58 DEBUG: extractToken - å¼€å§‹æå–token
2025/09/17 15:54:58 DEBUG: extractToken - Authorization header: 'Bearer'
2025/09/17 15:54:58 DEBUG: extractToken - åˆ†å‰²åçš„parts: [Bearer], é•¿åº¦: 1
2025/09/17 15:54:58 DEBUG: extractToken - Beareræ ¼å¼ä¸æ­£ç¡®æˆ–ç¼ºå¤±
2025/09/17 15:54:58 DEBUG: extractToken - æŸ¥è¯¢å‚æ•°token: ''
2025/09/17 15:54:58 DEBUG: extractToken - Cookie token: '', é”™è¯¯: http: named cookie not present
2025/09/17 15:54:58 DEBUG: extractToken - æœªæ‰¾åˆ°ä»»ä½•token
2025/09/17 15:54:58 DEBUG: è®¤è¯ä¸­é—´ä»¶ - æå–åˆ°çš„token: ç©ºtoken
2025/09/17 15:54:58 DEBUG: è®¤è¯ä¸­é—´ä»¶ - tokenä¸ºç©ºï¼Œè¿”å›æœªç™»å½•
[GIN] 2025/09/17 - 15:54:58 | 401 |      63.125Âµs |             ::1 | GET      "/api/v1/template/enhanced/analysis//usage"
[GIN] 2025/09/17 - 15:54:58 | 404 |         209ns |             ::1 | PUT      "/api/v1/template/templates/"
[GIN] 2025/09/17 - 15:54:58 | 404 |         292ns |             ::1 | PUT      "/api/v1/template/templates/"
[GIN] 2025/09/17 - 15:54:58 | 404 |         209ns |             ::1 | PUT      "/api/v1/template/templates/"
[GIN] 2025/09/17 - 15:54:58 | 404 |         166ns |             ::1 | PUT      "/api/v1/template/templates/"
[GIN] 2025/09/17 - 15:54:58 | 404 |         292ns |             ::1 | DELETE   "/api/v1/template/templates/"
[GIN] 2025/09/17 - 15:54:58 | 404 |         292ns |             ::1 | DELETE   "/api/v1/template/templates/"
[GIN] 2025/09/17 - 15:55:06 | 200 |     304.709Âµs |       127.0.0.1 | GET      "/health"
2025/09/17 15:55:13 DEBUG: è®¤è¯ä¸­é—´ä»¶ - å¼€å§‹å¤„ç†è¯·æ±‚: GET /api/v1/template/enhanced/analysis/6/usage
2025/09/17 15:55:13 DEBUG: extractToken - å¼€å§‹æå–token
2025/09/17 15:55:13 DEBUG: extractToken - Authorization header: 'Bearer'
2025/09/17 15:55:13 DEBUG: extractToken - åˆ†å‰²åçš„parts: [Bearer], é•¿åº¦: 1
2025/09/17 15:55:13 DEBUG: extractToken - Beareræ ¼å¼ä¸æ­£ç¡®æˆ–ç¼ºå¤±
2025/09/17 15:55:13 DEBUG: extractToken - æŸ¥è¯¢å‚æ•°token: ''
2025/09/17 15:55:13 DEBUG: extractToken - Cookie token: '', é”™è¯¯: http: named cookie not present
2025/09/17 15:55:13 DEBUG: extractToken - æœªæ‰¾åˆ°ä»»ä½•token
2025/09/17 15:55:13 DEBUG: è®¤è¯ä¸­é—´ä»¶ - æå–åˆ°çš„token: ç©ºtoken
2025/09/17 15:55:13 DEBUG: è®¤è¯ä¸­é—´ä»¶ - tokenä¸ºç©ºï¼Œè¿”å›æœªç™»å½•
[GIN] 2025/09/17 - 15:55:13 | 401 |      79.208Âµs |             ::1 | GET      "/api/v1/template/enhanced/analysis/6/usage"
[GIN] 2025/09/17 - 15:55:13 | 404 |         333ns |             ::1 | GET      "/api/v1/template/templates"
[GIN] 2025/09/17 - 15:55:13 | 404 |         292ns |             ::1 | GET      "/api/v1/template/templates"
[GIN] 2025/09/17 - 15:55:16 | 200 |     345.917Âµs |       127.0.0.1 | GET      "/health"
[GIN] 2025/09/17 - 15:55:26 | 200 |     352.917Âµs |       127.0.0.1 | GET      "/health"
[GIN] 2025/09/17 - 15:55:36 | 200 |       548.5Âµs |       127.0.0.1 | GET      "/health"
[GIN] 2025/09/17 - 15:55:38 | 200 |     963.958Âµs |             ::1 | GET      "/api/v1/template/public/templates"
[GIN] 2025/09/17 - 15:55:38 | 200 |     909.417Âµs |             ::1 | GET      "/api/v1/template/public/templates"
2025/09/17 15:55:38 DEBUG: è®¤è¯ä¸­é—´ä»¶ - å¼€å§‹å¤„ç†è¯·æ±‚: POST /api/v1/template/templates/
2025/09/17 15:55:38 DEBUG: extractToken - å¼€å§‹æå–token
2025/09/17 15:55:38 DEBUG: extractToken - Authorization header: 'Bearer eyJhbGciOiJIUzI1NiIsInR5cCI6IkpXVCJ9.eyJ1c2VyX2lkIjoxLCJ1c2VybmFtZSI6ImFkbWluIiwiZW1haWwiOiJhZG1pbkBqb2JmaXJzdC5jb20iLCJyb2xlIjoic3VwZXJfYWRtaW4iLCJsZXZlbCI6NCwicGVybWlzc2lvbnMiOlsiKiJdLCJpc3MiOiJqb2JmaXJzdC1hdXRoIiwic3ViIjoiMSIsImV4cCI6MTc1ODcwMDUzNywibmJmIjoxNzU4MDk1NzM3LCJpYXQiOjE3NTgwOTU3Mzd9.F3PCCB1nkZslVhHzaJVcc9s12WOH6CNicODk8FcyeZ8'
2025/09/17 15:55:38 DEBUG: extractToken - åˆ†å‰²åçš„parts: [Bearer eyJhbGciOiJIUzI1NiIsInR5cCI6IkpXVCJ9.eyJ1c2VyX2lkIjoxLCJ1c2VybmFtZSI6ImFkbWluIiwiZW1haWwiOiJhZG1pbkBqb2JmaXJzdC5jb20iLCJyb2xlIjoic3VwZXJfYWRtaW4iLCJsZXZlbCI6NCwicGVybWlzc2lvbnMiOlsiKiJdLCJpc3MiOiJqb2JmaXJzdC1hdXRoIiwic3ViIjoiMSIsImV4cCI6MTc1ODcwMDUzNywibmJmIjoxNzU4MDk1NzM3LCJpYXQiOjE3NTgwOTU3Mzd9.F3PCCB1nkZslVhHzaJVcc9s12WOH6CNicODk8FcyeZ8], é•¿åº¦: 2
2025/09/17 15:55:38 DEBUG: extractToken - æ‰¾åˆ°Bearer token: eyJhbGciOiJIUzI1NiIsInR5cCI6IkpXVCJ9.eyJ1c2VyX2lkI...
2025/09/17 15:55:38 DEBUG: è®¤è¯ä¸­é—´ä»¶ - æå–åˆ°çš„token: eyJhbGciOiJIUzI1NiIsInR5cCI6IkpXVCJ9.eyJ1c2VyX2lkI...
2025/09/17 15:55:38 DEBUG: è®¤è¯ä¸­é—´ä»¶ - å¼€å§‹éªŒè¯token
2025/09/17 15:55:38 DEBUG: å¼€å§‹éªŒè¯JWT token: eyJhbGciOiJIUzI1NiIsInR5cCI6IkpXVCJ9.eyJ1c2VyX2lkI...
2025/09/17 15:55:38 DEBUG: ä½¿ç”¨JWT secret: jobfirst-unified-auth-secret-key-2024
2025/09/17 15:55:38 DEBUG: JWTè§£æ - ç®—æ³•: HS256
2025/09/17 15:55:38 DEBUG: JWTè§£æ - ä½¿ç”¨secretè¿›è¡ŒéªŒè¯
2025/09/17 15:55:38 DEBUG: å½“å‰æ—¶é—´: 1758095738, Tokenè¿‡æœŸæ—¶é—´: 1758700537
2025/09/17 15:55:38 DEBUG: è®¤è¯ä¸­é—´ä»¶ - tokenéªŒè¯æˆåŠŸï¼Œç”¨æˆ·ID: 1, ç”¨æˆ·å: admin, è§’è‰²: super_admin
2025/09/17 15:55:38 DEBUG: è®¤è¯ä¸­é—´ä»¶ - ç”¨æˆ·ä¿¡æ¯å·²è®¾ç½®åˆ°ä¸Šä¸‹æ–‡ï¼Œç»§ç»­å¤„ç†è¯·æ±‚
[GIN] 2025/09/17 - 15:55:38 | 201 |    1.769125ms |             ::1 | POST     "/api/v1/template/templates/"
2025/09/17 15:55:38 DEBUG: è®¤è¯ä¸­é—´ä»¶ - å¼€å§‹å¤„ç†è¯·æ±‚: GET /api/v1/template/enhanced/analysis/7/usage
2025/09/17 15:55:38 DEBUG: extractToken - å¼€å§‹æå–token
2025/09/17 15:55:38 DEBUG: extractToken - Authorization header: 'Bearer eyJhbGciOiJIUzI1NiIsInR5cCI6IkpXVCJ9.eyJ1c2VyX2lkIjoxLCJ1c2VybmFtZSI6ImFkbWluIiwiZW1haWwiOiJhZG1pbkBqb2JmaXJzdC5jb20iLCJyb2xlIjoic3VwZXJfYWRtaW4iLCJsZXZlbCI6NCwicGVybWlzc2lvbnMiOlsiKiJdLCJpc3MiOiJqb2JmaXJzdC1hdXRoIiwic3ViIjoiMSIsImV4cCI6MTc1ODcwMDUzNywibmJmIjoxNzU4MDk1NzM3LCJpYXQiOjE3NTgwOTU3Mzd9.F3PCCB1nkZslVhHzaJVcc9s12WOH6CNicODk8FcyeZ8'
2025/09/17 15:55:38 DEBUG: extractToken - åˆ†å‰²åçš„parts: [Bearer eyJhbGciOiJIUzI1NiIsInR5cCI6IkpXVCJ9.eyJ1c2VyX2lkIjoxLCJ1c2VybmFtZSI6ImFkbWluIiwiZW1haWwiOiJhZG1pbkBqb2JmaXJzdC5jb20iLCJyb2xlIjoic3VwZXJfYWRtaW4iLCJsZXZlbCI6NCwicGVybWlzc2lvbnMiOlsiKiJdLCJpc3MiOiJqb2JmaXJzdC1hdXRoIiwic3ViIjoiMSIsImV4cCI6MTc1ODcwMDUzNywibmJmIjoxNzU4MDk1NzM3LCJpYXQiOjE3NTgwOTU3Mzd9.F3PCCB1nkZslVhHzaJVcc9s12WOH6CNicODk8FcyeZ8], é•¿åº¦: 2
2025/09/17 15:55:38 DEBUG: extractToken - æ‰¾åˆ°Bearer token: eyJhbGciOiJIUzI1NiIsInR5cCI6IkpXVCJ9.eyJ1c2VyX2lkI...
2025/09/17 15:55:38 DEBUG: è®¤è¯ä¸­é—´ä»¶ - æå–åˆ°çš„token: eyJhbGciOiJIUzI1NiIsInR5cCI6IkpXVCJ9.eyJ1c2VyX2lkI...
2025/09/17 15:55:38 DEBUG: è®¤è¯ä¸­é—´ä»¶ - å¼€å§‹éªŒè¯token
2025/09/17 15:55:38 DEBUG: å¼€å§‹éªŒè¯JWT token: eyJhbGciOiJIUzI1NiIsInR5cCI6IkpXVCJ9.eyJ1c2VyX2lkI...
2025/09/17 15:55:38 DEBUG: ä½¿ç”¨JWT secret: jobfirst-unified-auth-secret-key-2024
2025/09/17 15:55:38 DEBUG: JWTè§£æ - ç®—æ³•: HS256
2025/09/17 15:55:38 DEBUG: JWTè§£æ - ä½¿ç”¨secretè¿›è¡ŒéªŒè¯
2025/09/17 15:55:38 DEBUG: å½“å‰æ—¶é—´: 1758095738, Tokenè¿‡æœŸæ—¶é—´: 1758700537
2025/09/17 15:55:38 DEBUG: è®¤è¯ä¸­é—´ä»¶ - tokenéªŒè¯æˆåŠŸï¼Œç”¨æˆ·ID: 1, ç”¨æˆ·å: admin, è§’è‰²: super_admin
2025/09/17 15:55:38 DEBUG: è®¤è¯ä¸­é—´ä»¶ - ç”¨æˆ·ä¿¡æ¯å·²è®¾ç½®åˆ°ä¸Šä¸‹æ–‡ï¼Œç»§ç»­å¤„ç†è¯·æ±‚
[GIN] 2025/09/17 - 15:55:38 | 200 |   13.452666ms |             ::1 | GET      "/api/v1/template/enhanced/analysis/7/usage"
2025/09/17 15:55:38 DEBUG: è®¤è¯ä¸­é—´ä»¶ - å¼€å§‹å¤„ç†è¯·æ±‚: POST /api/v1/template/templates/
2025/09/17 15:55:38 DEBUG: extractToken - å¼€å§‹æå–token
2025/09/17 15:55:38 DEBUG: extractToken - Authorization header: 'Bearer eyJhbGciOiJIUzI1NiIsInR5cCI6IkpXVCJ9.eyJ1c2VyX2lkIjo0LCJ1c2VybmFtZSI6InN6amFzb243MiIsImVtYWlsIjoiMzQ3Mzk5QHFxLmNvbSIsInJvbGUiOiJndWVzdCIsImxldmVsIjoxLCJwZXJtaXNzaW9ucyI6WyJyZWFkOnB1YmxpYyJdLCJpc3MiOiJqb2JmaXJzdC1hdXRoIiwic3ViIjoiNCIsImV4cCI6MTc1ODcwMDUzOCwibmJmIjoxNzU4MDk1NzM4LCJpYXQiOjE3NTgwOTU3Mzh9.fw_d1VgQxHkxlzqUWxgYiDy0ucWTx4j_rM1Ci3SBmQM'
2025/09/17 15:55:38 DEBUG: extractToken - åˆ†å‰²åçš„parts: [Bearer eyJhbGciOiJIUzI1NiIsInR5cCI6IkpXVCJ9.eyJ1c2VyX2lkIjo0LCJ1c2VybmFtZSI6InN6amFzb243MiIsImVtYWlsIjoiMzQ3Mzk5QHFxLmNvbSIsInJvbGUiOiJndWVzdCIsImxldmVsIjoxLCJwZXJtaXNzaW9ucyI6WyJyZWFkOnB1YmxpYyJdLCJpc3MiOiJqb2JmaXJzdC1hdXRoIiwic3ViIjoiNCIsImV4cCI6MTc1ODcwMDUzOCwibmJmIjoxNzU4MDk1NzM4LCJpYXQiOjE3NTgwOTU3Mzh9.fw_d1VgQxHkxlzqUWxgYiDy0ucWTx4j_rM1Ci3SBmQM], é•¿åº¦: 2
2025/09/17 15:55:38 DEBUG: extractToken - æ‰¾åˆ°Bearer token: eyJhbGciOiJIUzI1NiIsInR5cCI6IkpXVCJ9.eyJ1c2VyX2lkI...
2025/09/17 15:55:38 DEBUG: è®¤è¯ä¸­é—´ä»¶ - æå–åˆ°çš„token: eyJhbGciOiJIUzI1NiIsInR5cCI6IkpXVCJ9.eyJ1c2VyX2lkI...
2025/09/17 15:55:38 DEBUG: è®¤è¯ä¸­é—´ä»¶ - å¼€å§‹éªŒè¯token
2025/09/17 15:55:38 DEBUG: å¼€å§‹éªŒè¯JWT token: eyJhbGciOiJIUzI1NiIsInR5cCI6IkpXVCJ9.eyJ1c2VyX2lkI...
2025/09/17 15:55:38 DEBUG: ä½¿ç”¨JWT secret: jobfirst-unified-auth-secret-key-2024
2025/09/17 15:55:38 DEBUG: JWTè§£æ - ç®—æ³•: HS256
2025/09/17 15:55:38 DEBUG: JWTè§£æ - ä½¿ç”¨secretè¿›è¡ŒéªŒè¯
2025/09/17 15:55:38 DEBUG: å½“å‰æ—¶é—´: 1758095738, Tokenè¿‡æœŸæ—¶é—´: 1758700538
2025/09/17 15:55:38 DEBUG: è®¤è¯ä¸­é—´ä»¶ - tokenéªŒè¯æˆåŠŸï¼Œç”¨æˆ·ID: 4, ç”¨æˆ·å: szjason72, è§’è‰²: guest
2025/09/17 15:55:38 DEBUG: è®¤è¯ä¸­é—´ä»¶ - ç”¨æˆ·ä¿¡æ¯å·²è®¾ç½®åˆ°ä¸Šä¸‹æ–‡ï¼Œç»§ç»­å¤„ç†è¯·æ±‚
[GIN] 2025/09/17 - 15:55:38 | 201 |    1.377667ms |             ::1 | POST     "/api/v1/template/templates/"
2025/09/17 15:55:38 DEBUG: è®¤è¯ä¸­é—´ä»¶ - å¼€å§‹å¤„ç†è¯·æ±‚: GET /api/v1/template/enhanced/analysis/8/usage
2025/09/17 15:55:38 DEBUG: extractToken - å¼€å§‹æå–token
2025/09/17 15:55:38 DEBUG: extractToken - Authorization header: 'Bearer eyJhbGciOiJIUzI1NiIsInR5cCI6IkpXVCJ9.eyJ1c2VyX2lkIjo0LCJ1c2VybmFtZSI6InN6amFzb243MiIsImVtYWlsIjoiMzQ3Mzk5QHFxLmNvbSIsInJvbGUiOiJndWVzdCIsImxldmVsIjoxLCJwZXJtaXNzaW9ucyI6WyJyZWFkOnB1YmxpYyJdLCJpc3MiOiJqb2JmaXJzdC1hdXRoIiwic3ViIjoiNCIsImV4cCI6MTc1ODcwMDUzOCwibmJmIjoxNzU4MDk1NzM4LCJpYXQiOjE3NTgwOTU3Mzh9.fw_d1VgQxHkxlzqUWxgYiDy0ucWTx4j_rM1Ci3SBmQM'
2025/09/17 15:55:38 DEBUG: extractToken - åˆ†å‰²åçš„parts: [Bearer eyJhbGciOiJIUzI1NiIsInR5cCI6IkpXVCJ9.eyJ1c2VyX2lkIjo0LCJ1c2VybmFtZSI6InN6amFzb243MiIsImVtYWlsIjoiMzQ3Mzk5QHFxLmNvbSIsInJvbGUiOiJndWVzdCIsImxldmVsIjoxLCJwZXJtaXNzaW9ucyI6WyJyZWFkOnB1YmxpYyJdLCJpc3MiOiJqb2JmaXJzdC1hdXRoIiwic3ViIjoiNCIsImV4cCI6MTc1ODcwMDUzOCwibmJmIjoxNzU4MDk1NzM4LCJpYXQiOjE3NTgwOTU3Mzh9.fw_d1VgQxHkxlzqUWxgYiDy0ucWTx4j_rM1Ci3SBmQM], é•¿åº¦: 2
2025/09/17 15:55:38 DEBUG: extractToken - æ‰¾åˆ°Bearer token: eyJhbGciOiJIUzI1NiIsInR5cCI6IkpXVCJ9.eyJ1c2VyX2lkI...
2025/09/17 15:55:38 DEBUG: è®¤è¯ä¸­é—´ä»¶ - æå–åˆ°çš„token: eyJhbGciOiJIUzI1NiIsInR5cCI6IkpXVCJ9.eyJ1c2VyX2lkI...
2025/09/17 15:55:38 DEBUG: è®¤è¯ä¸­é—´ä»¶ - å¼€å§‹éªŒè¯token
2025/09/17 15:55:38 DEBUG: å¼€å§‹éªŒè¯JWT token: eyJhbGciOiJIUzI1NiIsInR5cCI6IkpXVCJ9.eyJ1c2VyX2lkI...
2025/09/17 15:55:38 DEBUG: ä½¿ç”¨JWT secret: jobfirst-unified-auth-secret-key-2024
2025/09/17 15:55:38 DEBUG: JWTè§£æ - ç®—æ³•: HS256
2025/09/17 15:55:38 DEBUG: JWTè§£æ - ä½¿ç”¨secretè¿›è¡ŒéªŒè¯
2025/09/17 15:55:38 DEBUG: å½“å‰æ—¶é—´: 1758095738, Tokenè¿‡æœŸæ—¶é—´: 1758700538
2025/09/17 15:55:38 DEBUG: è®¤è¯ä¸­é—´ä»¶ - tokenéªŒè¯æˆåŠŸï¼Œç”¨æˆ·ID: 4, ç”¨æˆ·å: szjason72, è§’è‰²: guest
2025/09/17 15:55:38 DEBUG: è®¤è¯ä¸­é—´ä»¶ - ç”¨æˆ·ä¿¡æ¯å·²è®¾ç½®åˆ°ä¸Šä¸‹æ–‡ï¼Œç»§ç»­å¤„ç†è¯·æ±‚
[GIN] 2025/09/17 - 15:55:38 | 200 |    5.132458ms |             ::1 | GET      "/api/v1/template/enhanced/analysis/8/usage"
2025/09/17 15:55:38 DEBUG: è®¤è¯ä¸­é—´ä»¶ - å¼€å§‹å¤„ç†è¯·æ±‚: PUT /api/v1/template/templates/7
2025/09/17 15:55:38 DEBUG: extractToken - å¼€å§‹æå–token
2025/09/17 15:55:38 DEBUG: extractToken - Authorization header: 'Bearer eyJhbGciOiJIUzI1NiIsInR5cCI6IkpXVCJ9.eyJ1c2VyX2lkIjo0LCJ1c2VybmFtZSI6InN6amFzb243MiIsImVtYWlsIjoiMzQ3Mzk5QHFxLmNvbSIsInJvbGUiOiJndWVzdCIsImxldmVsIjoxLCJwZXJtaXNzaW9ucyI6WyJyZWFkOnB1YmxpYyJdLCJpc3MiOiJqb2JmaXJzdC1hdXRoIiwic3ViIjoiNCIsImV4cCI6MTc1ODcwMDUzOCwibmJmIjoxNzU4MDk1NzM4LCJpYXQiOjE3NTgwOTU3Mzh9.fw_d1VgQxHkxlzqUWxgYiDy0ucWTx4j_rM1Ci3SBmQM'
2025/09/17 15:55:38 DEBUG: extractToken - åˆ†å‰²åçš„parts: [Bearer eyJhbGciOiJIUzI1NiIsInR5cCI6IkpXVCJ9.eyJ1c2VyX2lkIjo0LCJ1c2VybmFtZSI6InN6amFzb243MiIsImVtYWlsIjoiMzQ3Mzk5QHFxLmNvbSIsInJvbGUiOiJndWVzdCIsImxldmVsIjoxLCJwZXJtaXNzaW9ucyI6WyJyZWFkOnB1YmxpYyJdLCJpc3MiOiJqb2JmaXJzdC1hdXRoIiwic3ViIjoiNCIsImV4cCI6MTc1ODcwMDUzOCwibmJmIjoxNzU4MDk1NzM4LCJpYXQiOjE3NTgwOTU3Mzh9.fw_d1VgQxHkxlzqUWxgYiDy0ucWTx4j_rM1Ci3SBmQM], é•¿åº¦: 2
2025/09/17 15:55:38 DEBUG: extractToken - æ‰¾åˆ°Bearer token: eyJhbGciOiJIUzI1NiIsInR5cCI6IkpXVCJ9.eyJ1c2VyX2lkI...
2025/09/17 15:55:38 DEBUG: è®¤è¯ä¸­é—´ä»¶ - æå–åˆ°çš„token: eyJhbGciOiJIUzI1NiIsInR5cCI6IkpXVCJ9.eyJ1c2VyX2lkI...
2025/09/17 15:55:38 DEBUG: è®¤è¯ä¸­é—´ä»¶ - å¼€å§‹éªŒè¯token
2025/09/17 15:55:38 DEBUG: å¼€å§‹éªŒè¯JWT token: eyJhbGciOiJIUzI1NiIsInR5cCI6IkpXVCJ9.eyJ1c2VyX2lkI...
2025/09/17 15:55:38 DEBUG: ä½¿ç”¨JWT secret: jobfirst-unified-auth-secret-key-2024
2025/09/17 15:55:38 DEBUG: JWTè§£æ - ç®—æ³•: HS256
2025/09/17 15:55:38 DEBUG: JWTè§£æ - ä½¿ç”¨secretè¿›è¡ŒéªŒè¯
2025/09/17 15:55:38 DEBUG: å½“å‰æ—¶é—´: 1758095738, Tokenè¿‡æœŸæ—¶é—´: 1758700538
2025/09/17 15:55:38 DEBUG: è®¤è¯ä¸­é—´ä»¶ - tokenéªŒè¯æˆåŠŸï¼Œç”¨æˆ·ID: 4, ç”¨æˆ·å: szjason72, è§’è‰²: guest
2025/09/17 15:55:38 DEBUG: è®¤è¯ä¸­é—´ä»¶ - ç”¨æˆ·ä¿¡æ¯å·²è®¾ç½®åˆ°ä¸Šä¸‹æ–‡ï¼Œç»§ç»­å¤„ç†è¯·æ±‚
[GIN] 2025/09/17 - 15:55:38 | 403 |     468.542Âµs |             ::1 | PUT      "/api/v1/template/templates/7"
2025/09/17 15:55:38 DEBUG: è®¤è¯ä¸­é—´ä»¶ - å¼€å§‹å¤„ç†è¯·æ±‚: PUT /api/v1/template/templates/8
2025/09/17 15:55:38 DEBUG: extractToken - å¼€å§‹æå–token
2025/09/17 15:55:38 DEBUG: extractToken - Authorization header: 'Bearer eyJhbGciOiJIUzI1NiIsInR5cCI6IkpXVCJ9.eyJ1c2VyX2lkIjoxLCJ1c2VybmFtZSI6ImFkbWluIiwiZW1haWwiOiJhZG1pbkBqb2JmaXJzdC5jb20iLCJyb2xlIjoic3VwZXJfYWRtaW4iLCJsZXZlbCI6NCwicGVybWlzc2lvbnMiOlsiKiJdLCJpc3MiOiJqb2JmaXJzdC1hdXRoIiwic3ViIjoiMSIsImV4cCI6MTc1ODcwMDUzNywibmJmIjoxNzU4MDk1NzM3LCJpYXQiOjE3NTgwOTU3Mzd9.F3PCCB1nkZslVhHzaJVcc9s12WOH6CNicODk8FcyeZ8'
2025/09/17 15:55:38 DEBUG: extractToken - åˆ†å‰²åçš„parts: [Bearer eyJhbGciOiJIUzI1NiIsInR5cCI6IkpXVCJ9.eyJ1c2VyX2lkIjoxLCJ1c2VybmFtZSI6ImFkbWluIiwiZW1haWwiOiJhZG1pbkBqb2JmaXJzdC5jb20iLCJyb2xlIjoic3VwZXJfYWRtaW4iLCJsZXZlbCI6NCwicGVybWlzc2lvbnMiOlsiKiJdLCJpc3MiOiJqb2JmaXJzdC1hdXRoIiwic3ViIjoiMSIsImV4cCI6MTc1ODcwMDUzNywibmJmIjoxNzU4MDk1NzM3LCJpYXQiOjE3NTgwOTU3Mzd9.F3PCCB1nkZslVhHzaJVcc9s12WOH6CNicODk8FcyeZ8], é•¿åº¦: 2
2025/09/17 15:55:38 DEBUG: extractToken - æ‰¾åˆ°Bearer token: eyJhbGciOiJIUzI1NiIsInR5cCI6IkpXVCJ9.eyJ1c2VyX2lkI...
2025/09/17 15:55:38 DEBUG: è®¤è¯ä¸­é—´ä»¶ - æå–åˆ°çš„token: eyJhbGciOiJIUzI1NiIsInR5cCI6IkpXVCJ9.eyJ1c2VyX2lkI...
2025/09/17 15:55:38 DEBUG: è®¤è¯ä¸­é—´ä»¶ - å¼€å§‹éªŒè¯token
2025/09/17 15:55:38 DEBUG: å¼€å§‹éªŒè¯JWT token: eyJhbGciOiJIUzI1NiIsInR5cCI6IkpXVCJ9.eyJ1c2VyX2lkI...
2025/09/17 15:55:38 DEBUG: ä½¿ç”¨JWT secret: jobfirst-unified-auth-secret-key-2024
2025/09/17 15:55:38 DEBUG: JWTè§£æ - ç®—æ³•: HS256
2025/09/17 15:55:38 DEBUG: JWTè§£æ - ä½¿ç”¨secretè¿›è¡ŒéªŒè¯
2025/09/17 15:55:38 DEBUG: å½“å‰æ—¶é—´: 1758095738, Tokenè¿‡æœŸæ—¶é—´: 1758700537
2025/09/17 15:55:38 DEBUG: è®¤è¯ä¸­é—´ä»¶ - tokenéªŒè¯æˆåŠŸï¼Œç”¨æˆ·ID: 1, ç”¨æˆ·å: admin, è§’è‰²: super_admin
2025/09/17 15:55:38 DEBUG: è®¤è¯ä¸­é—´ä»¶ - ç”¨æˆ·ä¿¡æ¯å·²è®¾ç½®åˆ°ä¸Šä¸‹æ–‡ï¼Œç»§ç»­å¤„ç†è¯·æ±‚

2025/09/17 15:55:38 [31;1m/Users/szjason72/zervi-basic/basic/backend/internal/template-service/main.go:281 [35;1mError 3140 (22032): Invalid JSON text: "The document is empty." at position 0 in value for column 'templates.variables'.
[0m[33m[0.892ms] [34;1m[rows:0][0m UPDATE `templates` SET `name`='Adminä¿®æ”¹çš„æ¨¡æ¿',`category`='',`description`='',`content`='',`variables`='',`preview`='',`usage_count`=0,`rating`=0,`is_active`=false,`created_by`=0,`created_at`='0000-00-00 00:00:00',`updated_at`='2025-09-17 15:55:38.192' WHERE `id` = 8
[GIN] 2025/09/17 - 15:55:38 | 500 |    1.397791ms |             ::1 | PUT      "/api/v1/template/templates/8"
[GIN] 2025/09/17 - 15:55:46 | 200 |     154.583Âµs |       127.0.0.1 | GET      "/health"
[GIN] 2025/09/17 - 15:55:56 | 200 |     236.042Âµs |       127.0.0.1 | GET      "/health"
[GIN] 2025/09/17 - 15:56:02 | 404 |         333ns |             ::1 | DELETE   "/api/v1/template/templates/"
[GIN] 2025/09/17 - 15:56:02 | 404 |         334ns |             ::1 | DELETE   "/api/v1/template/templates/"
2025/09/17 15:56:02 DEBUG: è®¤è¯ä¸­é—´ä»¶ - å¼€å§‹å¤„ç†è¯·æ±‚: POST /api/v1/template/templates//rate
2025/09/17 15:56:02 DEBUG: extractToken - å¼€å§‹æå–token
2025/09/17 15:56:02 DEBUG: extractToken - Authorization header: 'Bearer'
2025/09/17 15:56:02 DEBUG: extractToken - åˆ†å‰²åçš„parts: [Bearer], é•¿åº¦: 1
2025/09/17 15:56:02 DEBUG: extractToken - Beareræ ¼å¼ä¸æ­£ç¡®æˆ–ç¼ºå¤±
2025/09/17 15:56:02 DEBUG: extractToken - æŸ¥è¯¢å‚æ•°token: ''
2025/09/17 15:56:02 DEBUG: extractToken - Cookie token: '', é”™è¯¯: http: named cookie not present
2025/09/17 15:56:02 DEBUG: extractToken - æœªæ‰¾åˆ°ä»»ä½•token
2025/09/17 15:56:02 DEBUG: è®¤è¯ä¸­é—´ä»¶ - æå–åˆ°çš„token: ç©ºtoken
2025/09/17 15:56:02 DEBUG: è®¤è¯ä¸­é—´ä»¶ - tokenä¸ºç©ºï¼Œè¿”å›æœªç™»å½•
[GIN] 2025/09/17 - 15:56:02 | 401 |      90.958Âµs |             ::1 | POST     "/api/v1/template/templates//rate"
2025/09/17 15:56:02 DEBUG: è®¤è¯ä¸­é—´ä»¶ - å¼€å§‹å¤„ç†è¯·æ±‚: POST /api/v1/template/templates//rate
2025/09/17 15:56:02 DEBUG: extractToken - å¼€å§‹æå–token
2025/09/17 15:56:02 DEBUG: extractToken - Authorization header: 'Bearer'
2025/09/17 15:56:02 DEBUG: extractToken - åˆ†å‰²åçš„parts: [Bearer], é•¿åº¦: 1
2025/09/17 15:56:02 DEBUG: extractToken - Beareræ ¼å¼ä¸æ­£ç¡®æˆ–ç¼ºå¤±
2025/09/17 15:56:02 DEBUG: extractToken - æŸ¥è¯¢å‚æ•°token: ''
2025/09/17 15:56:02 DEBUG: extractToken - Cookie token: '', é”™è¯¯: http: named cookie not present
2025/09/17 15:56:02 DEBUG: extractToken - æœªæ‰¾åˆ°ä»»ä½•token
2025/09/17 15:56:02 DEBUG: è®¤è¯ä¸­é—´ä»¶ - æå–åˆ°çš„token: ç©ºtoken
2025/09/17 15:56:02 DEBUG: è®¤è¯ä¸­é—´ä»¶ - tokenä¸ºç©ºï¼Œè¿”å›æœªç™»å½•
[GIN] 2025/09/17 - 15:56:02 | 401 |      80.292Âµs |             ::1 | POST     "/api/v1/template/templates//rate"
2025/09/17 15:56:02 DEBUG: è®¤è¯ä¸­é—´ä»¶ - å¼€å§‹å¤„ç†è¯·æ±‚: POST /api/v1/template/enhanced/relationships/
2025/09/17 15:56:02 DEBUG: extractToken - å¼€å§‹æå–token
2025/09/17 15:56:02 DEBUG: extractToken - Authorization header: 'Bearer'
2025/09/17 15:56:02 DEBUG: extractToken - åˆ†å‰²åçš„parts: [Bearer], é•¿åº¦: 1
2025/09/17 15:56:02 DEBUG: extractToken - Beareræ ¼å¼ä¸æ­£ç¡®æˆ–ç¼ºå¤±
2025/09/17 15:56:02 DEBUG: extractToken - æŸ¥è¯¢å‚æ•°token: ''
2025/09/17 15:56:02 DEBUG: extractToken - Cookie token: '', é”™è¯¯: http: named cookie not present
2025/09/17 15:56:02 DEBUG: extractToken - æœªæ‰¾åˆ°ä»»ä½•token
2025/09/17 15:56:02 DEBUG: è®¤è¯ä¸­é—´ä»¶ - æå–åˆ°çš„token: ç©ºtoken
2025/09/17 15:56:02 DEBUG: è®¤è¯ä¸­é—´ä»¶ - tokenä¸ºç©ºï¼Œè¿”å›æœªç™»å½•
[GIN] 2025/09/17 - 15:56:02 | 401 |      53.333Âµs |             ::1 | POST     "/api/v1/template/enhanced/relationships/"
2025/09/17 15:56:02 DEBUG: è®¤è¯ä¸­é—´ä»¶ - å¼€å§‹å¤„ç†è¯·æ±‚: POST /api/v1/template/enhanced/relationships/
2025/09/17 15:56:02 DEBUG: extractToken - å¼€å§‹æå–token
2025/09/17 15:56:02 DEBUG: extractToken - Authorization header: 'Bearer'
2025/09/17 15:56:02 DEBUG: extractToken - åˆ†å‰²åçš„parts: [Bearer], é•¿åº¦: 1
2025/09/17 15:56:02 DEBUG: extractToken - Beareræ ¼å¼ä¸æ­£ç¡®æˆ–ç¼ºå¤±
2025/09/17 15:56:02 DEBUG: extractToken - æŸ¥è¯¢å‚æ•°token: ''
2025/09/17 15:56:02 DEBUG: extractToken - Cookie token: '', é”™è¯¯: http: named cookie not present
2025/09/17 15:56:02 DEBUG: extractToken - æœªæ‰¾åˆ°ä»»ä½•token
2025/09/17 15:56:02 DEBUG: è®¤è¯ä¸­é—´ä»¶ - æå–åˆ°çš„token: ç©ºtoken
2025/09/17 15:56:02 DEBUG: è®¤è¯ä¸­é—´ä»¶ - tokenä¸ºç©ºï¼Œè¿”å›æœªç™»å½•
[GIN] 2025/09/17 - 15:56:02 | 401 |          64Âµs |             ::1 | POST     "/api/v1/template/enhanced/relationships/"
[GIN] 2025/09/17 - 15:56:06 | 200 |     204.125Âµs |       127.0.0.1 | GET      "/health"
[GIN] 2025/09/17 - 15:56:16 | 200 |       404.5Âµs |       127.0.0.1 | GET      "/health"
[GIN] 2025/09/17 - 15:56:26 | 200 |     501.583Âµs |       127.0.0.1 | GET      "/health"
[GIN] 2025/09/17 - 15:56:36 | 200 |     384.292Âµs |       127.0.0.1 | GET      "/health"
[GIN] 2025/09/17 - 15:56:46 | 200 |     181.375Âµs |       127.0.0.1 | GET      "/health"
[GIN] 2025/09/17 - 15:56:56 | 200 |     313.125Âµs |       127.0.0.1 | GET      "/health"
[GIN] 2025/09/17 - 15:57:06 | 200 |     495.792Âµs |       127.0.0.1 | GET      "/health"
[GIN] 2025/09/17 - 15:57:16 | 200 |     671.709Âµs |       127.0.0.1 | GET      "/health"
[GIN] 2025/09/17 - 15:57:26 | 200 |     606.042Âµs |       127.0.0.1 | GET      "/health"
[GIN] 2025/09/17 - 15:57:36 | 200 |      591.25Âµs |       127.0.0.1 | GET      "/health"
[GIN] 2025/09/17 - 15:57:46 | 200 |     534.416Âµs |       127.0.0.1 | GET      "/health"
[GIN] 2025/09/17 - 15:57:56 | 200 |     536.583Âµs |       127.0.0.1 | GET      "/health"
[GIN] 2025/09/17 - 15:58:06 | 200 |     597.292Âµs |       127.0.0.1 | GET      "/health"
[GIN] 2025/09/17 - 15:58:16 | 200 |     430.542Âµs |       127.0.0.1 | GET      "/health"
[GIN] 2025/09/17 - 15:58:26 | 200 |     211.459Âµs |       127.0.0.1 | GET      "/health"
[GIN] 2025/09/17 - 15:58:36 | 200 |         363Âµs |       127.0.0.1 | GET      "/health"
[GIN] 2025/09/17 - 15:58:46 | 200 |     283.541Âµs |       127.0.0.1 | GET      "/health"
[GIN] 2025/09/17 - 15:58:56 | 200 |     350.416Âµs |       127.0.0.1 | GET      "/health"
[GIN] 2025/09/17 - 15:59:06 | 200 |     805.958Âµs |       127.0.0.1 | GET      "/health"
[GIN] 2025/09/17 - 15:59:16 | 200 |     551.583Âµs |       127.0.0.1 | GET      "/health"
[GIN] 2025/09/17 - 15:59:26 | 200 |     409.709Âµs |       127.0.0.1 | GET      "/health"
[GIN] 2025/09/17 - 15:59:36 | 200 |      366.25Âµs |       127.0.0.1 | GET      "/health"
[GIN] 2025/09/17 - 15:59:46 | 200 |     326.125Âµs |       127.0.0.1 | GET      "/health"
[GIN] 2025/09/17 - 15:59:56 | 200 |         314Âµs |       127.0.0.1 | GET      "/health"
[GIN] 2025/09/17 - 16:00:06 | 200 |     401.625Âµs |       127.0.0.1 | GET      "/health"
[GIN] 2025/09/17 - 16:00:16 | 200 |     234.583Âµs |       127.0.0.1 | GET      "/health"
[GIN] 2025/09/17 - 16:00:26 | 200 |     309.084Âµs |       127.0.0.1 | GET      "/health"
[GIN] 2025/09/17 - 16:00:36 | 200 |     287.916Âµs |       127.0.0.1 | GET      "/health"
[GIN] 2025/09/17 - 16:00:46 | 200 |     376.084Âµs |       127.0.0.1 | GET      "/health"
[GIN] 2025/09/17 - 16:00:56 | 200 |     210.916Âµs |       127.0.0.1 | GET      "/health"
[GIN] 2025/09/17 - 16:01:06 | 200 |     374.958Âµs |       127.0.0.1 | GET      "/health"
[GIN] 2025/09/17 - 16:01:16 | 200 |     411.125Âµs |       127.0.0.1 | GET      "/health"
[GIN] 2025/09/17 - 16:01:26 | 200 |     318.084Âµs |       127.0.0.1 | GET      "/health"
[GIN] 2025/09/17 - 16:01:36 | 200 |     316.917Âµs |       127.0.0.1 | GET      "/health"
[GIN] 2025/09/17 - 16:01:46 | 200 |     427.083Âµs |       127.0.0.1 | GET      "/health"
[GIN] 2025/09/17 - 16:01:56 | 200 |     175.709Âµs |       127.0.0.1 | GET      "/health"
[GIN] 2025/09/17 - 16:02:06 | 200 |     383.333Âµs |       127.0.0.1 | GET      "/health"
[GIN] 2025/09/17 - 16:02:16 | 200 |     354.625Âµs |       127.0.0.1 | GET      "/health"
[GIN] 2025/09/17 - 16:02:26 | 200 |     361.459Âµs |       127.0.0.1 | GET      "/health"
[GIN] 2025/09/17 - 16:02:36 | 200 |      512.75Âµs |       127.0.0.1 | GET      "/health"
[GIN] 2025/09/17 - 16:02:46 | 200 |     298.958Âµs |       127.0.0.1 | GET      "/health"
[GIN] 2025/09/17 - 16:02:56 | 200 |         689Âµs |       127.0.0.1 | GET      "/health"
[GIN] 2025/09/17 - 16:03:06 | 200 |     402.917Âµs |       127.0.0.1 | GET      "/health"
[GIN] 2025/09/17 - 16:03:16 | 200 |     569.416Âµs |       127.0.0.1 | GET      "/health"
[GIN] 2025/09/17 - 16:03:26 | 200 |     399.792Âµs |       127.0.0.1 | GET      "/health"
[GIN] 2025/09/17 - 16:03:36 | 200 |     380.375Âµs |       127.0.0.1 | GET      "/health"
[GIN] 2025/09/17 - 16:03:46 | 200 |     272.209Âµs |       127.0.0.1 | GET      "/health"
[GIN] 2025/09/17 - 16:03:56 | 200 |     427.041Âµs |       127.0.0.1 | GET      "/health"
[GIN] 2025/09/17 - 16:04:06 | 200 |     405.167Âµs |       127.0.0.1 | GET      "/health"
[GIN] 2025/09/17 - 16:04:16 | 200 |     460.916Âµs |       127.0.0.1 | GET      "/health"
[GIN] 2025/09/17 - 16:04:26 | 200 |     546.834Âµs |       127.0.0.1 | GET      "/health"
[GIN] 2025/09/17 - 16:04:36 | 200 |     574.209Âµs |       127.0.0.1 | GET      "/health"
[GIN] 2025/09/17 - 16:04:46 | 200 |     248.625Âµs |       127.0.0.1 | GET      "/health"
[GIN] 2025/09/17 - 16:04:56 | 200 |     272.625Âµs |       127.0.0.1 | GET      "/health"
[GIN] 2025/09/17 - 16:05:06 | 200 |   12.628333ms |       127.0.0.1 | GET      "/health"
[GIN] 2025/09/17 - 16:05:16 | 200 |     358.875Âµs |       127.0.0.1 | GET      "/health"
[GIN] 2025/09/17 - 16:05:26 | 200 |     395.375Âµs |       127.0.0.1 | GET      "/health"
[GIN] 2025/09/17 - 16:05:36 | 200 |     310.458Âµs |       127.0.0.1 | GET      "/health"
[GIN] 2025/09/17 - 16:05:46 | 200 |     302.041Âµs |       127.0.0.1 | GET      "/health"
[GIN] 2025/09/17 - 16:05:56 | 200 |     207.041Âµs |       127.0.0.1 | GET      "/health"
[GIN] 2025/09/17 - 16:06:06 | 200 |     155.042Âµs |       127.0.0.1 | GET      "/health"
[GIN] 2025/09/17 - 16:06:16 | 200 |     305.708Âµs |       127.0.0.1 | GET      "/health"
[GIN] 2025/09/17 - 16:06:26 | 200 |     585.167Âµs |       127.0.0.1 | GET      "/health"
[GIN] 2025/09/17 - 16:06:36 | 200 |     360.291Âµs |       127.0.0.1 | GET      "/health"
[GIN] 2025/09/17 - 16:06:46 | 200 |     386.084Âµs |       127.0.0.1 | GET      "/health"
[GIN] 2025/09/17 - 16:06:56 | 200 |     353.292Âµs |       127.0.0.1 | GET      "/health"
[GIN] 2025/09/17 - 16:07:06 | 200 |      299.25Âµs |       127.0.0.1 | GET      "/health"
[GIN] 2025/09/17 - 16:07:16 | 200 |     377.084Âµs |       127.0.0.1 | GET      "/health"
[GIN] 2025/09/17 - 16:07:26 | 200 |     346.583Âµs |       127.0.0.1 | GET      "/health"
[GIN] 2025/09/17 - 16:07:36 | 200 |     485.958Âµs |       127.0.0.1 | GET      "/health"
[GIN] 2025/09/17 - 16:07:46 | 200 |       437.5Âµs |       127.0.0.1 | GET      "/health"
[GIN] 2025/09/17 - 16:07:56 | 200 |     363.167Âµs |       127.0.0.1 | GET      "/health"
[GIN] 2025/09/17 - 16:08:06 | 200 |     334.042Âµs |       127.0.0.1 | GET      "/health"
[GIN] 2025/09/17 - 16:08:16 | 200 |     480.833Âµs |       127.0.0.1 | GET      "/health"
[GIN] 2025/09/17 - 16:08:26 | 200 |     188.334Âµs |       127.0.0.1 | GET      "/health"
[GIN] 2025/09/17 - 16:08:36 | 200 |     268.083Âµs |       127.0.0.1 | GET      "/health"
[GIN] 2025/09/17 - 16:08:46 | 200 |      375.25Âµs |       127.0.0.1 | GET      "/health"
[GIN] 2025/09/17 - 16:08:56 | 200 |     382.083Âµs |       127.0.0.1 | GET      "/health"
[GIN] 2025/09/17 - 16:09:06 | 200 |    2.207583ms |       127.0.0.1 | GET      "/health"
[GIN] 2025/09/17 - 16:09:16 | 200 |     178.375Âµs |       127.0.0.1 | GET      "/health"
[GIN] 2025/09/17 - 16:09:26 | 200 |     548.417Âµs |       127.0.0.1 | GET      "/health"
[GIN] 2025/09/17 - 16:09:36 | 200 |     701.333Âµs |       127.0.0.1 | GET      "/health"
[GIN] 2025/09/17 - 16:09:46 | 200 |     566.083Âµs |       127.0.0.1 | GET      "/health"
[GIN] 2025/09/17 - 16:09:56 | 200 |      538.25Âµs |       127.0.0.1 | GET      "/health"
[GIN] 2025/09/17 - 16:10:06 | 200 |         370Âµs |       127.0.0.1 | GET      "/health"
[GIN] 2025/09/17 - 16:10:16 | 200 |       2.168ms |       127.0.0.1 | GET      "/health"
[GIN] 2025/09/17 - 16:10:26 | 200 |     600.375Âµs |       127.0.0.1 | GET      "/health"
[GIN] 2025/09/17 - 16:10:36 | 200 |     545.542Âµs |       127.0.0.1 | GET      "/health"
[GIN] 2025/09/17 - 16:10:46 | 200 |         384Âµs |       127.0.0.1 | GET      "/health"
[GIN] 2025/09/17 - 16:10:56 | 200 |     513.084Âµs |       127.0.0.1 | GET      "/health"
[GIN] 2025/09/17 - 16:11:06 | 200 |     481.042Âµs |       127.0.0.1 | GET      "/health"
[GIN] 2025/09/17 - 16:11:16 | 200 |     708.292Âµs |       127.0.0.1 | GET      "/health"
[GIN] 2025/09/17 - 16:11:26 | 200 |     550.667Âµs |       127.0.0.1 | GET      "/health"
[GIN] 2025/09/17 - 16:11:36 | 200 |     322.209Âµs |       127.0.0.1 | GET      "/health"
[GIN] 2025/09/17 - 16:11:46 | 200 |     664.417Âµs |       127.0.0.1 | GET      "/health"
[GIN] 2025/09/17 - 16:11:56 | 200 |      239.25Âµs |       127.0.0.1 | GET      "/health"
[GIN] 2025/09/17 - 16:12:06 | 200 |     250.209Âµs |       127.0.0.1 | GET      "/health"
[GIN] 2025/09/17 - 16:12:16 | 200 |     978.958Âµs |       127.0.0.1 | GET      "/health"
[GIN] 2025/09/17 - 16:12:26 | 200 |     374.208Âµs |       127.0.0.1 | GET      "/health"
[GIN] 2025/09/17 - 16:12:36 | 200 |         310Âµs |       127.0.0.1 | GET      "/health"
[GIN] 2025/09/17 - 16:12:46 | 200 |     393.083Âµs |       127.0.0.1 | GET      "/health"
[GIN] 2025/09/17 - 16:12:56 | 200 |      322.25Âµs |       127.0.0.1 | GET      "/health"
[GIN] 2025/09/17 - 16:13:06 | 200 |     374.708Âµs |       127.0.0.1 | GET      "/health"
[GIN] 2025/09/17 - 16:13:16 | 200 |     387.042Âµs |       127.0.0.1 | GET      "/health"
[GIN] 2025/09/17 - 16:13:26 | 200 |     198.708Âµs |       127.0.0.1 | GET      "/health"
[GIN] 2025/09/17 - 16:13:36 | 200 |      184.75Âµs |       127.0.0.1 | GET      "/health"
[GIN] 2025/09/17 - 16:13:46 | 200 |     536.667Âµs |       127.0.0.1 | GET      "/health"
[GIN] 2025/09/17 - 16:13:56 | 200 |     511.167Âµs |       127.0.0.1 | GET      "/health"
[GIN] 2025/09/17 - 16:14:06 | 200 |     577.958Âµs |       127.0.0.1 | GET      "/health"
[GIN] 2025/09/17 - 16:14:16 | 200 |    1.400042ms |       127.0.0.1 | GET      "/health"
[GIN] 2025/09/17 - 16:14:26 | 200 |     318.708Âµs |       127.0.0.1 | GET      "/health"
[GIN] 2025/09/17 - 16:14:36 | 200 |     539.083Âµs |       127.0.0.1 | GET      "/health"
[GIN] 2025/09/17 - 16:14:46 | 200 |     411.041Âµs |       127.0.0.1 | GET      "/health"
[GIN] 2025/09/17 - 16:14:56 | 200 |     552.292Âµs |       127.0.0.1 | GET      "/health"
[GIN] 2025/09/17 - 16:15:06 | 200 |     573.417Âµs |       127.0.0.1 | GET      "/health"
[GIN] 2025/09/17 - 16:15:16 | 200 |     877.333Âµs |       127.0.0.1 | GET      "/health"
[GIN] 2025/09/17 - 16:15:26 | 200 |     191.458Âµs |       127.0.0.1 | GET      "/health"
[GIN] 2025/09/17 - 16:15:36 | 200 |     225.667Âµs |       127.0.0.1 | GET      "/health"
[GIN] 2025/09/17 - 16:15:46 | 200 |     278.583Âµs |       127.0.0.1 | GET      "/health"
[GIN] 2025/09/17 - 16:15:56 | 200 |     275.667Âµs |       127.0.0.1 | GET      "/health"
[GIN] 2025/09/17 - 16:16:06 | 200 |     573.625Âµs |       127.0.0.1 | GET      "/health"
[GIN] 2025/09/17 - 16:16:16 | 200 |     303.791Âµs |       127.0.0.1 | GET      "/health"
[GIN] 2025/09/17 - 16:16:26 | 200 |       174.5Âµs |       127.0.0.1 | GET      "/health"
[GIN] 2025/09/17 - 16:16:36 | 200 |      268.25Âµs |       127.0.0.1 | GET      "/health"
[GIN] 2025/09/17 - 16:16:46 | 200 |     327.541Âµs |       127.0.0.1 | GET      "/health"
[GIN] 2025/09/17 - 16:16:56 | 200 |     141.167Âµs |       127.0.0.1 | GET      "/health"
[GIN] 2025/09/17 - 16:17:06 | 200 |     359.041Âµs |       127.0.0.1 | GET      "/health"
[GIN] 2025/09/17 - 16:17:16 | 200 |     409.333Âµs |       127.0.0.1 | GET      "/health"
[GIN] 2025/09/17 - 16:17:26 | 200 |     259.875Âµs |       127.0.0.1 | GET      "/health"
[GIN] 2025/09/17 - 16:17:36 | 200 |     387.833Âµs |       127.0.0.1 | GET      "/health"
[GIN] 2025/09/17 - 16:17:46 | 200 |     360.458Âµs |       127.0.0.1 | GET      "/health"
[GIN] 2025/09/17 - 16:17:56 | 200 |     532.584Âµs |       127.0.0.1 | GET      "/health"
[GIN] 2025/09/17 - 16:18:06 | 200 |     447.542Âµs |       127.0.0.1 | GET      "/health"
[GIN] 2025/09/17 - 16:18:16 | 200 |       723.5Âµs |       127.0.0.1 | GET      "/health"
[GIN] 2025/09/17 - 16:18:26 | 200 |     589.958Âµs |       127.0.0.1 | GET      "/health"
[GIN] 2025/09/17 - 16:18:36 | 200 |     365.875Âµs |       127.0.0.1 | GET      "/health"
[GIN] 2025/09/17 - 16:18:46 | 200 |     385.541Âµs |       127.0.0.1 | GET      "/health"
[GIN] 2025/09/17 - 16:18:56 | 200 |     588.709Âµs |       127.0.0.1 | GET      "/health"
[GIN] 2025/09/17 - 16:19:06 | 200 |     371.334Âµs |       127.0.0.1 | GET      "/health"
[GIN] 2025/09/17 - 16:19:16 | 200 |     413.833Âµs |       127.0.0.1 | GET      "/health"
[GIN] 2025/09/17 - 16:19:26 | 200 |     220.542Âµs |       127.0.0.1 | GET      "/health"
[GIN] 2025/09/17 - 16:19:36 | 200 |     354.166Âµs |       127.0.0.1 | GET      "/health"
[GIN] 2025/09/17 - 16:19:46 | 200 |     341.584Âµs |       127.0.0.1 | GET      "/health"
[GIN] 2025/09/17 - 16:19:56 | 200 |     646.958Âµs |       127.0.0.1 | GET      "/health"
[GIN] 2025/09/17 - 16:20:06 | 200 |     182.542Âµs |       127.0.0.1 | GET      "/health"
[GIN] 2025/09/17 - 16:20:16 | 200 |     548.416Âµs |       127.0.0.1 | GET      "/health"
[GIN] 2025/09/17 - 16:20:26 | 200 |     456.333Âµs |       127.0.0.1 | GET      "/health"
[GIN] 2025/09/17 - 16:20:36 | 200 |     334.459Âµs |       127.0.0.1 | GET      "/health"
[GIN] 2025/09/17 - 16:20:46 | 200 |      599.25Âµs |       127.0.0.1 | GET      "/health"
[GIN] 2025/09/17 - 16:20:56 | 200 |     225.042Âµs |       127.0.0.1 | GET      "/health"
[GIN] 2025/09/17 - 16:21:06 | 200 |     220.125Âµs |       127.0.0.1 | GET      "/health"
[GIN] 2025/09/17 - 16:21:16 | 200 |     772.667Âµs |       127.0.0.1 | GET      "/health"
[GIN] 2025/09/17 - 16:21:26 | 200 |     537.292Âµs |       127.0.0.1 | GET      "/health"
[GIN] 2025/09/17 - 16:21:36 | 200 |     252.709Âµs |       127.0.0.1 | GET      "/health"
[GIN] 2025/09/17 - 16:21:46 | 200 |         194Âµs |       127.0.0.1 | GET      "/health"
[GIN] 2025/09/17 - 16:21:56 | 200 |     241.667Âµs |       127.0.0.1 | GET      "/health"
[GIN] 2025/09/17 - 16:22:06 | 200 |     269.167Âµs |       127.0.0.1 | GET      "/health"
[GIN] 2025/09/17 - 16:22:16 | 200 |     469.375Âµs |       127.0.0.1 | GET      "/health"
[GIN] 2025/09/17 - 16:22:26 | 200 |         206Âµs |       127.0.0.1 | GET      "/health"
[GIN] 2025/09/17 - 16:22:36 | 200 |       349.5Âµs |       127.0.0.1 | GET      "/health"
[GIN] 2025/09/17 - 16:22:46 | 200 |     212.875Âµs |       127.0.0.1 | GET      "/health"
[GIN] 2025/09/17 - 16:22:56 | 200 |     360.084Âµs |       127.0.0.1 | GET      "/health"
[GIN] 2025/09/17 - 16:23:06 | 200 |     451.833Âµs |       127.0.0.1 | GET      "/health"
[GIN] 2025/09/17 - 16:23:16 | 200 |     199.667Âµs |       127.0.0.1 | GET      "/health"
[GIN] 2025/09/17 - 16:23:26 | 200 |     489.584Âµs |       127.0.0.1 | GET      "/health"
[GIN] 2025/09/17 - 16:23:36 | 200 |     323.208Âµs |       127.0.0.1 | GET      "/health"
[GIN] 2025/09/17 - 16:23:46 | 200 |     211.375Âµs |       127.0.0.1 | GET      "/health"
[GIN] 2025/09/17 - 16:23:56 | 200 |     208.792Âµs |       127.0.0.1 | GET      "/health"
[GIN] 2025/09/17 - 16:24:06 | 200 |     397.125Âµs |       127.0.0.1 | GET      "/health"
[GIN] 2025/09/17 - 16:24:16 | 200 |     436.667Âµs |       127.0.0.1 | GET      "/health"
[GIN] 2025/09/17 - 16:24:26 | 200 |     291.167Âµs |       127.0.0.1 | GET      "/health"
[GIN] 2025/09/17 - 16:24:36 | 200 |     306.542Âµs |       127.0.0.1 | GET      "/health"
[GIN] 2025/09/17 - 16:24:46 | 200 |     435.584Âµs |       127.0.0.1 | GET      "/health"
[GIN] 2025/09/17 - 16:24:56 | 200 |     206.708Âµs |       127.0.0.1 | GET      "/health"
[GIN] 2025/09/17 - 16:25:06 | 200 |     184.459Âµs |       127.0.0.1 | GET      "/health"
[GIN] 2025/09/17 - 16:25:16 | 200 |     590.334Âµs |       127.0.0.1 | GET      "/health"
[GIN] 2025/09/17 - 16:25:26 | 200 |     237.584Âµs |       127.0.0.1 | GET      "/health"
[GIN] 2025/09/17 - 16:25:36 | 200 |     258.708Âµs |       127.0.0.1 | GET      "/health"
[GIN] 2025/09/17 - 16:25:46 | 200 |       315.5Âµs |       127.0.0.1 | GET      "/health"
[GIN] 2025/09/17 - 16:25:56 | 200 |     160.375Âµs |       127.0.0.1 | GET      "/health"
[GIN] 2025/09/17 - 16:26:06 | 200 |     303.583Âµs |       127.0.0.1 | GET      "/health"
[GIN] 2025/09/17 - 16:26:16 | 200 |     211.708Âµs |       127.0.0.1 | GET      "/health"
[GIN] 2025/09/17 - 16:26:26 | 200 |    1.556917ms |       127.0.0.1 | GET      "/health"
[GIN] 2025/09/17 - 16:26:36 | 200 |     573.042Âµs |       127.0.0.1 | GET      "/health"
[GIN] 2025/09/17 - 16:26:46 | 200 |     731.916Âµs |       127.0.0.1 | GET      "/health"
[GIN] 2025/09/17 - 16:26:56 | 200 |      151.25Âµs |       127.0.0.1 | GET      "/health"
[GIN] 2025/09/17 - 16:27:06 | 200 |     252.625Âµs |       127.0.0.1 | GET      "/health"
[GIN] 2025/09/17 - 16:27:16 | 200 |     543.334Âµs |       127.0.0.1 | GET      "/health"
[GIN] 2025/09/17 - 16:27:26 | 200 |     215.542Âµs |       127.0.0.1 | GET      "/health"
[GIN] 2025/09/17 - 16:27:36 | 200 |     348.041Âµs |       127.0.0.1 | GET      "/health"
[GIN] 2025/09/17 - 16:27:46 | 200 |     211.083Âµs |       127.0.0.1 | GET      "/health"
[GIN] 2025/09/17 - 16:27:56 | 200 |     236.584Âµs |       127.0.0.1 | GET      "/health"
[GIN] 2025/09/17 - 16:28:06 | 200 |     137.375Âµs |       127.0.0.1 | GET      "/health"
[GIN] 2025/09/17 - 16:28:16 | 200 |       1.062ms |       127.0.0.1 | GET      "/health"
[GIN] 2025/09/17 - 16:28:26 | 200 |     223.916Âµs |       127.0.0.1 | GET      "/health"
[GIN] 2025/09/17 - 16:28:36 | 200 |     374.708Âµs |       127.0.0.1 | GET      "/health"
[GIN] 2025/09/17 - 16:28:46 | 200 |     219.791Âµs |       127.0.0.1 | GET      "/health"
[GIN] 2025/09/17 - 16:28:56 | 200 |     188.917Âµs |       127.0.0.1 | GET      "/health"
[GIN] 2025/09/17 - 16:29:06 | 200 |     349.292Âµs |       127.0.0.1 | GET      "/health"
[GIN] 2025/09/17 - 16:29:16 | 200 |     482.208Âµs |       127.0.0.1 | GET      "/health"
[GIN] 2025/09/17 - 16:29:26 | 200 |     601.292Âµs |       127.0.0.1 | GET      "/health"
[GIN] 2025/09/17 - 16:29:36 | 200 |     307.417Âµs |       127.0.0.1 | GET      "/health"
[GIN] 2025/09/17 - 16:29:46 | 200 |     322.042Âµs |       127.0.0.1 | GET      "/health"
[GIN] 2025/09/17 - 16:29:56 | 200 |     513.916Âµs |       127.0.0.1 | GET      "/health"
[GIN] 2025/09/17 - 16:30:06 | 200 |     209.917Âµs |       127.0.0.1 | GET      "/health"
[GIN] 2025/09/17 - 16:30:16 | 200 |     563.208Âµs |       127.0.0.1 | GET      "/health"
[GIN] 2025/09/17 - 16:30:26 | 200 |     553.041Âµs |       127.0.0.1 | GET      "/health"
[GIN] 2025/09/17 - 16:30:36 | 200 |     327.125Âµs |       127.0.0.1 | GET      "/health"
[GIN] 2025/09/17 - 16:30:46 | 200 |     364.625Âµs |       127.0.0.1 | GET      "/health"
[GIN] 2025/09/17 - 16:30:56 | 200 |     481.375Âµs |       127.0.0.1 | GET      "/health"
[GIN] 2025/09/17 - 16:31:06 | 200 |     378.209Âµs |       127.0.0.1 | GET      "/health"
[GIN] 2025/09/17 - 16:31:16 | 200 |      590.25Âµs |       127.0.0.1 | GET      "/health"
[GIN] 2025/09/17 - 16:31:26 | 200 |     262.167Âµs |       127.0.0.1 | GET      "/health"
[GIN] 2025/09/17 - 16:31:36 | 200 |     189.166Âµs |       127.0.0.1 | GET      "/health"
[GIN] 2025/09/17 - 16:31:46 | 200 |     194.625Âµs |       127.0.0.1 | GET      "/health"
[GIN] 2025/09/17 - 16:31:56 | 200 |     187.459Âµs |       127.0.0.1 | GET      "/health"
[GIN] 2025/09/17 - 16:32:06 | 200 |     567.667Âµs |       127.0.0.1 | GET      "/health"
[GIN] 2025/09/17 - 16:32:16 | 200 |     415.584Âµs |       127.0.0.1 | GET      "/health"
[GIN] 2025/09/17 - 16:32:26 | 200 |     253.125Âµs |       127.0.0.1 | GET      "/health"
[GIN] 2025/09/17 - 16:32:36 | 200 |     611.292Âµs |       127.0.0.1 | GET      "/health"
[GIN] 2025/09/17 - 16:32:46 | 200 |      364.75Âµs |       127.0.0.1 | GET      "/health"
[GIN] 2025/09/17 - 16:32:56 | 200 |     336.333Âµs |       127.0.0.1 | GET      "/health"
[GIN] 2025/09/17 - 16:33:06 | 200 |     590.875Âµs |       127.0.0.1 | GET      "/health"
[GIN] 2025/09/17 - 16:33:16 | 200 |     640.417Âµs |       127.0.0.1 | GET      "/health"
[GIN] 2025/09/17 - 16:33:26 | 200 |     236.875Âµs |       127.0.0.1 | GET      "/health"
[GIN] 2025/09/17 - 16:33:36 | 200 |     226.167Âµs |       127.0.0.1 | GET      "/health"
[GIN] 2025/09/17 - 16:33:46 | 200 |     258.875Âµs |       127.0.0.1 | GET      "/health"
[GIN] 2025/09/17 - 16:33:56 | 200 |         424Âµs |       127.0.0.1 | GET      "/health"
[GIN] 2025/09/17 - 16:34:06 | 200 |     541.083Âµs |       127.0.0.1 | GET      "/health"
[GIN] 2025/09/17 - 16:34:16 | 200 |    1.783791ms |       127.0.0.1 | GET      "/health"
[GIN] 2025/09/17 - 16:34:26 | 200 |     355.041Âµs |       127.0.0.1 | GET      "/health"
[GIN] 2025/09/17 - 16:34:36 | 200 |     367.667Âµs |       127.0.0.1 | GET      "/health"
[GIN] 2025/09/17 - 16:34:46 | 200 |     431.875Âµs |       127.0.0.1 | GET      "/health"
[GIN] 2025/09/17 - 16:34:56 | 200 |      244.25Âµs |       127.0.0.1 | GET      "/health"
[GIN] 2025/09/17 - 16:35:06 | 200 |     280.959Âµs |       127.0.0.1 | GET      "/health"
[GIN] 2025/09/17 - 16:35:16 | 200 |      402.75Âµs |       127.0.0.1 | GET      "/health"
[GIN] 2025/09/17 - 16:35:26 | 200 |     478.875Âµs |       127.0.0.1 | GET      "/health"
[GIN] 2025/09/17 - 16:35:36 | 200 |     349.583Âµs |       127.0.0.1 | GET      "/health"
[GIN] 2025/09/17 - 16:35:46 | 200 |       614.5Âµs |       127.0.0.1 | GET      "/health"
[GIN] 2025/09/17 - 16:35:56 | 200 |     358.708Âµs |       127.0.0.1 | GET      "/health"
[GIN] 2025/09/17 - 16:36:06 | 200 |     507.708Âµs |       127.0.0.1 | GET      "/health"
[GIN] 2025/09/17 - 16:36:16 | 200 |     341.417Âµs |       127.0.0.1 | GET      "/health"
[GIN] 2025/09/17 - 16:36:26 | 200 |     353.709Âµs |       127.0.0.1 | GET      "/health"
[GIN] 2025/09/17 - 16:36:36 | 200 |     237.625Âµs |       127.0.0.1 | GET      "/health"
[GIN] 2025/09/17 - 16:36:46 | 200 |     446.542Âµs |       127.0.0.1 | GET      "/health"
[GIN] 2025/09/17 - 16:36:56 | 200 |         282Âµs |       127.0.0.1 | GET      "/health"
